1c1
< Using worker: worker-linux-docker-4ca5e7b5.prod.travis-ci.org:travis-linux-3
---
> Using worker: worker-linux-docker-30691eb9.prod.travis-ci.org:travis-linux-8
68c68
< travis_fold:start:git.checkout[0Ktravis_time:start:2bba12c0[0K$ git clone --depth=50 --branch=version4 https://github.com/owlcs/owlapi.git owlcs/owlapi
---
> travis_fold:start:git.checkout[0Ktravis_time:start:0403c308[0K$ git clone --depth=50 --branch=version4 https://github.com/owlcs/owlapi.git owlcs/owlapi
70,74c70,74
< remote: Counting objects: 3626, done.[K
< remote: Compressing objects:   0% (1/1954)   [Kremote: Compressing objects:   1% (20/1954)   [Kremote: Compressing objects:   2% (40/1954)   [Kremote: Compressing objects:   3% (59/1954)   [Kremote: Compressing objects:   4% (79/1954)   [Kremote: Compressing objects:   5% (98/1954)   [Kremote: Compressing objects:   6% (118/1954)   [Kremote: Compressing objects:   7% (137/1954)   [Kremote: Compressing objects:   8% (157/1954)   [Kremote: Compressing objects:   9% (176/1954)   [Kremote: Compressing objects:  10% (196/1954)   [Kremote: Compressing objects:  11% (215/1954)   [Kremote: Compressing objects:  12% (235/1954)   [Kremote: Compressing objects:  13% (255/1954)   [Kremote: Compressing objects:  14% (274/1954)   [Kremote: Compressing objects:  15% (294/1954)   [Kremote: Compressing objects:  16% (313/1954)   [Kremote: Compressing objects:  17% (333/1954)   [Kremote: Compressing objects:  18% (352/1954)   [Kremote: Compressing objects:  19% (372/1954)   [Kremote: Compressing objects:  20% (391/1954)   [Kremote: Compressing objects:  21% (411/1954)   [Kremote: Compressing objects:  22% (430/1954)   [Kremote: Compressing objects:  23% (450/1954)   [Kremote: Compressing objects:  24% (469/1954)   [Kremote: Compressing objects:  25% (489/1954)   [Kremote: Compressing objects:  26% (509/1954)   [Kremote: Compressing objects:  27% (528/1954)   [Kremote: Compressing objects:  28% (548/1954)   [Kremote: Compressing objects:  29% (567/1954)   [Kremote: Compressing objects:  30% (587/1954)   [Kremote: Compressing objects:  31% (606/1954)   [Kremote: Compressing objects:  32% (626/1954)   [Kremote: Compressing objects:  33% (645/1954)   [Kremote: Compressing objects:  34% (665/1954)   [Kremote: Compressing objects:  35% (684/1954)   [Kremote: Compressing objects:  36% (704/1954)   [Kremote: Compressing objects:  37% (723/1954)   [Kremote: Compressing objects:  38% (743/1954)   [Kremote: Compressing objects:  39% (763/1954)   [Kremote: Compressing objects:  40% (782/1954)   [Kremote: Compressing objects:  41% (802/1954)   [Kremote: Compressing objects:  42% (821/1954)   [Kremote: Compressing objects:  43% (841/1954)   [Kremote: Compressing objects:  44% (860/1954)   [Kremote: Compressing objects:  45% (880/1954)   [Kremote: Compressing objects:  46% (899/1954)   [Kremote: Compressing objects:  47% (919/1954)   [Kremote: Compressing objects:  48% (938/1954)   [Kremote: Compressing objects:  49% (958/1954)   [Kremote: Compressing objects:  50% (977/1954)   [Kremote: Compressing objects:  51% (997/1954)   [Kremote: Compressing objects:  52% (1017/1954)   [Kremote: Compressing objects:  53% (1036/1954)   [Kremote: Compressing objects:  54% (1056/1954)   [Kremote: Compressing objects:  55% (1075/1954)   [Kremote: Compressing objects:  56% (1095/1954)   [Kremote: Compressing objects:  57% (1114/1954)   [Kremote: Compressing objects:  58% (1134/1954)   [Kremote: Compressing objects:  59% (1153/1954)   [Kremote: Compressing objects:  60% (1173/1954)   [Kremote: Compressing objects:  61% (1192/1954)   [Kremote: Compressing objects:  62% (1212/1954)   [Kremote: Compressing objects:  63% (1232/1954)   [Kremote: Compressing objects:  64% (1251/1954)   [Kremote: Compressing objects:  65% (1271/1954)   [Kremote: Compressing objects:  66% (1290/1954)   [Kremote: Compressing objects:  67% (1310/1954)   [Kremote: Compressing objects:  68% (1329/1954)   [Kremote: Compressing objects:  69% (1349/1954)   [Kremote: Compressing objects:  70% (1368/1954)   [Kremote: Compressing objects:  71% (1388/1954)   [Kremote: Compressing objects:  72% (1407/1954)   [Kremote: Compressing objects:  73% (1427/1954)   [Kremote: Compressing objects:  74% (1446/1954)   [Kremote: Compressing objects:  75% (1466/1954)   [Kremote: Compressing objects:  76% (1486/1954)   [Kremote: Compressing objects:  77% (1505/1954)   [Kremote: Compressing objects:  78% (1525/1954)   [Kremote: Compressing objects:  79% (1544/1954)   [Kremote: Compressing objects:  80% (1564/1954)   [Kremote: Compressing objects:  81% (1583/1954)   [Kremote: Compressing objects:  82% (1603/1954)   [Kremote: Compressing objects:  83% (1622/1954)   [Kremote: Compressing objects:  84% (1642/1954)   [Kremote: Compressing objects:  85% (1661/1954)   [Kremote: Compressing objects:  86% (1681/1954)   [Kremote: Compressing objects:  87% (1700/1954)   [Kremote: Compressing objects:  88% (1720/1954)   [Kremote: Compressing objects:  89% (1740/1954)   [Kremote: Compressing objects:  90% (1759/1954)   [Kremote: Compressing objects:  91% (1779/1954)   [Kremote: Compressing objects:  92% (1798/1954)   [Kremote: Compressing objects:  93% (1818/1954)   [Kremote: Compressing objects:  94% (1837/1954)   [Kremote: Compressing objects:  95% (1857/1954)   [Kremote: Compressing objects:  96% (1876/1954)   [Kremote: Compressing objects:  97% (1896/1954)   [Kremote: Compressing objects:  98% (1915/1954)   [Kremote: Compressing objects:  99% (1935/1954)   [Kremote: Compressing objects: 100% (1954/1954)   [Kremote: Compressing objects: 100% (1954/1954), done.[K
< Receiving objects:   0% (1/3626)   Receiving objects:   1% (37/3626)   Receiving objects:   2% (73/3626)   Receiving objects:   3% (109/3626)   Receiving objects:   4% (146/3626)   Receiving objects:   5% (182/3626)   Receiving objects:   6% (218/3626)   Receiving objects:   7% (254/3626)   Receiving objects:   8% (291/3626)   Receiving objects:   9% (327/3626)   Receiving objects:  10% (363/3626)   Receiving objects:  11% (399/3626)   Receiving objects:  12% (436/3626)   Receiving objects:  13% (472/3626)   Receiving objects:  14% (508/3626)   Receiving objects:  15% (544/3626)   Receiving objects:  16% (581/3626)   Receiving objects:  17% (617/3626)   Receiving objects:  18% (653/3626)   Receiving objects:  19% (689/3626)   Receiving objects:  20% (726/3626)   Receiving objects:  21% (762/3626)   Receiving objects:  22% (798/3626)   Receiving objects:  23% (834/3626)   Receiving objects:  24% (871/3626)   Receiving objects:  25% (907/3626)   Receiving objects:  26% (943/3626)   Receiving objects:  27% (980/3626)   Receiving objects:  28% (1016/3626)   Receiving objects:  29% (1052/3626)   Receiving objects:  30% (1088/3626)   Receiving objects:  31% (1125/3626)   Receiving objects:  32% (1161/3626)   Receiving objects:  33% (1197/3626)   Receiving objects:  34% (1233/3626)   Receiving objects:  35% (1270/3626)   Receiving objects:  36% (1306/3626)   Receiving objects:  37% (1342/3626)   Receiving objects:  38% (1378/3626)   Receiving objects:  39% (1415/3626)   Receiving objects:  40% (1451/3626)   Receiving objects:  41% (1487/3626)   Receiving objects:  42% (1523/3626)   Receiving objects:  43% (1560/3626)   Receiving objects:  44% (1596/3626)   Receiving objects:  45% (1632/3626)   Receiving objects:  46% (1668/3626)   Receiving objects:  47% (1705/3626)   Receiving objects:  48% (1741/3626)   Receiving objects:  49% (1777/3626)   Receiving objects:  50% (1813/3626)   Receiving objects:  51% (1850/3626)   Receiving objects:  52% (1886/3626)   Receiving objects:  53% (1922/3626)   Receiving objects:  54% (1959/3626)   Receiving objects:  55% (1995/3626)   Receiving objects:  56% (2031/3626)   Receiving objects:  57% (2067/3626)   Receiving objects:  58% (2104/3626)   Receiving objects:  59% (2140/3626)   Receiving objects:  60% (2176/3626)   Receiving objects:  61% (2212/3626)   Receiving objects:  62% (2249/3626)   Receiving objects:  63% (2285/3626)   Receiving objects:  64% (2321/3626)   Receiving objects:  65% (2357/3626)   Receiving objects:  66% (2394/3626)   Receiving objects:  67% (2430/3626)   Receiving objects:  68% (2466/3626)   Receiving objects:  69% (2502/3626)   Receiving objects:  70% (2539/3626)   Receiving objects:  71% (2575/3626)   Receiving objects:  72% (2611/3626)   Receiving objects:  73% (2647/3626)   Receiving objects:  74% (2684/3626)   Receiving objects:  75% (2720/3626)   Receiving objects:  76% (2756/3626)   Receiving objects:  77% (2793/3626)   Receiving objects:  78% (2829/3626)   Receiving objects:  79% (2865/3626)   Receiving objects:  80% (2901/3626)   Receiving objects:  81% (2938/3626)   Receiving objects:  82% (2974/3626)   Receiving objects:  83% (3010/3626)   remote: Total 3626 (delta 2040), reused 2404 (delta 1270), pack-reused 0[K
< Receiving objects:  84% (3046/3626)   Receiving objects:  85% (3083/3626)   Receiving objects:  86% (3119/3626)   Receiving objects:  87% (3155/3626)   Receiving objects:  88% (3191/3626)   Receiving objects:  89% (3228/3626)   Receiving objects:  90% (3264/3626)   Receiving objects:  91% (3300/3626)   Receiving objects:  92% (3336/3626)   Receiving objects:  93% (3373/3626)   Receiving objects:  94% (3409/3626)   Receiving objects:  95% (3445/3626)   Receiving objects:  96% (3481/3626)   Receiving objects:  97% (3518/3626)   Receiving objects:  98% (3554/3626)   Receiving objects:  99% (3590/3626)   Receiving objects: 100% (3626/3626)   Receiving objects: 100% (3626/3626), 2.16 MiB | 0 bytes/s, done.
< Resolving deltas:   0% (0/2040)   Resolving deltas:   1% (21/2040)   Resolving deltas:   3% (79/2040)   Resolving deltas:   4% (97/2040)   Resolving deltas:   8% (176/2040)   Resolving deltas:  10% (214/2040)   Resolving deltas:  11% (226/2040)   Resolving deltas:  12% (249/2040)   Resolving deltas:  14% (302/2040)   Resolving deltas:  15% (314/2040)   Resolving deltas:  16% (327/2040)   Resolving deltas:  17% (357/2040)   Resolving deltas:  20% (423/2040)   Resolving deltas:  22% (459/2040)   Resolving deltas:  23% (474/2040)   Resolving deltas:  24% (504/2040)   Resolving deltas:  26% (532/2040)   Resolving deltas:  27% (557/2040)   Resolving deltas:  28% (586/2040)   Resolving deltas:  32% (655/2040)   Resolving deltas:  33% (681/2040)   Resolving deltas:  34% (700/2040)   Resolving deltas:  35% (717/2040)   Resolving deltas:  36% (735/2040)   Resolving deltas:  37% (759/2040)   Resolving deltas:  38% (790/2040)   Resolving deltas:  39% (799/2040)   Resolving deltas:  40% (828/2040)   Resolving deltas:  43% (881/2040)   Resolving deltas:  44% (899/2040)   Resolving deltas:  45% (924/2040)   Resolving deltas:  46% (945/2040)   Resolving deltas:  47% (960/2040)   Resolving deltas:  48% (995/2040)   Resolving deltas:  49% (1001/2040)   Resolving deltas:  50% (1022/2040)   Resolving deltas:  51% (1041/2040)   Resolving deltas:  52% (1063/2040)   Resolving deltas:  53% (1082/2040)   Resolving deltas:  54% (1108/2040)   Resolving deltas:  55% (1124/2040)   Resolving deltas:  56% (1156/2040)   Resolving deltas:  57% (1163/2040)   Resolving deltas:  58% (1198/2040)   Resolving deltas:  61% (1250/2040)   Resolving deltas:  62% (1266/2040)   Resolving deltas:  63% (1287/2040)   Resolving deltas:  64% (1309/2040)   Resolving deltas:  65% (1326/2040)   Resolving deltas:  66% (1349/2040)   Resolving deltas:  68% (1391/2040)   Resolving deltas:  69% (1423/2040)   Resolving deltas:  70% (1431/2040)   Resolving deltas:  73% (1494/2040)   Resolving deltas:  75% (1530/2040)   Resolving deltas:  77% (1582/2040)   Resolving deltas:  78% (1605/2040)   Resolving deltas:  79% (1627/2040)   Resolving deltas:  80% (1637/2040)   Resolving deltas:  81% (1655/2040)   Resolving deltas:  82% (1673/2040)   Resolving deltas:  83% (1694/2040)   Resolving deltas:  84% (1714/2040)   Resolving deltas:  85% (1735/2040)   Resolving deltas:  86% (1764/2040)   Resolving deltas:  87% (1782/2040)   Resolving deltas:  88% (1808/2040)   Resolving deltas:  89% (1816/2040)   Resolving deltas:  90% (1836/2040)   Resolving deltas:  91% (1860/2040)   Resolving deltas:  92% (1877/2040)   Resolving deltas:  93% (1907/2040)   Resolving deltas:  94% (1921/2040)   Resolving deltas:  95% (1943/2040)   Resolving deltas:  96% (1961/2040)   Resolving deltas:  97% (1979/2040)   Resolving deltas:  98% (2013/2040)   Resolving deltas:  99% (2023/2040)   Resolving deltas: 100% (2040/2040)   Resolving deltas: 100% (2040/2040), done.
---
> remote: Counting objects: 3616, done.[K
> remote: Compressing objects:   0% (1/1952)   [Kremote: Compressing objects:   1% (20/1952)   [Kremote: Compressing objects:   2% (40/1952)   [Kremote: Compressing objects:   3% (59/1952)   [Kremote: Compressing objects:   4% (79/1952)   [Kremote: Compressing objects:   5% (98/1952)   [Kremote: Compressing objects:   6% (118/1952)   [Kremote: Compressing objects:   7% (137/1952)   [Kremote: Compressing objects:   8% (157/1952)   [Kremote: Compressing objects:   9% (176/1952)   [Kremote: Compressing objects:  10% (196/1952)   [Kremote: Compressing objects:  11% (215/1952)   [Kremote: Compressing objects:  12% (235/1952)   [Kremote: Compressing objects:  13% (254/1952)   [Kremote: Compressing objects:  14% (274/1952)   [Kremote: Compressing objects:  15% (293/1952)   [Kremote: Compressing objects:  16% (313/1952)   [Kremote: Compressing objects:  17% (332/1952)   [Kremote: Compressing objects:  18% (352/1952)   [Kremote: Compressing objects:  19% (371/1952)   [Kremote: Compressing objects:  20% (391/1952)   [Kremote: Compressing objects:  21% (410/1952)   [Kremote: Compressing objects:  22% (430/1952)   [Kremote: Compressing objects:  23% (449/1952)   [Kremote: Compressing objects:  24% (469/1952)   [Kremote: Compressing objects:  25% (488/1952)   [Kremote: Compressing objects:  26% (508/1952)   [Kremote: Compressing objects:  27% (528/1952)   [Kremote: Compressing objects:  28% (547/1952)   [Kremote: Compressing objects:  29% (567/1952)   [Kremote: Compressing objects:  30% (586/1952)   [Kremote: Compressing objects:  31% (606/1952)   [Kremote: Compressing objects:  32% (625/1952)   [Kremote: Compressing objects:  33% (645/1952)   [Kremote: Compressing objects:  34% (664/1952)   [Kremote: Compressing objects:  35% (684/1952)   [Kremote: Compressing objects:  36% (703/1952)   [Kremote: Compressing objects:  37% (723/1952)   [Kremote: Compressing objects:  38% (742/1952)   [Kremote: Compressing objects:  39% (762/1952)   [Kremote: Compressing objects:  40% (781/1952)   [Kremote: Compressing objects:  41% (801/1952)   [Kremote: Compressing objects:  42% (820/1952)   [Kremote: Compressing objects:  43% (840/1952)   [Kremote: Compressing objects:  44% (859/1952)   [Kremote: Compressing objects:  45% (879/1952)   [Kremote: Compressing objects:  46% (898/1952)   [Kremote: Compressing objects:  47% (918/1952)   [Kremote: Compressing objects:  48% (937/1952)   [Kremote: Compressing objects:  49% (957/1952)   [Kremote: Compressing objects:  50% (976/1952)   [Kremote: Compressing objects:  51% (996/1952)   [Kremote: Compressing objects:  52% (1016/1952)   [Kremote: Compressing objects:  53% (1035/1952)   [Kremote: Compressing objects:  54% (1055/1952)   [Kremote: Compressing objects:  55% (1074/1952)   [Kremote: Compressing objects:  56% (1094/1952)   [Kremote: Compressing objects:  57% (1113/1952)   [Kremote: Compressing objects:  58% (1133/1952)   [Kremote: Compressing objects:  59% (1152/1952)   [Kremote: Compressing objects:  60% (1172/1952)   [Kremote: Compressing objects:  61% (1191/1952)   [Kremote: Compressing objects:  62% (1211/1952)   [Kremote: Compressing objects:  63% (1230/1952)   [Kremote: Compressing objects:  64% (1250/1952)   [Kremote: Compressing objects:  65% (1269/1952)   [Kremote: Compressing objects:  66% (1289/1952)   [Kremote: Compressing objects:  67% (1308/1952)   [Kremote: Compressing objects:  68% (1328/1952)   [Kremote: Compressing objects:  69% (1347/1952)   [Kremote: Compressing objects:  70% (1367/1952)   [Kremote: Compressing objects:  71% (1386/1952)   [Kremote: Compressing objects:  72% (1406/1952)   [Kremote: Compressing objects:  73% (1425/1952)   [Kremote: Compressing objects:  74% (1445/1952)   [Kremote: Compressing objects:  75% (1464/1952)   [Kremote: Compressing objects:  76% (1484/1952)   [Kremote: Compressing objects:  77% (1504/1952)   [Kremote: Compressing objects:  78% (1523/1952)   [Kremote: Compressing objects:  79% (1543/1952)   [Kremote: Compressing objects:  80% (1562/1952)   [Kremote: Compressing objects:  81% (1582/1952)   [Kremote: Compressing objects:  82% (1601/1952)   [Kremote: Compressing objects:  83% (1621/1952)   [Kremote: Compressing objects:  84% (1640/1952)   [Kremote: Compressing objects:  85% (1660/1952)   [Kremote: Compressing objects:  86% (1679/1952)   [Kremote: Compressing objects:  87% (1699/1952)   [Kremote: Compressing objects:  88% (1718/1952)   [Kremote: Compressing objects:  89% (1738/1952)   [Kremote: Compressing objects:  90% (1757/1952)   [Kremote: Compressing objects:  91% (1777/1952)   [Kremote: Compressing objects:  92% (1796/1952)   [Kremote: Compressing objects:  93% (1816/1952)   [Kremote: Compressing objects:  94% (1835/1952)   [Kremote: Compressing objects:  95% (1855/1952)   [Kremote: Compressing objects:  96% (1874/1952)   [Kremote: Compressing objects:  97% (1894/1952)   [Kremote: Compressing objects:  98% (1913/1952)   [Kremote: Compressing objects:  99% (1933/1952)   [Kremote: Compressing objects: 100% (1952/1952)   [Kremote: Compressing objects: 100% (1952/1952), done.[K
> Receiving objects:   0% (1/3616)   Receiving objects:   1% (37/3616)   Receiving objects:   2% (73/3616)   Receiving objects:   3% (109/3616)   Receiving objects:   4% (145/3616)   Receiving objects:   5% (181/3616)   Receiving objects:   6% (217/3616)   Receiving objects:   7% (254/3616)   Receiving objects:   8% (290/3616)   Receiving objects:   9% (326/3616)   Receiving objects:  10% (362/3616)   Receiving objects:  11% (398/3616)   Receiving objects:  12% (434/3616)   Receiving objects:  13% (471/3616)   Receiving objects:  14% (507/3616)   Receiving objects:  15% (543/3616)   Receiving objects:  16% (579/3616)   Receiving objects:  17% (615/3616)   Receiving objects:  18% (651/3616)   Receiving objects:  19% (688/3616)   Receiving objects:  20% (724/3616)   Receiving objects:  21% (760/3616)   Receiving objects:  22% (796/3616)   Receiving objects:  23% (832/3616)   Receiving objects:  24% (868/3616)   Receiving objects:  25% (904/3616)   Receiving objects:  26% (941/3616)   Receiving objects:  27% (977/3616)   Receiving objects:  28% (1013/3616)   Receiving objects:  29% (1049/3616)   Receiving objects:  30% (1085/3616)   Receiving objects:  31% (1121/3616)   Receiving objects:  32% (1158/3616)   Receiving objects:  33% (1194/3616)   Receiving objects:  34% (1230/3616)   Receiving objects:  35% (1266/3616)   Receiving objects:  36% (1302/3616)   Receiving objects:  37% (1338/3616)   Receiving objects:  38% (1375/3616)   Receiving objects:  39% (1411/3616)   Receiving objects:  40% (1447/3616)   Receiving objects:  41% (1483/3616)   Receiving objects:  42% (1519/3616)   Receiving objects:  43% (1555/3616)   Receiving objects:  44% (1592/3616)   Receiving objects:  45% (1628/3616)   Receiving objects:  46% (1664/3616)   Receiving objects:  47% (1700/3616)   Receiving objects:  48% (1736/3616)   Receiving objects:  49% (1772/3616)   Receiving objects:  50% (1808/3616)   Receiving objects:  51% (1845/3616)   Receiving objects:  52% (1881/3616)   Receiving objects:  53% (1917/3616)   Receiving objects:  54% (1953/3616)   Receiving objects:  55% (1989/3616)   Receiving objects:  56% (2025/3616)   Receiving objects:  57% (2062/3616)   Receiving objects:  58% (2098/3616)   Receiving objects:  59% (2134/3616)   Receiving objects:  60% (2170/3616)   Receiving objects:  61% (2206/3616)   Receiving objects:  62% (2242/3616)   Receiving objects:  63% (2279/3616)   Receiving objects:  64% (2315/3616)   Receiving objects:  65% (2351/3616)   Receiving objects:  66% (2387/3616)   Receiving objects:  67% (2423/3616)   Receiving objects:  68% (2459/3616)   Receiving objects:  69% (2496/3616)   Receiving objects:  70% (2532/3616)   Receiving objects:  71% (2568/3616)   Receiving objects:  72% (2604/3616)   Receiving objects:  73% (2640/3616)   Receiving objects:  74% (2676/3616)   Receiving objects:  75% (2712/3616)   Receiving objects:  76% (2749/3616)   Receiving objects:  77% (2785/3616)   Receiving objects:  78% (2821/3616)   Receiving objects:  79% (2857/3616)   remote: Total 3616 (delta 2036), reused 2392 (delta 1265), pack-reused 0[K
> Receiving objects:  80% (2893/3616)   Receiving objects:  81% (2929/3616)   Receiving objects:  82% (2966/3616)   Receiving objects:  83% (3002/3616)   Receiving objects:  84% (3038/3616)   Receiving objects:  85% (3074/3616)   Receiving objects:  86% (3110/3616)   Receiving objects:  87% (3146/3616)   Receiving objects:  88% (3183/3616)   Receiving objects:  89% (3219/3616)   Receiving objects:  90% (3255/3616)   Receiving objects:  91% (3291/3616)   Receiving objects:  92% (3327/3616)   Receiving objects:  93% (3363/3616)   Receiving objects:  94% (3400/3616)   Receiving objects:  95% (3436/3616)   Receiving objects:  96% (3472/3616)   Receiving objects:  97% (3508/3616)   Receiving objects:  98% (3544/3616)   Receiving objects:  99% (3580/3616)   Receiving objects: 100% (3616/3616)   Receiving objects: 100% (3616/3616), 2.16 MiB | 0 bytes/s, done.
> Resolving deltas:   0% (0/2036)   Resolving deltas:   1% (30/2036)   Resolving deltas:   5% (113/2036)   Resolving deltas:   7% (154/2036)   Resolving deltas:   8% (175/2036)   Resolving deltas:  11% (232/2036)   Resolving deltas:  12% (249/2036)   Resolving deltas:  13% (281/2036)   Resolving deltas:  14% (293/2036)   Resolving deltas:  18% (369/2036)   Resolving deltas:  19% (396/2036)   Resolving deltas:  20% (409/2036)   Resolving deltas:  22% (463/2036)   Resolving deltas:  23% (485/2036)   Resolving deltas:  24% (500/2036)   Resolving deltas:  25% (512/2036)   Resolving deltas:  26% (542/2036)   Resolving deltas:  28% (588/2036)   Resolving deltas:  29% (591/2036)   Resolving deltas:  30% (625/2036)   Resolving deltas:  31% (643/2036)   Resolving deltas:  34% (703/2036)   Resolving deltas:  35% (718/2036)   Resolving deltas:  36% (733/2036)   Resolving deltas:  37% (761/2036)   Resolving deltas:  39% (796/2036)   Resolving deltas:  40% (822/2036)   Resolving deltas:  41% (852/2036)   Resolving deltas:  42% (874/2036)   Resolving deltas:  43% (879/2036)   Resolving deltas:  44% (902/2036)   Resolving deltas:  45% (921/2036)   Resolving deltas:  46% (939/2036)   Resolving deltas:  47% (960/2036)   Resolving deltas:  48% (981/2036)   Resolving deltas:  49% (998/2036)   Resolving deltas:  51% (1040/2036)   Resolving deltas:  52% (1063/2036)   Resolving deltas:  53% (1083/2036)   Resolving deltas:  54% (1106/2036)   Resolving deltas:  55% (1122/2036)   Resolving deltas:  56% (1152/2036)   Resolving deltas:  57% (1169/2036)   Resolving deltas:  60% (1223/2036)   Resolving deltas:  61% (1248/2036)   Resolving deltas:  62% (1269/2036)   Resolving deltas:  63% (1287/2036)   Resolving deltas:  64% (1305/2036)   Resolving deltas:  65% (1325/2036)   Resolving deltas:  66% (1344/2036)   Resolving deltas:  67% (1376/2036)   Resolving deltas:  68% (1395/2036)   Resolving deltas:  69% (1405/2036)   Resolving deltas:  70% (1428/2036)   Resolving deltas:  71% (1446/2036)   Resolving deltas:  72% (1473/2036)   Resolving deltas:  76% (1559/2036)   Resolving deltas:  77% (1572/2036)   Resolving deltas:  78% (1591/2036)   Resolving deltas:  80% (1631/2036)   Resolving deltas:  81% (1650/2036)   Resolving deltas:  82% (1673/2036)   Resolving deltas:  83% (1690/2036)   Resolving deltas:  84% (1721/2036)   Resolving deltas:  85% (1731/2036)   Resolving deltas:  86% (1751/2036)   Resolving deltas:  87% (1782/2036)   Resolving deltas:  88% (1792/2036)   Resolving deltas:  89% (1814/2036)   Resolving deltas:  90% (1833/2036)   Resolving deltas:  91% (1857/2036)   Resolving deltas:  92% (1875/2036)   Resolving deltas:  93% (1894/2036)   Resolving deltas:  94% (1915/2036)   Resolving deltas:  95% (1942/2036)   Resolving deltas:  96% (1956/2036)   Resolving deltas:  97% (1975/2036)   Resolving deltas:  98% (1996/2036)   Resolving deltas:  99% (2017/2036)   Resolving deltas: 100% (2036/2036)   Resolving deltas: 100% (2036/2036), done.
77,78c77,78
< travis_time:end:2bba12c0:start=1453967672723546804,finish=1453967673974707961,duration=1251161157[0K$ cd owlcs/owlapi
< $ git checkout -qf a0e607f76ea54e0a2fce22e5df7a3decf8399b5a
---
> travis_time:end:0403c308:start=1453968601391256496,finish=1453968604715874149,duration=3324617653[0K$ cd owlcs/owlapi
> $ git checkout -qf db247696b0c272d7dcb2fe8ade098a5a19c56cc7
85c85
< travis_time:start:03400520[0K$ Installing caching utilities
---
> travis_time:start:087174c1[0K$ Installing caching utilities
87,88c87,88
< travis_time:end:03400520:start=1453967675799368628,finish=1453967675849462132,duration=50093504[0Ktravis_time:start:046cecde[0K
< travis_time:end:046cecde:start=1453967675853643838,finish=1453967675856486601,duration=2842763[0Ktravis_time:start:01fca6ae[0K[32;1mattempting to download cache archive[0m
---
> travis_time:end:087174c1:start=1453968606544689213,finish=1453968606621672423,duration=76983210[0Ktravis_time:start:16d34e54[0K
> travis_time:end:16d34e54:start=1453968606626359194,finish=1453968606629469167,duration=3109973[0Ktravis_time:start:0aec890c[0K[32;1mattempting to download cache archive[0m
92,93c92,93
< travis_time:end:01fca6ae:start=1453967675859883285,finish=1453967680560506321,duration=4700623036[0Ktravis_time:start:3bcda9e0[0K
< travis_time:end:3bcda9e0:start=1453967680564232177,finish=1453967680567368511,duration=3136334[0Ktravis_time:start:06813687[0K[32;1madding /home/travis/.m2 to cache[0m
---
> travis_time:end:0aec890c:start=1453968606633100730,finish=1453968612832810052,duration=6199709322[0Ktravis_time:start:052c2baf[0K
> travis_time:end:052c2baf:start=1453968612836701240,finish=1453968612840213813,duration=3512573[0Ktravis_time:start:182dec0a[0K[32;1madding /home/travis/.m2 to cache[0m
95c95
< travis_time:end:06813687:start=1453967680570940468,finish=1453967684656931100,duration=4085990632[0Ktravis_fold:end:cache.1[0K$ jdk_switcher use oraclejdk7
---
> travis_time:end:182dec0a:start=1453968612844258491,finish=1453968616981560881,duration=4137302390[0Ktravis_fold:end:cache.1[0K$ jdk_switcher use oraclejdk7
103c103
< travis_fold:start:install[0Ktravis_time:start:157bb494[0K$ mvn install -DskipTests=true -Dmaven.javadoc.skip=true -B -V
---
> travis_fold:start:install[0Ktravis_time:start:0af90cd6[0K$ mvn install -DskipTests=true -Dmaven.javadoc.skip=true -B -V
587,956d586
< [INFO] -------------------------------------------------------------
< [ERROR] COMPILATION ERROR : 
< [INFO] -------------------------------------------------------------
< [ERROR] /home/travis/build/owlcs/owlapi/contract/src/test/java/org/semanticweb/owlapi/api/test/literals/TypedLiteralsTestCase.java:[61,50] error: cannot find symbol
< [INFO] 1 error
< [INFO] -------------------------------------------------------------
< [INFO] ------------------------------------------------------------------------
< [INFO] Reactor Summary:
< [INFO] 
< [INFO] OWLAPI ............................................. SUCCESS [  2.369 s]
< [INFO] OWLAPI Model Interfaces and utilities .............. SUCCESS [ 13.065 s]
< [INFO] OWLAPI Default Implementation ...................... SUCCESS [  8.284 s]
< [INFO] tools .............................................. SUCCESS [  2.639 s]
< [INFO] parsers ............................................ SUCCESS [  8.400 s]
< [INFO] oboformat parser ................................... SUCCESS [  3.883 s]
< [INFO] OWLAPITOOLS OWL profile and fixers ................. SUCCESS [  2.404 s]
< [INFO] OWLAPI :: Sesame Rio module ........................ SUCCESS [  1.639 s]
< [INFO] OWLAPI Binding and Config .......................... SUCCESS [  1.127 s]
< [INFO] compatibility ...................................... SUCCESS [  2.628 s]
< [INFO] tests and tutorials ................................ FAILURE [  6.121 s]
< [INFO] OWLAPI Distribution ................................ SKIPPED
< [INFO] OWLAPI OSGi and Compatibility Distribution ......... SKIPPED
< [INFO] ------------------------------------------------------------------------
< [INFO] BUILD FAILURE
< [INFO] ------------------------------------------------------------------------
< [INFO] Total time: 54.830 s
< [INFO] Finished at: 2016-01-28T07:55:42+00:00
< [INFO] Final Memory: 102M/450M
< [INFO] ------------------------------------------------------------------------
< [ERROR] Failed to execute goal org.apache.maven.plugins:maven-compiler-plugin:2.3.2:testCompile (default-testCompile) on project owlapi-contract: Compilation failure
< [ERROR] /home/travis/build/owlcs/owlapi/contract/src/test/java/org/semanticweb/owlapi/api/test/literals/TypedLiteralsTestCase.java:[61,50] error: cannot find symbol
< [ERROR] -> [Help 1]
< [ERROR] 
< [ERROR] To see the full stack trace of the errors, re-run Maven with the -e switch.
< [ERROR] Re-run Maven using the -X switch to enable full debug logging.
< [ERROR] 
< [ERROR] For more information about the errors and possible solutions, please read the following articles:
< [ERROR] [Help 1] http://cwiki.apache.org/confluence/display/MAVEN/MojoFailureException
< [ERROR] 
< [ERROR] After correcting the problems, you can resume the build with the command
< [ERROR]   mvn <goals> -rf :owlapi-contract
< 
< [31;1mThe command "eval mvn install -DskipTests=true -Dmaven.javadoc.skip=true -B -V" failed. Retrying, 2 of 3.[0m
< 
< Apache Maven 3.2.5 (12a6b3acb947671f09b81f49094c53f426d8cea1; 2014-12-14T17:29:23+00:00)
< Maven home: /usr/local/maven
< Java version: 1.7.0_76, vendor: Oracle Corporation
< Java home: /usr/lib/jvm/java-7-oracle/jre
< Default locale: en_US, platform encoding: UTF-8
< OS name: "linux", version: "3.13.0-40-generic", arch: "amd64", family: "unix"
< [INFO] Scanning for projects...
< [INFO] Inspecting build with total of 13 modules...
< [INFO] Installing Nexus Staging features:
< [INFO]   ... total of 13 executions of maven-deploy-plugin replaced with nexus-staging-maven-plugin
< [INFO] ------------------------------------------------------------------------
< [INFO] Reactor Build Order:
< [INFO] 
< [INFO] OWLAPI
< [INFO] OWLAPI Model Interfaces and utilities
< [INFO] OWLAPI Default Implementation
< [INFO] tools
< [INFO] parsers
< [INFO] oboformat parser
< [INFO] OWLAPITOOLS OWL profile and fixers
< [INFO] OWLAPI :: Sesame Rio module
< [INFO] OWLAPI Binding and Config
< [INFO] compatibility
< [INFO] tests and tutorials
< [INFO] OWLAPI Distribution
< [INFO] OWLAPI OSGi and Compatibility Distribution
< [INFO]                                                                         
< [INFO] ------------------------------------------------------------------------
< [INFO] Building OWLAPI 4.1.4-SNAPSHOT
< [INFO] ------------------------------------------------------------------------
< [INFO] 
< [INFO] --- maven-enforcer-plugin:1.0:enforce (enforce-maven) @ owlapi-parent ---
< [INFO] 
< [INFO] --- animal-sniffer-maven-plugin:1.13:check (default) @ owlapi-parent ---
< [INFO] Checking unresolved references to org.codehaus.mojo.signature:java17:1.0
< [INFO] 
< [INFO] >>> maven-source-plugin:2.2.1:jar (attach-sources) > generate-sources @ owlapi-parent >>>
< [INFO] 
< [INFO] --- maven-enforcer-plugin:1.0:enforce (enforce-maven) @ owlapi-parent ---
< [INFO] 
< [INFO] <<< maven-source-plugin:2.2.1:jar (attach-sources) < generate-sources @ owlapi-parent <<<
< [INFO] 
< [INFO] --- maven-source-plugin:2.2.1:jar (attach-sources) @ owlapi-parent ---
< [INFO] 
< [INFO] --- maven-javadoc-plugin:2.8.1:jar (attach-javadocs) @ owlapi-parent ---
< [INFO] Skipping javadoc generation
< [INFO] 
< [INFO] --- maven-install-plugin:2.4:install (default-install) @ owlapi-parent ---
< [INFO] Installing /home/travis/build/owlcs/owlapi/pom.xml to /home/travis/.m2/repository/net/sourceforge/owlapi/owlapi-parent/4.1.4-SNAPSHOT/owlapi-parent-4.1.4-SNAPSHOT.pom
< [INFO]                                                                         
< [INFO] ------------------------------------------------------------------------
< [INFO] Building OWLAPI Model Interfaces and utilities 4.1.4-SNAPSHOT
< [INFO] ------------------------------------------------------------------------
< [INFO] 
< [INFO] --- maven-enforcer-plugin:1.0:enforce (enforce-maven) @ owlapi-api ---
< [INFO] 
< [INFO] --- maven-resources-plugin:2.6:resources (default-resources) @ owlapi-api ---
< [INFO] Using 'UTF-8' encoding to copy filtered resources.
< [INFO] skip non existing resourceDirectory /home/travis/build/owlcs/owlapi/api/src/main/resources
< [INFO] 
< [INFO] --- maven-compiler-plugin:2.3.2:compile (default-compile) @ owlapi-api ---
< [INFO] Compiling 10 source files to /home/travis/build/owlcs/owlapi/api/target/classes
< [INFO] 
< [INFO] --- maven-resources-plugin:2.6:testResources (default-testResources) @ owlapi-api ---
< [INFO] Using 'UTF-8' encoding to copy filtered resources.
< [INFO] Copying 1 resource
< [INFO] 
< [INFO] --- maven-compiler-plugin:2.3.2:testCompile (default-testCompile) @ owlapi-api ---
< [INFO] Nothing to compile - all classes are up to date
< [INFO] 
< [INFO] --- maven-surefire-plugin:2.18.1:test (default-test) @ owlapi-api ---
< [INFO] Tests are skipped.
< [INFO] 
< [INFO] --- animal-sniffer-maven-plugin:1.13:check (default) @ owlapi-api ---
< [INFO] Checking unresolved references to org.codehaus.mojo.signature:java17:1.0
< [INFO] 
< [INFO] --- maven-jar-plugin:2.4:jar (default-jar) @ owlapi-api ---
< [INFO] 
< [INFO] >>> maven-source-plugin:2.2.1:jar (attach-sources) > generate-sources @ owlapi-api >>>
< [INFO] 
< [INFO] --- maven-enforcer-plugin:1.0:enforce (enforce-maven) @ owlapi-api ---
< [INFO] 
< [INFO] <<< maven-source-plugin:2.2.1:jar (attach-sources) < generate-sources @ owlapi-api <<<
< [INFO] 
< [INFO] --- maven-source-plugin:2.2.1:jar (attach-sources) @ owlapi-api ---
< [INFO] 
< [INFO] --- maven-javadoc-plugin:2.8.1:jar (attach-javadocs) @ owlapi-api ---
< [INFO] Skipping javadoc generation
< [INFO] 
< [INFO] --- maven-install-plugin:2.4:install (default-install) @ owlapi-api ---
< [INFO] Installing /home/travis/build/owlcs/owlapi/api/target/owlapi-api-4.1.4-SNAPSHOT.jar to /home/travis/.m2/repository/net/sourceforge/owlapi/owlapi-api/4.1.4-SNAPSHOT/owlapi-api-4.1.4-SNAPSHOT.jar
< [INFO] Installing /home/travis/build/owlcs/owlapi/api/pom.xml to /home/travis/.m2/repository/net/sourceforge/owlapi/owlapi-api/4.1.4-SNAPSHOT/owlapi-api-4.1.4-SNAPSHOT.pom
< [INFO] Installing /home/travis/build/owlcs/owlapi/api/target/owlapi-api-4.1.4-SNAPSHOT-sources.jar to /home/travis/.m2/repository/net/sourceforge/owlapi/owlapi-api/4.1.4-SNAPSHOT/owlapi-api-4.1.4-SNAPSHOT-sources.jar
< [INFO]                                                                         
< [INFO] ------------------------------------------------------------------------
< [INFO] Building OWLAPI Default Implementation 4.1.4-SNAPSHOT
< [INFO] ------------------------------------------------------------------------
< [INFO] 
< [INFO] --- maven-enforcer-plugin:1.0:enforce (enforce-maven) @ owlapi-impl ---
< [INFO] 
< [INFO] --- maven-resources-plugin:2.6:resources (default-resources) @ owlapi-impl ---
< [INFO] Using 'UTF-8' encoding to copy filtered resources.
< [INFO] skip non existing resourceDirectory /home/travis/build/owlcs/owlapi/impl/src/main/resources
< [INFO] 
< [INFO] --- maven-compiler-plugin:2.3.2:compile (default-compile) @ owlapi-impl ---
< [INFO] Compiling 3 source files to /home/travis/build/owlcs/owlapi/impl/target/classes
< [INFO] 
< [INFO] --- maven-resources-plugin:2.6:testResources (default-testResources) @ owlapi-impl ---
< [INFO] Using 'UTF-8' encoding to copy filtered resources.
< [INFO] skip non existing resourceDirectory /home/travis/build/owlcs/owlapi/impl/src/test/resources
< [INFO] 
< [INFO] --- maven-compiler-plugin:2.3.2:testCompile (default-testCompile) @ owlapi-impl ---
< [INFO] Nothing to compile - all classes are up to date
< [INFO] 
< [INFO] --- maven-surefire-plugin:2.18.1:test (default-test) @ owlapi-impl ---
< [INFO] Tests are skipped.
< [INFO] 
< [INFO] --- animal-sniffer-maven-plugin:1.13:check (default) @ owlapi-impl ---
< [INFO] Checking unresolved references to org.codehaus.mojo.signature:java17:1.0
< [INFO] 
< [INFO] --- maven-jar-plugin:2.4:jar (default-jar) @ owlapi-impl ---
< [INFO] 
< [INFO] >>> maven-source-plugin:2.2.1:jar (attach-sources) > generate-sources @ owlapi-impl >>>
< [INFO] 
< [INFO] --- maven-enforcer-plugin:1.0:enforce (enforce-maven) @ owlapi-impl ---
< [INFO] 
< [INFO] <<< maven-source-plugin:2.2.1:jar (attach-sources) < generate-sources @ owlapi-impl <<<
< [INFO] 
< [INFO] --- maven-source-plugin:2.2.1:jar (attach-sources) @ owlapi-impl ---
< [INFO] 
< [INFO] --- maven-javadoc-plugin:2.8.1:jar (attach-javadocs) @ owlapi-impl ---
< [INFO] Skipping javadoc generation
< [INFO] 
< [INFO] --- maven-install-plugin:2.4:install (default-install) @ owlapi-impl ---
< [INFO] Installing /home/travis/build/owlcs/owlapi/impl/target/owlapi-impl-4.1.4-SNAPSHOT.jar to /home/travis/.m2/repository/net/sourceforge/owlapi/owlapi-impl/4.1.4-SNAPSHOT/owlapi-impl-4.1.4-SNAPSHOT.jar
< [INFO] Installing /home/travis/build/owlcs/owlapi/impl/pom.xml to /home/travis/.m2/repository/net/sourceforge/owlapi/owlapi-impl/4.1.4-SNAPSHOT/owlapi-impl-4.1.4-SNAPSHOT.pom
< [INFO] Installing /home/travis/build/owlcs/owlapi/impl/target/owlapi-impl-4.1.4-SNAPSHOT-sources.jar to /home/travis/.m2/repository/net/sourceforge/owlapi/owlapi-impl/4.1.4-SNAPSHOT/owlapi-impl-4.1.4-SNAPSHOT-sources.jar
< [INFO]                                                                         
< [INFO] ------------------------------------------------------------------------
< [INFO] Building tools 4.1.4-SNAPSHOT
< [INFO] ------------------------------------------------------------------------
< [INFO] 
< [INFO] --- maven-enforcer-plugin:1.0:enforce (enforce-maven) @ owlapi-tools ---
< [INFO] 
< [INFO] --- maven-resources-plugin:2.6:resources (default-resources) @ owlapi-tools ---
< [INFO] Using 'UTF-8' encoding to copy filtered resources.
< [INFO] skip non existing resourceDirectory /home/travis/build/owlcs/owlapi/tools/src/main/resources
< [INFO] 
< [INFO] --- maven-compiler-plugin:2.3.2:compile (default-compile) @ owlapi-tools ---
< [INFO] Compiling 10 source files to /home/travis/build/owlcs/owlapi/tools/target/classes
< [INFO] 
< [INFO] --- maven-resources-plugin:2.6:testResources (default-testResources) @ owlapi-tools ---
< [INFO] Using 'UTF-8' encoding to copy filtered resources.
< [INFO] skip non existing resourceDirectory /home/travis/build/owlcs/owlapi/tools/src/test/resources
< [INFO] 
< [INFO] --- maven-compiler-plugin:2.3.2:testCompile (default-testCompile) @ owlapi-tools ---
< [INFO] No sources to compile
< [INFO] 
< [INFO] --- maven-surefire-plugin:2.18.1:test (default-test) @ owlapi-tools ---
< [INFO] Tests are skipped.
< [INFO] 
< [INFO] --- animal-sniffer-maven-plugin:1.13:check (default) @ owlapi-tools ---
< [INFO] Checking unresolved references to org.codehaus.mojo.signature:java17:1.0
< [INFO] 
< [INFO] --- maven-jar-plugin:2.4:jar (default-jar) @ owlapi-tools ---
< [INFO] 
< [INFO] >>> maven-source-plugin:2.2.1:jar (attach-sources) > generate-sources @ owlapi-tools >>>
< [INFO] 
< [INFO] --- maven-enforcer-plugin:1.0:enforce (enforce-maven) @ owlapi-tools ---
< [INFO] 
< [INFO] <<< maven-source-plugin:2.2.1:jar (attach-sources) < generate-sources @ owlapi-tools <<<
< [INFO] 
< [INFO] --- maven-source-plugin:2.2.1:jar (attach-sources) @ owlapi-tools ---
< [INFO] 
< [INFO] --- maven-javadoc-plugin:2.8.1:jar (attach-javadocs) @ owlapi-tools ---
< [INFO] Skipping javadoc generation
< [INFO] 
< [INFO] --- maven-install-plugin:2.4:install (default-install) @ owlapi-tools ---
< [INFO] Installing /home/travis/build/owlcs/owlapi/tools/target/owlapi-tools-4.1.4-SNAPSHOT.jar to /home/travis/.m2/repository/net/sourceforge/owlapi/owlapi-tools/4.1.4-SNAPSHOT/owlapi-tools-4.1.4-SNAPSHOT.jar
< [INFO] Installing /home/travis/build/owlcs/owlapi/tools/pom.xml to /home/travis/.m2/repository/net/sourceforge/owlapi/owlapi-tools/4.1.4-SNAPSHOT/owlapi-tools-4.1.4-SNAPSHOT.pom
< [INFO] Installing /home/travis/build/owlcs/owlapi/tools/target/owlapi-tools-4.1.4-SNAPSHOT-sources.jar to /home/travis/.m2/repository/net/sourceforge/owlapi/owlapi-tools/4.1.4-SNAPSHOT/owlapi-tools-4.1.4-SNAPSHOT-sources.jar
< [INFO]                                                                         
< [INFO] ------------------------------------------------------------------------
< [INFO] Building parsers 4.1.4-SNAPSHOT
< [INFO] ------------------------------------------------------------------------
< [INFO] 
< [INFO] --- maven-enforcer-plugin:1.0:enforce (enforce-maven) @ owlapi-parsers ---
< [INFO] 
< [INFO] --- maven-resources-plugin:2.6:resources (default-resources) @ owlapi-parsers ---
< [INFO] Using 'UTF-8' encoding to copy filtered resources.
< [INFO] Copying 2 resources
< [INFO] 
< [INFO] --- maven-compiler-plugin:2.3.2:compile (default-compile) @ owlapi-parsers ---
< [INFO] Compiling 10 source files to /home/travis/build/owlcs/owlapi/parsers/target/classes
< [INFO] 
< [INFO] --- maven-resources-plugin:2.6:testResources (default-testResources) @ owlapi-parsers ---
< [INFO] Using 'UTF-8' encoding to copy filtered resources.
< [INFO] skip non existing resourceDirectory /home/travis/build/owlcs/owlapi/parsers/src/test/resources
< [INFO] 
< [INFO] --- maven-compiler-plugin:2.3.2:testCompile (default-testCompile) @ owlapi-parsers ---
< [INFO] Nothing to compile - all classes are up to date
< [INFO] 
< [INFO] --- maven-surefire-plugin:2.18.1:test (default-test) @ owlapi-parsers ---
< [INFO] Tests are skipped.
< [INFO] 
< [INFO] --- animal-sniffer-maven-plugin:1.13:check (default) @ owlapi-parsers ---
< [INFO] Checking unresolved references to org.codehaus.mojo.signature:java17:1.0
< [INFO] 
< [INFO] --- maven-jar-plugin:2.4:jar (default-jar) @ owlapi-parsers ---
< [INFO] 
< [INFO] >>> maven-source-plugin:2.2.1:jar (attach-sources) > generate-sources @ owlapi-parsers >>>
< [INFO] 
< [INFO] --- maven-enforcer-plugin:1.0:enforce (enforce-maven) @ owlapi-parsers ---
< [INFO] 
< [INFO] <<< maven-source-plugin:2.2.1:jar (attach-sources) < generate-sources @ owlapi-parsers <<<
< [INFO] 
< [INFO] --- maven-source-plugin:2.2.1:jar (attach-sources) @ owlapi-parsers ---
< [INFO] 
< [INFO] --- maven-javadoc-plugin:2.8.1:jar (attach-javadocs) @ owlapi-parsers ---
< [INFO] Skipping javadoc generation
< [INFO] 
< [INFO] --- maven-install-plugin:2.4:install (default-install) @ owlapi-parsers ---
< [INFO] Installing /home/travis/build/owlcs/owlapi/parsers/target/owlapi-parsers-4.1.4-SNAPSHOT.jar to /home/travis/.m2/repository/net/sourceforge/owlapi/owlapi-parsers/4.1.4-SNAPSHOT/owlapi-parsers-4.1.4-SNAPSHOT.jar
< [INFO] Installing /home/travis/build/owlcs/owlapi/parsers/pom.xml to /home/travis/.m2/repository/net/sourceforge/owlapi/owlapi-parsers/4.1.4-SNAPSHOT/owlapi-parsers-4.1.4-SNAPSHOT.pom
< [INFO] Installing /home/travis/build/owlcs/owlapi/parsers/target/owlapi-parsers-4.1.4-SNAPSHOT-sources.jar to /home/travis/.m2/repository/net/sourceforge/owlapi/owlapi-parsers/4.1.4-SNAPSHOT/owlapi-parsers-4.1.4-SNAPSHOT-sources.jar
< [INFO]                                                                         
< [INFO] ------------------------------------------------------------------------
< [INFO] Building oboformat parser 4.1.4-SNAPSHOT
< [INFO] ------------------------------------------------------------------------
< [INFO] 
< [INFO] --- maven-enforcer-plugin:1.0:enforce (enforce-maven) @ owlapi-oboformat ---
< [INFO] 
< [INFO] --- maven-resources-plugin:2.6:resources (default-resources) @ owlapi-oboformat ---
< [INFO] Using 'UTF-8' encoding to copy filtered resources.
< [INFO] Copying 2 resources
< [INFO] 
< [INFO] --- maven-compiler-plugin:2.3.2:compile (default-compile) @ owlapi-oboformat ---
< [INFO] Nothing to compile - all classes are up to date
< [INFO] 
< [INFO] --- maven-resources-plugin:2.6:testResources (default-testResources) @ owlapi-oboformat ---
< [INFO] Using 'UTF-8' encoding to copy filtered resources.
< [INFO] skip non existing resourceDirectory /home/travis/build/owlcs/owlapi/oboformat/src/test/resources
< [INFO] 
< [INFO] --- maven-compiler-plugin:2.3.2:testCompile (default-testCompile) @ owlapi-oboformat ---
< [INFO] Nothing to compile - all classes are up to date
< [INFO] 
< [INFO] --- maven-surefire-plugin:2.18.1:test (default-test) @ owlapi-oboformat ---
< [INFO] Tests are skipped.
< [INFO] 
< [INFO] --- animal-sniffer-maven-plugin:1.13:check (default) @ owlapi-oboformat ---
< [INFO] Checking unresolved references to org.codehaus.mojo.signature:java17:1.0
< [INFO] 
< [INFO] --- maven-jar-plugin:2.4:jar (default-jar) @ owlapi-oboformat ---
< [INFO] 
< [INFO] >>> maven-source-plugin:2.2.1:jar (attach-sources) > generate-sources @ owlapi-oboformat >>>
< [INFO] 
< [INFO] --- maven-enforcer-plugin:1.0:enforce (enforce-maven) @ owlapi-oboformat ---
< [INFO] 
< [INFO] <<< maven-source-plugin:2.2.1:jar (attach-sources) < generate-sources @ owlapi-oboformat <<<
< [INFO] 
< [INFO] --- maven-source-plugin:2.2.1:jar (attach-sources) @ owlapi-oboformat ---
< [INFO] 
< [INFO] --- maven-javadoc-plugin:2.8.1:jar (attach-javadocs) @ owlapi-oboformat ---
< [INFO] Skipping javadoc generation
< [INFO] 
< [INFO] --- maven-install-plugin:2.4:install (default-install) @ owlapi-oboformat ---
< [INFO] Installing /home/travis/build/owlcs/owlapi/oboformat/target/owlapi-oboformat-4.1.4-SNAPSHOT.jar to /home/travis/.m2/repository/net/sourceforge/owlapi/owlapi-oboformat/4.1.4-SNAPSHOT/owlapi-oboformat-4.1.4-SNAPSHOT.jar
< [INFO] Installing /home/travis/build/owlcs/owlapi/oboformat/pom.xml to /home/travis/.m2/repository/net/sourceforge/owlapi/owlapi-oboformat/4.1.4-SNAPSHOT/owlapi-oboformat-4.1.4-SNAPSHOT.pom
< [INFO] Installing /home/travis/build/owlcs/owlapi/oboformat/target/owlapi-oboformat-4.1.4-SNAPSHOT-sources.jar to /home/travis/.m2/repository/net/sourceforge/owlapi/owlapi-oboformat/4.1.4-SNAPSHOT/owlapi-oboformat-4.1.4-SNAPSHOT-sources.jar
< [INFO]                                                                         
< [INFO] ------------------------------------------------------------------------
< [INFO] Building OWLAPITOOLS OWL profile and fixers 4.1.4-SNAPSHOT
< [INFO] ------------------------------------------------------------------------
< [INFO] 
< [INFO] --- maven-enforcer-plugin:1.0:enforce (enforce-maven) @ owlapi-fixers ---
< [INFO] 
< [INFO] --- maven-resources-plugin:2.6:resources (default-resources) @ owlapi-fixers ---
< [INFO] Using 'UTF-8' encoding to copy filtered resources.
< [INFO] skip non existing resourceDirectory /home/travis/build/owlcs/owlapi/fixers/src/main/resources
< [INFO] 
< [INFO] --- maven-compiler-plugin:2.3.2:compile (default-compile) @ owlapi-fixers ---
< [INFO] Nothing to compile - all classes are up to date
< [INFO] 
< [INFO] --- maven-resources-plugin:2.6:testResources (default-testResources) @ owlapi-fixers ---
< [INFO] Using 'UTF-8' encoding to copy filtered resources.
< [INFO] skip non existing resourceDirectory /home/travis/build/owlcs/owlapi/fixers/src/test/resources
< [INFO] 
< [INFO] --- maven-compiler-plugin:2.3.2:testCompile (default-testCompile) @ owlapi-fixers ---
< [INFO] Nothing to compile - all classes are up to date
< [INFO] 
< [INFO] --- maven-surefire-plugin:2.18.1:test (default-test) @ owlapi-fixers ---
< [INFO] Tests are skipped.
< [INFO] 
< [INFO] --- animal-sniffer-maven-plugin:1.13:check (default) @ owlapi-fixers ---
< [INFO] Checking unresolved references to org.codehaus.mojo.signature:java17:1.0
< [INFO] 
< [INFO] --- maven-jar-plugin:2.4:jar (default-jar) @ owlapi-fixers ---
< [INFO] 
< [INFO] >>> maven-source-plugin:2.2.1:jar (attach-sources) > generate-sources @ owlapi-fixers >>>
< [INFO] 
< [INFO] --- maven-enforcer-plugin:1.0:enforce (enforce-maven) @ owlapi-fixers ---
< [INFO] 
< [INFO] <<< maven-source-plugin:2.2.1:jar (attach-sources) < generate-sources @ owlapi-fixers <<<
< [INFO] 
< [INFO] --- maven-source-plugin:2.2.1:jar (attach-sources) @ owlapi-fixers ---
< [INFO] 
< [INFO] --- maven-javadoc-plugin:2.8.1:jar (attach-javadocs) @ owlapi-fixers ---
< [INFO] Skipping javadoc generation
< [INFO] 
< [INFO] --- maven-install-plugin:2.4:install (default-install) @ owlapi-fixers ---
< [INFO] Installing /home/travis/build/owlcs/owlapi/fixers/target/owlapi-fixers-4.1.4-SNAPSHOT.jar to /home/travis/.m2/repository/net/sourceforge/owlapi/owlapi-fixers/4.1.4-SNAPSHOT/owlapi-fixers-4.1.4-SNAPSHOT.jar
< [INFO] Installing /home/travis/build/owlcs/owlapi/fixers/pom.xml to /home/travis/.m2/repository/net/sourceforge/owlapi/owlapi-fixers/4.1.4-SNAPSHOT/owlapi-fixers-4.1.4-SNAPSHOT.pom
< [INFO] Installing /home/travis/build/owlcs/owlapi/fixers/target/owlapi-fixers-4.1.4-SNAPSHOT-sources.jar to /home/travis/.m2/repository/net/sourceforge/owlapi/owlapi-fixers/4.1.4-SNAPSHOT/owlapi-fixers-4.1.4-SNAPSHOT-sources.jar
< [INFO]                                                                         
< [INFO] ------------------------------------------------------------------------
< [INFO] Building OWLAPI :: Sesame Rio module 4.1.4-SNAPSHOT
< [INFO] ------------------------------------------------------------------------
< [INFO] 
< [INFO] --- maven-enforcer-plugin:1.0:enforce (enforce-maven) @ owlapi-rio ---
< [INFO] 
< [INFO] --- maven-resources-plugin:2.6:resources (default-resources) @ owlapi-rio ---
< [INFO] Using 'UTF-8' encoding to copy filtered resources.
< [INFO] Copying 4 resources
< [INFO] 
< [INFO] --- maven-compiler-plugin:2.3.2:compile (default-compile) @ owlapi-rio ---
< [INFO] Nothing to compile - all classes are up to date
958,965c588
< [INFO] --- maven-resources-plugin:2.6:testResources (default-testResources) @ owlapi-rio ---
< [INFO] Using 'UTF-8' encoding to copy filtered resources.
< [INFO] skip non existing resourceDirectory /home/travis/build/owlcs/owlapi/rio/src/test/resources
< [INFO] 
< [INFO] --- maven-compiler-plugin:2.3.2:testCompile (default-testCompile) @ owlapi-rio ---
< [INFO] No sources to compile
< [INFO] 
< [INFO] --- maven-surefire-plugin:2.18.1:test (default-test) @ owlapi-rio ---
---
> [INFO] --- maven-surefire-plugin:2.18.1:test (default-test) @ owlapi-contract ---
968c591
< [INFO] --- animal-sniffer-maven-plugin:1.13:check (default) @ owlapi-rio ---
---
> [INFO] --- animal-sniffer-maven-plugin:1.13:check (default) @ owlapi-contract ---
971c594,595
< [INFO] --- maven-jar-plugin:2.4:jar (default-jar) @ owlapi-rio ---
---
> [INFO] --- maven-jar-plugin:2.4:jar (default-jar) @ owlapi-contract ---
> [INFO] Building jar: /home/travis/build/owlcs/owlapi/contract/target/owlapi-contract-4.1.4-SNAPSHOT.jar
973c597
< [INFO] >>> maven-source-plugin:2.2.1:jar (attach-sources) > generate-sources @ owlapi-rio >>>
---
> [INFO] >>> maven-source-plugin:2.2.1:jar (attach-sources) > generate-sources @ owlapi-contract >>>
975c599
< [INFO] --- maven-enforcer-plugin:1.0:enforce (enforce-maven) @ owlapi-rio ---
---
> [INFO] --- maven-enforcer-plugin:1.0:enforce (enforce-maven) @ owlapi-contract ---
977c601
< [INFO] <<< maven-source-plugin:2.2.1:jar (attach-sources) < generate-sources @ owlapi-rio <<<
---
> [INFO] <<< maven-source-plugin:2.2.1:jar (attach-sources) < generate-sources @ owlapi-contract <<<
979c603,604
< [INFO] --- maven-source-plugin:2.2.1:jar (attach-sources) @ owlapi-rio ---
---
> [INFO] --- maven-source-plugin:2.2.1:jar (attach-sources) @ owlapi-contract ---
> [INFO] Building jar: /home/travis/build/owlcs/owlapi/contract/target/owlapi-contract-4.1.4-SNAPSHOT-sources.jar
981c606
< [INFO] --- maven-javadoc-plugin:2.8.1:jar (attach-javadocs) @ owlapi-rio ---
---
> [INFO] --- maven-javadoc-plugin:2.8.1:jar (attach-javadocs) @ owlapi-contract ---
984,987c609,612
< [INFO] --- maven-install-plugin:2.4:install (default-install) @ owlapi-rio ---
< [INFO] Installing /home/travis/build/owlcs/owlapi/rio/target/owlapi-rio-4.1.4-SNAPSHOT.jar to /home/travis/.m2/repository/net/sourceforge/owlapi/owlapi-rio/4.1.4-SNAPSHOT/owlapi-rio-4.1.4-SNAPSHOT.jar
< [INFO] Installing /home/travis/build/owlcs/owlapi/rio/pom.xml to /home/travis/.m2/repository/net/sourceforge/owlapi/owlapi-rio/4.1.4-SNAPSHOT/owlapi-rio-4.1.4-SNAPSHOT.pom
< [INFO] Installing /home/travis/build/owlcs/owlapi/rio/target/owlapi-rio-4.1.4-SNAPSHOT-sources.jar to /home/travis/.m2/repository/net/sourceforge/owlapi/owlapi-rio/4.1.4-SNAPSHOT/owlapi-rio-4.1.4-SNAPSHOT-sources.jar
---
> [INFO] --- maven-install-plugin:2.4:install (default-install) @ owlapi-contract ---
> [INFO] Installing /home/travis/build/owlcs/owlapi/contract/target/owlapi-contract-4.1.4-SNAPSHOT.jar to /home/travis/.m2/repository/net/sourceforge/owlapi/owlapi-contract/4.1.4-SNAPSHOT/owlapi-contract-4.1.4-SNAPSHOT.jar
> [INFO] Installing /home/travis/build/owlcs/owlapi/contract/pom.xml to /home/travis/.m2/repository/net/sourceforge/owlapi/owlapi-contract/4.1.4-SNAPSHOT/owlapi-contract-4.1.4-SNAPSHOT.pom
> [INFO] Installing /home/travis/build/owlcs/owlapi/contract/target/owlapi-contract-4.1.4-SNAPSHOT-sources.jar to /home/travis/.m2/repository/net/sourceforge/owlapi/owlapi-contract/4.1.4-SNAPSHOT/owlapi-contract-4.1.4-SNAPSHOT-sources.jar
990c615
< [INFO] Building OWLAPI Binding and Config 4.1.4-SNAPSHOT
---
> [INFO] Building OWLAPI Distribution 4.1.4-SNAPSHOT
993,1000c618
< [INFO] --- maven-enforcer-plugin:1.0:enforce (enforce-maven) @ owlapi-apibinding ---
< [INFO] 
< [INFO] --- maven-resources-plugin:2.6:resources (default-resources) @ owlapi-apibinding ---
< [INFO] Using 'UTF-8' encoding to copy filtered resources.
< [INFO] Copying 1 resource
< [INFO] 
< [INFO] --- maven-compiler-plugin:2.3.2:compile (default-compile) @ owlapi-apibinding ---
< [INFO] Compiling 1 source file to /home/travis/build/owlcs/owlapi/apibinding/target/classes
---
> [INFO] --- maven-enforcer-plugin:1.0:enforce (enforce-maven) @ owlapi-distribution ---
1002c620
< [INFO] --- maven-resources-plugin:2.6:testResources (default-testResources) @ owlapi-apibinding ---
---
> [INFO] --- maven-resources-plugin:2.7:resources (default-resources) @ owlapi-distribution ---
1004c622
< [INFO] skip non existing resourceDirectory /home/travis/build/owlcs/owlapi/apibinding/src/test/resources
---
> [INFO] skip non existing resourceDirectory /home/travis/build/owlcs/owlapi/distribution/src/main/resources
1006c624
< [INFO] --- maven-compiler-plugin:2.3.2:testCompile (default-testCompile) @ owlapi-apibinding ---
---
> [INFO] --- maven-compiler-plugin:2.3.2:compile (default-compile) @ owlapi-distribution ---
1009,1046c627
< [INFO] --- maven-surefire-plugin:2.18.1:test (default-test) @ owlapi-apibinding ---
< [INFO] Tests are skipped.
< [INFO] 
< [INFO] --- animal-sniffer-maven-plugin:1.13:check (default) @ owlapi-apibinding ---
< [INFO] Checking unresolved references to org.codehaus.mojo.signature:java17:1.0
< [INFO] 
< [INFO] --- maven-jar-plugin:2.4:jar (default-jar) @ owlapi-apibinding ---
< [INFO] 
< [INFO] >>> maven-source-plugin:2.2.1:jar (attach-sources) > generate-sources @ owlapi-apibinding >>>
< [INFO] 
< [INFO] --- maven-enforcer-plugin:1.0:enforce (enforce-maven) @ owlapi-apibinding ---
< [INFO] 
< [INFO] <<< maven-source-plugin:2.2.1:jar (attach-sources) < generate-sources @ owlapi-apibinding <<<
< [INFO] 
< [INFO] --- maven-source-plugin:2.2.1:jar (attach-sources) @ owlapi-apibinding ---
< [INFO] 
< [INFO] --- maven-javadoc-plugin:2.8.1:jar (attach-javadocs) @ owlapi-apibinding ---
< [INFO] Skipping javadoc generation
< [INFO] 
< [INFO] --- maven-install-plugin:2.4:install (default-install) @ owlapi-apibinding ---
< [INFO] Installing /home/travis/build/owlcs/owlapi/apibinding/target/owlapi-apibinding-4.1.4-SNAPSHOT.jar to /home/travis/.m2/repository/net/sourceforge/owlapi/owlapi-apibinding/4.1.4-SNAPSHOT/owlapi-apibinding-4.1.4-SNAPSHOT.jar
< [INFO] Installing /home/travis/build/owlcs/owlapi/apibinding/pom.xml to /home/travis/.m2/repository/net/sourceforge/owlapi/owlapi-apibinding/4.1.4-SNAPSHOT/owlapi-apibinding-4.1.4-SNAPSHOT.pom
< [INFO] Installing /home/travis/build/owlcs/owlapi/apibinding/target/owlapi-apibinding-4.1.4-SNAPSHOT-sources.jar to /home/travis/.m2/repository/net/sourceforge/owlapi/owlapi-apibinding/4.1.4-SNAPSHOT/owlapi-apibinding-4.1.4-SNAPSHOT-sources.jar
< [INFO]                                                                         
< [INFO] ------------------------------------------------------------------------
< [INFO] Building compatibility 4.1.4-SNAPSHOT
< [INFO] ------------------------------------------------------------------------
< [INFO] 
< [INFO] --- maven-enforcer-plugin:1.0:enforce (enforce-maven) @ owlapi-compatibility ---
< [INFO] 
< [INFO] --- maven-resources-plugin:2.6:resources (default-resources) @ owlapi-compatibility ---
< [INFO] Using 'UTF-8' encoding to copy filtered resources.
< [INFO] Copying 1 resource
< [INFO] 
< [INFO] --- maven-compiler-plugin:2.3.2:compile (default-compile) @ owlapi-compatibility ---
< [INFO] Nothing to compile - all classes are up to date
< [INFO] 
< [INFO] --- maven-resources-plugin:2.6:testResources (default-testResources) @ owlapi-compatibility ---
---
> [INFO] --- maven-resources-plugin:2.7:testResources (default-testResources) @ owlapi-distribution ---
1048c629
< [INFO] Copying 2 resources
---
> [INFO] skip non existing resourceDirectory /home/travis/build/owlcs/owlapi/distribution/src/test/resources
1050,1051c631,632
< [INFO] --- maven-compiler-plugin:2.3.2:testCompile (default-testCompile) @ owlapi-compatibility ---
< [INFO] Nothing to compile - all classes are up to date
---
> [INFO] --- maven-compiler-plugin:2.3.2:testCompile (default-testCompile) @ owlapi-distribution ---
> [INFO] No sources to compile
1053c634
< [INFO] --- maven-surefire-plugin:2.18.1:test (default-test) @ owlapi-compatibility ---
---
> [INFO] --- maven-surefire-plugin:2.18.1:test (default-test) @ owlapi-distribution ---
1056c637
< [INFO] --- animal-sniffer-maven-plugin:1.13:check (default) @ owlapi-compatibility ---
---
> [INFO] --- animal-sniffer-maven-plugin:1.13:check (default) @ owlapi-distribution ---
1059,1092c640,641
< [INFO] --- maven-jar-plugin:2.4:jar (default-jar) @ owlapi-compatibility ---
< [INFO] 
< [INFO] >>> maven-source-plugin:2.2.1:jar (attach-sources) > generate-sources @ owlapi-compatibility >>>
< [INFO] 
< [INFO] --- maven-enforcer-plugin:1.0:enforce (enforce-maven) @ owlapi-compatibility ---
< [INFO] 
< [INFO] <<< maven-source-plugin:2.2.1:jar (attach-sources) < generate-sources @ owlapi-compatibility <<<
< [INFO] 
< [INFO] --- maven-source-plugin:2.2.1:jar (attach-sources) @ owlapi-compatibility ---
< [INFO] 
< [INFO] --- maven-javadoc-plugin:2.8.1:jar (attach-javadocs) @ owlapi-compatibility ---
< [INFO] Skipping javadoc generation
< [INFO] 
< [INFO] --- maven-install-plugin:2.4:install (default-install) @ owlapi-compatibility ---
< [INFO] Installing /home/travis/build/owlcs/owlapi/compatibility/target/owlapi-compatibility-4.1.4-SNAPSHOT.jar to /home/travis/.m2/repository/net/sourceforge/owlapi/owlapi-compatibility/4.1.4-SNAPSHOT/owlapi-compatibility-4.1.4-SNAPSHOT.jar
< [INFO] Installing /home/travis/build/owlcs/owlapi/compatibility/pom.xml to /home/travis/.m2/repository/net/sourceforge/owlapi/owlapi-compatibility/4.1.4-SNAPSHOT/owlapi-compatibility-4.1.4-SNAPSHOT.pom
< [INFO] Installing /home/travis/build/owlcs/owlapi/compatibility/target/owlapi-compatibility-4.1.4-SNAPSHOT-sources.jar to /home/travis/.m2/repository/net/sourceforge/owlapi/owlapi-compatibility/4.1.4-SNAPSHOT/owlapi-compatibility-4.1.4-SNAPSHOT-sources.jar
< [INFO]                                                                         
< [INFO] ------------------------------------------------------------------------
< [INFO] Building tests and tutorials 4.1.4-SNAPSHOT
< [INFO] ------------------------------------------------------------------------
< [INFO] 
< [INFO] --- maven-enforcer-plugin:1.0:enforce (enforce-maven) @ owlapi-contract ---
< [INFO] 
< [INFO] --- maven-resources-plugin:2.6:resources (default-resources) @ owlapi-contract ---
< [INFO] Using 'UTF-8' encoding to copy filtered resources.
< [INFO] skip non existing resourceDirectory /home/travis/build/owlcs/owlapi/contract/src/main/resources
< [INFO] 
< [INFO] --- maven-compiler-plugin:2.3.2:compile (default-compile) @ owlapi-contract ---
< [INFO] Nothing to compile - all classes are up to date
< [INFO] 
< [INFO] --- maven-resources-plugin:2.6:testResources (default-testResources) @ owlapi-contract ---
< [INFO] Using 'UTF-8' encoding to copy filtered resources.
< [INFO] Copying 172 resources
---
> [INFO] --- maven-bundle-plugin:2.5.3:bundle (default-bundle) @ owlapi-distribution ---
> [WARNING] Bundle net.sourceforge.owlapi:owlapi-distribution:bundle:4.1.4-SNAPSHOT : Unused Private-Package instructions, no such package(s) on the class path: [!*]
1094,1101c643,1056
< [INFO] --- maven-compiler-plugin:2.3.2:testCompile (default-testCompile) @ owlapi-contract ---
< [INFO] Compiling 374 source files to /home/travis/build/owlcs/owlapi/contract/target/test-classes
< [INFO] -------------------------------------------------------------
< [ERROR] COMPILATION ERROR : 
< [INFO] -------------------------------------------------------------
< [ERROR] /home/travis/build/owlcs/owlapi/contract/src/test/java/org/semanticweb/owlapi/api/test/literals/TypedLiteralsTestCase.java:[61,50] error: cannot find symbol
< [INFO] 1 error
< [INFO] -------------------------------------------------------------
---
> [INFO] >>> maven-source-plugin:2.2.1:jar (attach-sources) > generate-sources @ owlapi-distribution >>>
> [INFO] 
> [INFO] --- maven-enforcer-plugin:1.0:enforce (enforce-maven) @ owlapi-distribution ---
> [INFO] 
> [INFO] <<< maven-source-plugin:2.2.1:jar (attach-sources) < generate-sources @ owlapi-distribution <<<
> [INFO] 
> [INFO] --- maven-source-plugin:2.2.1:jar (attach-sources) @ owlapi-distribution ---
> [INFO] No sources in project. Archive not created.
> [INFO] 
> [INFO] --- maven-shade-plugin:2.3:shade (default) @ owlapi-distribution ---
> [INFO] Including net.sourceforge.owlapi:owlapi-apibinding:jar:4.1.4-SNAPSHOT in the shaded jar.
> [INFO] Including net.sourceforge.owlapi:owlapi-tools:jar:4.1.4-SNAPSHOT in the shaded jar.
> [INFO] Including net.sourceforge.owlapi:owlapi-impl:jar:4.1.4-SNAPSHOT in the shaded jar.
> [INFO] Including net.sourceforge.owlapi:owlapi-parsers:jar:4.1.4-SNAPSHOT in the shaded jar.
> [INFO] Including net.sourceforge.owlapi:owlapi-oboformat:jar:4.1.4-SNAPSHOT in the shaded jar.
> [INFO] Including net.sourceforge.owlapi:owlapi-fixers:jar:4.1.4-SNAPSHOT in the shaded jar.
> [INFO] Including net.sourceforge.owlapi:owlapi-rio:jar:4.1.4-SNAPSHOT in the shaded jar.
> [INFO] Including net.sourceforge.owlapi:owlapi-api:jar:4.1.4-SNAPSHOT in the shaded jar.
> [INFO] Excluding com.fasterxml.jackson.core:jackson-core:jar:2.5.1 from the shaded jar.
> [INFO] Excluding com.fasterxml.jackson.core:jackson-databind:jar:2.5.1 from the shaded jar.
> [INFO] Excluding com.fasterxml.jackson.core:jackson-annotations:jar:2.5.1 from the shaded jar.
> [INFO] Excluding org.tukaani:xz:jar:1.5 from the shaded jar.
> [INFO] Excluding org.openrdf.sesame:sesame-model:jar:2.7.16 from the shaded jar.
> [INFO] Excluding org.openrdf.sesame:sesame-util:jar:2.7.16 from the shaded jar.
> [INFO] Excluding org.openrdf.sesame:sesame-rio-api:jar:2.7.16 from the shaded jar.
> [INFO] Excluding org.openrdf.sesame:sesame-rio-languages:jar:2.7.16 from the shaded jar.
> [INFO] Excluding org.openrdf.sesame:sesame-rio-datatypes:jar:2.7.16 from the shaded jar.
> [INFO] Excluding org.openrdf.sesame:sesame-rio-binary:jar:2.7.16 from the shaded jar.
> [INFO] Excluding org.openrdf.sesame:sesame-rio-n3:jar:2.7.16 from the shaded jar.
> [INFO] Excluding org.openrdf.sesame:sesame-rio-nquads:jar:2.7.16 from the shaded jar.
> [INFO] Excluding org.openrdf.sesame:sesame-rio-ntriples:jar:2.7.16 from the shaded jar.
> [INFO] Excluding org.openrdf.sesame:sesame-rio-rdfjson:jar:2.7.16 from the shaded jar.
> [INFO] Excluding org.openrdf.sesame:sesame-rio-rdfxml:jar:2.7.16 from the shaded jar.
> [INFO] Excluding org.openrdf.sesame:sesame-rio-trix:jar:2.7.16 from the shaded jar.
> [INFO] Excluding org.openrdf.sesame:sesame-rio-turtle:jar:2.7.16 from the shaded jar.
> [INFO] Excluding org.openrdf.sesame:sesame-rio-trig:jar:2.7.16 from the shaded jar.
> [INFO] Excluding com.github.jsonld-java:jsonld-java-sesame:jar:0.5.0 from the shaded jar.
> [INFO] Excluding com.github.jsonld-java:jsonld-java:jar:0.5.0 from the shaded jar.
> [INFO] Excluding org.apache.httpcomponents:httpclient-cache:jar:4.2.5 from the shaded jar.
> [INFO] Excluding org.apache.httpcomponents:httpclient:jar:4.2.5 from the shaded jar.
> [INFO] Excluding org.apache.httpcomponents:httpcore:jar:4.2.4 from the shaded jar.
> [INFO] Excluding commons-codec:commons-codec:jar:1.6 from the shaded jar.
> [INFO] Excluding org.slf4j:jcl-over-slf4j:jar:1.7.7 from the shaded jar.
> [INFO] Excluding org.semarglproject:semargl-sesame:jar:0.6.1 from the shaded jar.
> [INFO] Excluding org.semarglproject:semargl-core:jar:0.6.1 from the shaded jar.
> [INFO] Excluding org.semarglproject:semargl-rdfa:jar:0.6.1 from the shaded jar.
> [INFO] Excluding org.semarglproject:semargl-rdf:jar:0.6.1 from the shaded jar.
> [INFO] Excluding net.sf.trove4j:trove4j:jar:3.0.3 from the shaded jar.
> [INFO] Excluding com.google.guava:guava:jar:18.0 from the shaded jar.
> [INFO] Excluding com.google.inject:guice:jar:4.0 from the shaded jar.
> [INFO] Excluding javax.inject:javax.inject:jar:1 from the shaded jar.
> [INFO] Excluding aopalliance:aopalliance:jar:1.0 from the shaded jar.
> [INFO] Excluding com.google.inject.extensions:guice-assistedinject:jar:4.0 from the shaded jar.
> [INFO] Excluding com.google.inject.extensions:guice-multibindings:jar:4.0 from the shaded jar.
> [INFO] Excluding com.google.code.findbugs:jsr305:jar:2.0.1 from the shaded jar.
> [INFO] Excluding org.slf4j:slf4j-api:jar:1.7.10 from the shaded jar.
> [INFO] Excluding commons-io:commons-io:jar:2.4 from the shaded jar.
> [WARNING] owlapi-distribution-4.1.4-SNAPSHOT.jar, owlapi-oboformat-4.1.4-SNAPSHOT.jar define 75 overlappping classes: 
> [WARNING]   - org.obolibrary.oboformat.parser.OBOFormatParser$MyStream
> [WARNING]   - org.obolibrary.obo2owl.OWLAPIOwl2Obo
> [WARNING]   - org.obolibrary.obo2owl.OboInOwlCardinalityTools$AnnotationCardinalityConfictHandler
> [WARNING]   - org.obolibrary.macro.ManchesterSyntaxTool
> [WARNING]   - org.obolibrary.oboformat.parser.XrefExpander
> [WARNING]   - org.obolibrary.macro.ManchesterSyntaxTool$1
> [WARNING]   - org.obolibrary.oboformat.writer.OBOFormatWriter$TermsTagsComparator
> [WARNING]   - org.obolibrary.oboformat.parser.OBOFormatException
> [WARNING]   - org.obolibrary.oboformat.parser.XrefExpander$IsaExpansion
> [WARNING]   - org.obolibrary.oboformat.model.Frame$FrameType
> [WARNING]   - 65 more...
> [WARNING] owlapi-distribution-4.1.4-SNAPSHOT.jar, owlapi-parsers-4.1.4-SNAPSHOT.jar define 606 overlappping classes: 
> [WARNING]   - org.semanticweb.owlapi.owlxml.parser.AbstractOWLObjectPropertyOperandAxiomElementHandler
> [WARNING]   - org.semanticweb.owlapi.owlxml.parser.PARSER_OWLXMLVocabulary$42
> [WARNING]   - org.semanticweb.owlapi.owlxml.parser.OWLObjectHasValueElementHandler
> [WARNING]   - org.semanticweb.owlapi.rdf.rdfxml.parser.TripleHandlers$TypeDeprecatedClassHandler
> [WARNING]   - org.semanticweb.owlapi.rdf.rdfxml.parser.Mode
> [WARNING]   - org.semanticweb.owlapi.rdf.rdfxml.parser.TripleHandlers$TPFirstResourceHandler
> [WARNING]   - org.semanticweb.owlapi.owlxml.parser.OWLOntologyHandler
> [WARNING]   - org.semanticweb.owlapi.rdf.rdfxml.parser.Translators$DataHasValueTranslator
> [WARNING]   - org.semanticweb.owlapi.manchestersyntax.parser.ManchesterOWLSyntaxParserImpl$AnnotatedDataRangeListItemParser
> [WARNING]   - org.semanticweb.owlapi.owlxml.parser.OWLObjectPropertyRangeAxiomElementHandler
> [WARNING]   - 596 more...
> [WARNING] owlapi-distribution-4.1.4-SNAPSHOT.jar, owlapi-fixers-4.1.4-SNAPSHOT.jar define 95 overlappping classes: 
> [WARNING]   - org.semanticweb.owlapitools.builders.BuilderEquivalentDataProperties
> [WARNING]   - org.semanticweb.owlapitools.builders.BuilderObjectPropertyDomain
> [WARNING]   - org.semanticweb.owlapitools.builders.BuilderObjectExactCardinality
> [WARNING]   - org.semanticweb.owlapitools.builders.BuilderDataHasValue
> [WARNING]   - org.semanticweb.owlapitools.builders.BuilderSWRLDataRangeAtom
> [WARNING]   - org.semanticweb.owlapitools.builders.BuilderDisjointUnion
> [WARNING]   - org.semanticweb.owlapitools.builders.BuilderDataPropertyDomain
> [WARNING]   - org.semanticweb.owlapitools.builders.BuilderClass
> [WARNING]   - org.semanticweb.owlapitools.builders.BuilderFunctionalObjectProperty
> [WARNING]   - org.semanticweb.owlapitools.builders.BuilderReflexiveObjectProperty
> [WARNING]   - 85 more...
> [WARNING] owlapi-distribution-4.1.4-SNAPSHOT.jar, owlapi-rio-4.1.4-SNAPSHOT.jar define 68 overlappping classes: 
> [WARNING]   - org.semanticweb.owlapi.rio.RioRenderer
> [WARNING]   - org.semanticweb.owlapi.formats.RioRDFXMLDocumentFormat
> [WARNING]   - org.semanticweb.owlapi.rio.RioTrixStorerFactory
> [WARNING]   - org.semanticweb.owlapi.rio.RioRDFXMLStorerFactory
> [WARNING]   - org.semanticweb.owlapi.rio.RioTrixParserFactory
> [WARNING]   - org.semanticweb.owlapi.rio.RioOWLRDFParser
> [WARNING]   - org.semanticweb.owlapi.rio.RioOWLXMLParserFactory
> [WARNING]   - org.semanticweb.owlapi.rio.OWLAPIRDFFormat
> [WARNING]   - org.semanticweb.owlapi.rio.RioNTriplesParserFactory
> [WARNING]   - org.semanticweb.owlapi.formats.RDFaDocumentFormatFactory
> [WARNING]   - 58 more...
> [WARNING] owlapi-impl-4.1.4-SNAPSHOT.jar, owlapi-distribution-4.1.4-SNAPSHOT.jar define 217 overlappping classes: 
> [WARNING]   - uk.ac.manchester.cs.owl.owlapi.OWLFunctionalDataPropertyAxiomImpl
> [WARNING]   - uk.ac.manchester.cs.owl.owlapi.OWLDataFactoryInternals
> [WARNING]   - uk.ac.manchester.cs.owl.owlapi.OWLObjectPropertyImpl
> [WARNING]   - uk.ac.manchester.cs.owl.owlapi.OWLObjectMaxCardinalityImpl
> [WARNING]   - uk.ac.manchester.cs.owl.owlapi.concurrent.Concurrency
> [WARNING]   - uk.ac.manchester.cs.owl.owlapi.OWLDataExactCardinalityImpl
> [WARNING]   - org.semanticweb.owlapi.reasoner.impl.OWLClassNode
> [WARNING]   - uk.ac.manchester.cs.owl.owlapi.OWLAnnotationPropertyRangeAxiomImpl
> [WARNING]   - uk.ac.manchester.cs.owl.owlapi.SWRLAtomImpl
> [WARNING]   - uk.ac.manchester.cs.owl.owlapi.OWLDataMaxCardinalityImpl
> [WARNING]   - 207 more...
> [WARNING] owlapi-distribution-4.1.4-SNAPSHOT.jar, owlapi-apibinding-4.1.4-SNAPSHOT.jar define 2 overlappping classes: 
> [WARNING]   - org.semanticweb.owlapi.apibinding.OWLManager
> [WARNING]   - org.semanticweb.owlapi.apibinding.OWLFunctionalSyntaxFactory
> [WARNING] owlapi-api-4.1.4-SNAPSHOT.jar, owlapi-distribution-4.1.4-SNAPSHOT.jar define 755 overlappping classes: 
> [WARNING]   - org.semanticweb.owlapi.model.OWLAxiomCollection
> [WARNING]   - org.semanticweb.owlapi.util.InferredEquivalentDataPropertiesAxiomGenerator
> [WARNING]   - org.semanticweb.owlapi.profiles.Profiles
> [WARNING]   - org.semanticweb.owlapi.util.OWLClassExpressionCollector
> [WARNING]   - org.semanticweb.owlapi.profiles.violations.DatatypeIRIAlsoUsedAsClassIRI
> [WARNING]   - org.semanticweb.owlapi.profiles.OWL2Profile
> [WARNING]   - org.semanticweb.owlapi.model.OWLFunctionalDataPropertyAxiom
> [WARNING]   - org.semanticweb.owlapi.io.SystemOutDocumentTarget
> [WARNING]   - org.semanticweb.owlapi.model.EDTChangeBroadcastStrategy$BroadcastException
> [WARNING]   - org.semanticweb.owlapi.profiles.OWL2RLProfile$OWL2RLObjectVisitor
> [WARNING]   - 745 more...
> [WARNING] owlapi-distribution-4.1.4-SNAPSHOT.jar, owlapi-tools-4.1.4-SNAPSHOT.jar define 84 overlappping classes: 
> [WARNING]   - uk.ac.manchester.cs.owlapi.modularity.SyntacticLocalityModuleExtractor$1
> [WARNING]   - com.clarkparsia.owlapi.explanation.util.DefinitionTracker
> [WARNING]   - uk.ac.manchester.cs.owl.explanation.ordering.ExplanationTree
> [WARNING]   - com.clarkparsia.owlapi.explanation.io.ExplanationRenderer
> [WARNING]   - org.semanticweb.owlapi.normalform.OWLObjectComplementOfExtractor
> [WARNING]   - org.semanticweb.owlapi.metrics.AxiomTypeMetric
> [WARNING]   - uk.ac.manchester.cs.owl.explanation.ordering.AlphaExplanationOrderer
> [WARNING]   - org.semanticweb.owlapi.metrics.HiddenGCICount
> [WARNING]   - com.clarkparsia.owlapi.explanation.io.SilentExplanationRenderer
> [WARNING]   - org.semanticweb.owlapi.metrics.ReferencedIndividualCount
> [WARNING]   - 74 more...
> [WARNING] maven-shade-plugin has detected that some .class files
> [WARNING] are present in two or more JARs. When this happens, only
> [WARNING] one single version of the class is copied in the uberjar.
> [WARNING] Usually this is not harmful and you can skeep these
> [WARNING] warnings, otherwise try to manually exclude artifacts
> [WARNING] based on mvn dependency:tree -Ddetail=true and the above
> [WARNING] output
> [WARNING] See http://docs.codehaus.org/display/MAVENUSER/Shade+Plugin
> [INFO] Replacing original artifact with shaded artifact.
> [INFO] Replacing /home/travis/build/owlcs/owlapi/distribution/target/owlapi-distribution-4.1.4-SNAPSHOT.jar with /home/travis/build/owlcs/owlapi/distribution/target/owlapi-distribution-4.1.4-SNAPSHOT-shaded.jar
> [INFO] Dependency-reduced POM written at: /home/travis/build/owlcs/owlapi/distribution/dependency-reduced-pom.xml
> [INFO] 
> [INFO] --- maven-javadoc-plugin:2.8.1:jar (attach-javadocs) @ owlapi-distribution ---
> [INFO] Skipping javadoc generation
> [INFO] 
> [INFO] --- maven-javadoc-plugin:2.8.1:jar (attach-javadoc) @ owlapi-distribution ---
> [INFO] Skipping javadoc generation
> [INFO] 
> [INFO] --- maven-assembly-plugin:2.4:single (attach-sources) @ owlapi-distribution ---
> [INFO] Reading assembly descriptor: src/assembly/sources.xml
> [INFO] Building jar: /home/travis/build/owlcs/owlapi/distribution/target/owlapi-distribution-4.1.4-SNAPSHOT-sources.jar
> [INFO] 
> [INFO] --- maven-install-plugin:2.5.2:install (default-install) @ owlapi-distribution ---
> [INFO] Installing /home/travis/build/owlcs/owlapi/distribution/target/owlapi-distribution-4.1.4-SNAPSHOT.jar to /home/travis/.m2/repository/net/sourceforge/owlapi/owlapi-distribution/4.1.4-SNAPSHOT/owlapi-distribution-4.1.4-SNAPSHOT.jar
> [INFO] Installing /home/travis/build/owlcs/owlapi/distribution/dependency-reduced-pom.xml to /home/travis/.m2/repository/net/sourceforge/owlapi/owlapi-distribution/4.1.4-SNAPSHOT/owlapi-distribution-4.1.4-SNAPSHOT.pom
> [INFO] Installing /home/travis/build/owlcs/owlapi/distribution/target/owlapi-distribution-4.1.4-SNAPSHOT-sources.jar to /home/travis/.m2/repository/net/sourceforge/owlapi/owlapi-distribution/4.1.4-SNAPSHOT/owlapi-distribution-4.1.4-SNAPSHOT-sources.jar
> [INFO] 
> [INFO] --- maven-bundle-plugin:2.5.3:install (default-install) @ owlapi-distribution ---
> [INFO] Installing net/sourceforge/owlapi/owlapi-distribution/4.1.4-SNAPSHOT/owlapi-distribution-4.1.4-SNAPSHOT.jar
> [INFO] Installing net/sourceforge/owlapi/owlapi-distribution/4.1.4-SNAPSHOT/owlapi-distribution-4.1.4-SNAPSHOT-sources.jar
> [INFO] Writing OBR metadata
> [INFO]                                                                         
> [INFO] ------------------------------------------------------------------------
> [INFO] Building OWLAPI OSGi and Compatibility Distribution 4.1.4-SNAPSHOT
> [INFO] ------------------------------------------------------------------------
> [INFO] 
> [INFO] --- maven-enforcer-plugin:1.0:enforce (enforce-maven) @ owlapi-osgidistribution ---
> [INFO] 
> [INFO] --- maven-resources-plugin:2.7:resources (default-resources) @ owlapi-osgidistribution ---
> [INFO] Using 'UTF-8' encoding to copy filtered resources.
> [INFO] skip non existing resourceDirectory /home/travis/build/owlcs/owlapi/osgidistribution/src/main/resources
> [INFO] 
> [INFO] --- maven-compiler-plugin:2.3.2:compile (default-compile) @ owlapi-osgidistribution ---
> [INFO] Compiling 4 source files to /home/travis/build/owlcs/owlapi/osgidistribution/target/classes
> [INFO] 
> [INFO] --- maven-resources-plugin:2.7:testResources (default-testResources) @ owlapi-osgidistribution ---
> [INFO] Using 'UTF-8' encoding to copy filtered resources.
> [INFO] skip non existing resourceDirectory /home/travis/build/owlcs/owlapi/osgidistribution/src/test/resources
> [INFO] 
> [INFO] --- maven-compiler-plugin:2.3.2:testCompile (default-testCompile) @ owlapi-osgidistribution ---
> [INFO] Compiling 3 source files to /home/travis/build/owlcs/owlapi/osgidistribution/target/test-classes
> [INFO] 
> [INFO] --- maven-surefire-plugin:2.18.1:test (default-test) @ owlapi-osgidistribution ---
> [INFO] Tests are skipped.
> [INFO] 
> [INFO] --- animal-sniffer-maven-plugin:1.13:check (default) @ owlapi-osgidistribution ---
> [INFO] Checking unresolved references to org.codehaus.mojo.signature:java17:1.0
> [INFO] 
> [INFO] --- maven-bundle-plugin:2.5.3:bundle (default-bundle) @ owlapi-osgidistribution ---
> [WARNING] Bundle net.sourceforge.owlapi:owlapi-osgidistribution:bundle:4.1.4-SNAPSHOT : Split package, multiple jars provide the same package:org/coode/owlapi/obo/parser
> Use Import/Export Package directive -split-package:=(merge-first|merge-last|error|first) to get rid of this warning
> Package found in   [Jar:., Jar:owlapi-compatibility]
> Class path         [Jar:., Jar:owlapi-apibinding, Jar:owlapi-tools, Jar:owlapi-impl, Jar:owlapi-parsers, Jar:owlapi-oboformat, Jar:owlapi-fixers, Jar:owlapi-rio, Jar:owlapi-api, Jar:jackson-core, Jar:jackson-databind, Jar:jackson-annotations, Jar:owlapi-compatibility, Jar:xz, Jar:sesame-model, Jar:sesame-rio-api, Jar:sesame-rio-languages, Jar:sesame-rio-datatypes, Jar:sesame-rio-binary, Jar:sesame-rio-n3, Jar:sesame-rio-nquads, Jar:sesame-rio-ntriples, Jar:sesame-rio-rdfjson, Jar:sesame-rio-rdfxml, Jar:sesame-rio-trix, Jar:sesame-rio-turtle, Jar:sesame-rio-trig, Jar:sesame-util, Jar:jsonld-java-sesame, Jar:jsonld-java, Jar:jcl-over-slf4j, Jar:httpclient, Jar:httpclient-cache, Jar:httpcore, Jar:commons-codec, Jar:commons-logging, Jar:semargl-sesame, Jar:semargl-core, Jar:semargl-rdfa, Jar:semargl-rdf, Jar:org.apache.servicemix.bundles.javax-inject, Jar:org.apache.servicemix.bundles.aopalliance, Jar:trove4j, Jar:guava, Jar:guice, Jar:javax.inject, Jar:aopalliance, Jar:guice-assistedinject, Jar:guice-multibindings, Jar:jsr305, Jar:slf4j-api, Jar:commons-io]
> [WARNING] Bundle net.sourceforge.owlapi:owlapi-osgidistribution:bundle:4.1.4-SNAPSHOT : Split package, multiple jars provide the same package:uk/ac/manchester/cs/owl/explanation/ordering
> Use Import/Export Package directive -split-package:=(merge-first|merge-last|error|first) to get rid of this warning
> Package found in   [Jar:., Jar:owlapi-tools]
> Class path         [Jar:., Jar:owlapi-apibinding, Jar:owlapi-tools, Jar:owlapi-impl, Jar:owlapi-parsers, Jar:owlapi-oboformat, Jar:owlapi-fixers, Jar:owlapi-rio, Jar:owlapi-api, Jar:jackson-core, Jar:jackson-databind, Jar:jackson-annotations, Jar:owlapi-compatibility, Jar:xz, Jar:sesame-model, Jar:sesame-rio-api, Jar:sesame-rio-languages, Jar:sesame-rio-datatypes, Jar:sesame-rio-binary, Jar:sesame-rio-n3, Jar:sesame-rio-nquads, Jar:sesame-rio-ntriples, Jar:sesame-rio-rdfjson, Jar:sesame-rio-rdfxml, Jar:sesame-rio-trix, Jar:sesame-rio-turtle, Jar:sesame-rio-trig, Jar:sesame-util, Jar:jsonld-java-sesame, Jar:jsonld-java, Jar:jcl-over-slf4j, Jar:httpclient, Jar:httpclient-cache, Jar:httpcore, Jar:commons-codec, Jar:commons-logging, Jar:semargl-sesame, Jar:semargl-core, Jar:semargl-rdfa, Jar:semargl-rdf, Jar:org.apache.servicemix.bundles.javax-inject, Jar:org.apache.servicemix.bundles.aopalliance, Jar:trove4j, Jar:guava, Jar:guice, Jar:javax.inject, Jar:aopalliance, Jar:guice-assistedinject, Jar:guice-multibindings, Jar:jsr305, Jar:slf4j-api, Jar:commons-io]
> [WARNING] Bundle net.sourceforge.owlapi:owlapi-osgidistribution:bundle:4.1.4-SNAPSHOT : Export org.semanticweb.owlapi.formats,  has 1,  private references [org.openrdf.rio], 
> [WARNING] Bundle net.sourceforge.owlapi:owlapi-osgidistribution:bundle:4.1.4-SNAPSHOT : Export org.semanticweb.owlapi.io,  has 1,  private references [org.tukaani.xz], 
> [WARNING] Bundle net.sourceforge.owlapi:owlapi-osgidistribution:bundle:4.1.4-SNAPSHOT : Export org.semanticweb.owlapi.rio,  has 5,  private references [org.openrdf.rio, org.openrdf, org.openrdf.model, org.openrdf.rio.helpers, info.aduna.iteration], 
> [WARNING] Bundle net.sourceforge.owlapi:owlapi-osgidistribution:bundle:4.1.4-SNAPSHOT : Export org.semanticweb.owlapi.rio.utils,  has 1,  private references [org.openrdf.model], 
> [INFO] 
> [INFO] >>> maven-source-plugin:2.2.1:jar (attach-sources) > generate-sources @ owlapi-osgidistribution >>>
> [INFO] 
> [INFO] --- maven-enforcer-plugin:1.0:enforce (enforce-maven) @ owlapi-osgidistribution ---
> [INFO] 
> [INFO] <<< maven-source-plugin:2.2.1:jar (attach-sources) < generate-sources @ owlapi-osgidistribution <<<
> [INFO] 
> [INFO] --- maven-source-plugin:2.2.1:jar (attach-sources) @ owlapi-osgidistribution ---
> [INFO] Building jar: /home/travis/build/owlcs/owlapi/osgidistribution/target/owlapi-osgidistribution-4.1.4-SNAPSHOT-sources.jar
> [INFO] 
> [INFO] --- maven-shade-plugin:2.3:shade (default) @ owlapi-osgidistribution ---
> [INFO] Including net.sourceforge.owlapi:owlapi-apibinding:jar:4.1.4-SNAPSHOT in the shaded jar.
> [INFO] Including net.sourceforge.owlapi:owlapi-tools:jar:4.1.4-SNAPSHOT in the shaded jar.
> [INFO] Including net.sourceforge.owlapi:owlapi-impl:jar:4.1.4-SNAPSHOT in the shaded jar.
> [INFO] Including net.sourceforge.owlapi:owlapi-parsers:jar:4.1.4-SNAPSHOT in the shaded jar.
> [INFO] Including net.sourceforge.owlapi:owlapi-oboformat:jar:4.1.4-SNAPSHOT in the shaded jar.
> [INFO] Including net.sourceforge.owlapi:owlapi-fixers:jar:4.1.4-SNAPSHOT in the shaded jar.
> [INFO] Including net.sourceforge.owlapi:owlapi-rio:jar:4.1.4-SNAPSHOT in the shaded jar.
> [INFO] Including net.sourceforge.owlapi:owlapi-api:jar:4.1.4-SNAPSHOT in the shaded jar.
> [INFO] Excluding com.fasterxml.jackson.core:jackson-core:jar:2.5.1 from the shaded jar.
> [INFO] Excluding com.fasterxml.jackson.core:jackson-databind:jar:2.5.1 from the shaded jar.
> [INFO] Excluding com.fasterxml.jackson.core:jackson-annotations:jar:2.5.1 from the shaded jar.
> [INFO] Including net.sourceforge.owlapi:owlapi-compatibility:jar:4.1.4-SNAPSHOT in the shaded jar.
> [INFO] Excluding org.tukaani:xz:jar:1.5 from the shaded jar.
> [INFO] Excluding org.openrdf.sesame:sesame-model:jar:2.7.16 from the shaded jar.
> [INFO] Excluding org.openrdf.sesame:sesame-rio-api:jar:2.7.16 from the shaded jar.
> [INFO] Excluding org.openrdf.sesame:sesame-rio-languages:jar:2.7.16 from the shaded jar.
> [INFO] Excluding org.openrdf.sesame:sesame-rio-datatypes:jar:2.7.16 from the shaded jar.
> [INFO] Excluding org.openrdf.sesame:sesame-rio-binary:jar:2.7.16 from the shaded jar.
> [INFO] Excluding org.openrdf.sesame:sesame-rio-n3:jar:2.7.16 from the shaded jar.
> [INFO] Excluding org.openrdf.sesame:sesame-rio-nquads:jar:2.7.16 from the shaded jar.
> [INFO] Excluding org.openrdf.sesame:sesame-rio-ntriples:jar:2.7.16 from the shaded jar.
> [INFO] Excluding org.openrdf.sesame:sesame-rio-rdfjson:jar:2.7.16 from the shaded jar.
> [INFO] Excluding org.openrdf.sesame:sesame-rio-rdfxml:jar:2.7.16 from the shaded jar.
> [INFO] Excluding org.openrdf.sesame:sesame-rio-trix:jar:2.7.16 from the shaded jar.
> [INFO] Excluding org.openrdf.sesame:sesame-rio-turtle:jar:2.7.16 from the shaded jar.
> [INFO] Excluding org.openrdf.sesame:sesame-rio-trig:jar:2.7.16 from the shaded jar.
> [INFO] Excluding org.openrdf.sesame:sesame-util:jar:2.7.16 from the shaded jar.
> [INFO] Excluding com.github.jsonld-java:jsonld-java-sesame:jar:0.5.0 from the shaded jar.
> [INFO] Excluding com.github.jsonld-java:jsonld-java:jar:0.5.0 from the shaded jar.
> [INFO] Excluding org.slf4j:jcl-over-slf4j:jar:1.7.7 from the shaded jar.
> [INFO] Excluding org.apache.httpcomponents:httpclient:jar:4.5.1 from the shaded jar.
> [INFO] Excluding org.apache.httpcomponents:httpclient-cache:jar:4.5.1 from the shaded jar.
> [INFO] Excluding org.apache.httpcomponents:httpcore:jar:4.4.3 from the shaded jar.
> [INFO] Excluding commons-codec:commons-codec:jar:1.9 from the shaded jar.
> [INFO] Excluding commons-logging:commons-logging:jar:1.2 from the shaded jar.
> [INFO] Excluding org.semarglproject:semargl-sesame:jar:0.6.1 from the shaded jar.
> [INFO] Excluding org.semarglproject:semargl-core:jar:0.6.1 from the shaded jar.
> [INFO] Excluding org.semarglproject:semargl-rdfa:jar:0.6.1 from the shaded jar.
> [INFO] Excluding org.semarglproject:semargl-rdf:jar:0.6.1 from the shaded jar.
> [INFO] Excluding org.apache.servicemix.bundles:org.apache.servicemix.bundles.javax-inject:jar:1_2 from the shaded jar.
> [INFO] Excluding org.apache.servicemix.bundles:org.apache.servicemix.bundles.aopalliance:jar:1.0_6 from the shaded jar.
> [INFO] Excluding net.sf.trove4j:trove4j:jar:3.0.3 from the shaded jar.
> [INFO] Excluding com.google.guava:guava:jar:18.0 from the shaded jar.
> [INFO] Excluding com.google.inject:guice:jar:4.0 from the shaded jar.
> [INFO] Excluding javax.inject:javax.inject:jar:1 from the shaded jar.
> [INFO] Excluding aopalliance:aopalliance:jar:1.0 from the shaded jar.
> [INFO] Excluding com.google.inject.extensions:guice-assistedinject:jar:4.0 from the shaded jar.
> [INFO] Excluding com.google.inject.extensions:guice-multibindings:jar:4.0 from the shaded jar.
> [INFO] Excluding com.google.code.findbugs:jsr305:jar:2.0.1 from the shaded jar.
> [INFO] Excluding org.slf4j:slf4j-api:jar:1.7.10 from the shaded jar.
> [INFO] Excluding commons-io:commons-io:jar:2.4 from the shaded jar.
> [WARNING] owlapi-tools-4.1.4-SNAPSHOT.jar, owlapi-osgidistribution-4.1.4-SNAPSHOT.jar define 84 overlappping classes: 
> [WARNING]   - uk.ac.manchester.cs.owlapi.modularity.SyntacticLocalityModuleExtractor$1
> [WARNING]   - com.clarkparsia.owlapi.explanation.util.DefinitionTracker
> [WARNING]   - uk.ac.manchester.cs.owl.explanation.ordering.ExplanationTree
> [WARNING]   - com.clarkparsia.owlapi.explanation.io.ExplanationRenderer
> [WARNING]   - org.semanticweb.owlapi.normalform.OWLObjectComplementOfExtractor
> [WARNING]   - org.semanticweb.owlapi.metrics.AxiomTypeMetric
> [WARNING]   - uk.ac.manchester.cs.owl.explanation.ordering.AlphaExplanationOrderer
> [WARNING]   - org.semanticweb.owlapi.metrics.HiddenGCICount
> [WARNING]   - com.clarkparsia.owlapi.explanation.io.SilentExplanationRenderer
> [WARNING]   - org.semanticweb.owlapi.metrics.ReferencedIndividualCount
> [WARNING]   - 74 more...
> [WARNING] owlapi-parsers-4.1.4-SNAPSHOT.jar, owlapi-osgidistribution-4.1.4-SNAPSHOT.jar define 606 overlappping classes: 
> [WARNING]   - org.semanticweb.owlapi.owlxml.parser.AbstractOWLObjectPropertyOperandAxiomElementHandler
> [WARNING]   - org.semanticweb.owlapi.owlxml.parser.PARSER_OWLXMLVocabulary$42
> [WARNING]   - org.semanticweb.owlapi.owlxml.parser.OWLObjectHasValueElementHandler
> [WARNING]   - org.semanticweb.owlapi.rdf.rdfxml.parser.TripleHandlers$TypeDeprecatedClassHandler
> [WARNING]   - org.semanticweb.owlapi.rdf.rdfxml.parser.Mode
> [WARNING]   - org.semanticweb.owlapi.rdf.rdfxml.parser.TripleHandlers$TPFirstResourceHandler
> [WARNING]   - org.semanticweb.owlapi.owlxml.parser.OWLOntologyHandler
> [WARNING]   - org.semanticweb.owlapi.rdf.rdfxml.parser.Translators$DataHasValueTranslator
> [WARNING]   - org.semanticweb.owlapi.manchestersyntax.parser.ManchesterOWLSyntaxParserImpl$AnnotatedDataRangeListItemParser
> [WARNING]   - org.semanticweb.owlapi.owlxml.parser.OWLObjectPropertyRangeAxiomElementHandler
> [WARNING]   - 596 more...
> [WARNING] owlapi-compatibility-4.1.4-SNAPSHOT.jar, owlapi-osgidistribution-4.1.4-SNAPSHOT.jar define 84 overlappping classes: 
> [WARNING]   - org.semanticweb.owlapi.vocab.PrefixOWLOntologyFormat
> [WARNING]   - org.coode.owlapi.obo12.parser.OBOParserTokenManager
> [WARNING]   - org.coode.owlapi.manchesterowlsyntax.ManchesterOWLSyntaxClassExpressionParser
> [WARNING]   - org.coode.owlapi.obo12.parser.OBOVocabulary
> [WARNING]   - org.coode.owlapi.obo12.parser.InverseHandler
> [WARNING]   - org.coode.owlapi.obo12.parser.OBOIdTranslator
> [WARNING]   - org.coode.owlapi.obo12.parser.DefTagValueHandler
> [WARNING]   - org.coode.owlapi.obo12.parser.OBOParserException
> [WARNING]   - org.semanticweb.owlapi.model.OWLOntologyFormat
> [WARNING]   - org.coode.owlapi.obo12.parser.OBOTagValuePair
> [WARNING]   - 74 more...
> [WARNING] owlapi-rio-4.1.4-SNAPSHOT.jar, owlapi-osgidistribution-4.1.4-SNAPSHOT.jar define 68 overlappping classes: 
> [WARNING]   - org.semanticweb.owlapi.rio.RioRenderer
> [WARNING]   - org.semanticweb.owlapi.formats.RioRDFXMLDocumentFormat
> [WARNING]   - org.semanticweb.owlapi.rio.RioTrixStorerFactory
> [WARNING]   - org.semanticweb.owlapi.rio.RioRDFXMLStorerFactory
> [WARNING]   - org.semanticweb.owlapi.rio.RioTrixParserFactory
> [WARNING]   - org.semanticweb.owlapi.rio.RioOWLRDFParser
> [WARNING]   - org.semanticweb.owlapi.rio.RioOWLXMLParserFactory
> [WARNING]   - org.semanticweb.owlapi.rio.OWLAPIRDFFormat
> [WARNING]   - org.semanticweb.owlapi.rio.RioNTriplesParserFactory
> [WARNING]   - org.semanticweb.owlapi.formats.RDFaDocumentFormatFactory
> [WARNING]   - 58 more...
> [WARNING] owlapi-fixers-4.1.4-SNAPSHOT.jar, owlapi-osgidistribution-4.1.4-SNAPSHOT.jar define 95 overlappping classes: 
> [WARNING]   - org.semanticweb.owlapitools.builders.BuilderEquivalentDataProperties
> [WARNING]   - org.semanticweb.owlapitools.builders.BuilderObjectPropertyDomain
> [WARNING]   - org.semanticweb.owlapitools.builders.BuilderObjectExactCardinality
> [WARNING]   - org.semanticweb.owlapitools.builders.BuilderDataHasValue
> [WARNING]   - org.semanticweb.owlapitools.builders.BuilderSWRLDataRangeAtom
> [WARNING]   - org.semanticweb.owlapitools.builders.BuilderDisjointUnion
> [WARNING]   - org.semanticweb.owlapitools.builders.BuilderDataPropertyDomain
> [WARNING]   - org.semanticweb.owlapitools.builders.BuilderClass
> [WARNING]   - org.semanticweb.owlapitools.builders.BuilderFunctionalObjectProperty
> [WARNING]   - org.semanticweb.owlapitools.builders.BuilderReflexiveObjectProperty
> [WARNING]   - 85 more...
> [WARNING] owlapi-impl-4.1.4-SNAPSHOT.jar, owlapi-osgidistribution-4.1.4-SNAPSHOT.jar define 217 overlappping classes: 
> [WARNING]   - uk.ac.manchester.cs.owl.owlapi.OWLFunctionalDataPropertyAxiomImpl
> [WARNING]   - uk.ac.manchester.cs.owl.owlapi.OWLDataFactoryInternals
> [WARNING]   - uk.ac.manchester.cs.owl.owlapi.OWLObjectPropertyImpl
> [WARNING]   - uk.ac.manchester.cs.owl.owlapi.OWLObjectMaxCardinalityImpl
> [WARNING]   - uk.ac.manchester.cs.owl.owlapi.concurrent.Concurrency
> [WARNING]   - uk.ac.manchester.cs.owl.owlapi.OWLDataExactCardinalityImpl
> [WARNING]   - org.semanticweb.owlapi.reasoner.impl.OWLClassNode
> [WARNING]   - uk.ac.manchester.cs.owl.owlapi.OWLAnnotationPropertyRangeAxiomImpl
> [WARNING]   - uk.ac.manchester.cs.owl.owlapi.SWRLAtomImpl
> [WARNING]   - uk.ac.manchester.cs.owl.owlapi.OWLDataMaxCardinalityImpl
> [WARNING]   - 207 more...
> [WARNING] owlapi-apibinding-4.1.4-SNAPSHOT.jar, owlapi-osgidistribution-4.1.4-SNAPSHOT.jar define 2 overlappping classes: 
> [WARNING]   - org.semanticweb.owlapi.apibinding.OWLManager
> [WARNING]   - org.semanticweb.owlapi.apibinding.OWLFunctionalSyntaxFactory
> [WARNING] owlapi-oboformat-4.1.4-SNAPSHOT.jar, owlapi-osgidistribution-4.1.4-SNAPSHOT.jar define 75 overlappping classes: 
> [WARNING]   - org.obolibrary.oboformat.parser.OBOFormatParser$MyStream
> [WARNING]   - org.obolibrary.obo2owl.OWLAPIOwl2Obo
> [WARNING]   - org.obolibrary.obo2owl.OboInOwlCardinalityTools$AnnotationCardinalityConfictHandler
> [WARNING]   - org.obolibrary.macro.ManchesterSyntaxTool
> [WARNING]   - org.obolibrary.oboformat.parser.XrefExpander
> [WARNING]   - org.obolibrary.macro.ManchesterSyntaxTool$1
> [WARNING]   - org.obolibrary.oboformat.writer.OBOFormatWriter$TermsTagsComparator
> [WARNING]   - org.obolibrary.oboformat.parser.OBOFormatException
> [WARNING]   - org.obolibrary.oboformat.parser.XrefExpander$IsaExpansion
> [WARNING]   - org.obolibrary.oboformat.model.Frame$FrameType
> [WARNING]   - 65 more...
> [WARNING] owlapi-api-4.1.4-SNAPSHOT.jar, owlapi-osgidistribution-4.1.4-SNAPSHOT.jar define 755 overlappping classes: 
> [WARNING]   - org.semanticweb.owlapi.model.OWLAxiomCollection
> [WARNING]   - org.semanticweb.owlapi.util.InferredEquivalentDataPropertiesAxiomGenerator
> [WARNING]   - org.semanticweb.owlapi.profiles.Profiles
> [WARNING]   - org.semanticweb.owlapi.util.OWLClassExpressionCollector
> [WARNING]   - org.semanticweb.owlapi.profiles.violations.DatatypeIRIAlsoUsedAsClassIRI
> [WARNING]   - org.semanticweb.owlapi.profiles.OWL2Profile
> [WARNING]   - org.semanticweb.owlapi.model.OWLFunctionalDataPropertyAxiom
> [WARNING]   - org.semanticweb.owlapi.io.SystemOutDocumentTarget
> [WARNING]   - org.semanticweb.owlapi.model.EDTChangeBroadcastStrategy$BroadcastException
> [WARNING]   - org.semanticweb.owlapi.profiles.OWL2RLProfile$OWL2RLObjectVisitor
> [WARNING]   - 745 more...
> [WARNING] maven-shade-plugin has detected that some .class files
> [WARNING] are present in two or more JARs. When this happens, only
> [WARNING] one single version of the class is copied in the uberjar.
> [WARNING] Usually this is not harmful and you can skeep these
> [WARNING] warnings, otherwise try to manually exclude artifacts
> [WARNING] based on mvn dependency:tree -Ddetail=true and the above
> [WARNING] output
> [WARNING] See http://docs.codehaus.org/display/MAVENUSER/Shade+Plugin
> [INFO] Replacing original artifact with shaded artifact.
> [INFO] Replacing /home/travis/build/owlcs/owlapi/osgidistribution/target/owlapi-osgidistribution-4.1.4-SNAPSHOT.jar with /home/travis/build/owlcs/owlapi/osgidistribution/target/owlapi-osgidistribution-4.1.4-SNAPSHOT-shaded.jar
> [INFO] Dependency-reduced POM written at: /home/travis/build/owlcs/owlapi/osgidistribution/dependency-reduced-pom.xml
> [INFO] 
> [INFO] --- maven-javadoc-plugin:2.8.1:jar (attach-javadocs) @ owlapi-osgidistribution ---
> [INFO] Skipping javadoc generation
> [INFO] 
> [INFO] --- maven-javadoc-plugin:2.8.1:jar (attach-javadoc) @ owlapi-osgidistribution ---
> [INFO] Skipping javadoc generation
> [INFO] 
> [INFO] --- maven-assembly-plugin:2.4:single (attach-sources) @ owlapi-osgidistribution ---
> [INFO] Reading assembly descriptor: src/assembly/sources.xml
> [INFO] Building jar: /home/travis/build/owlcs/owlapi/osgidistribution/target/owlapi-osgidistribution-4.1.4-SNAPSHOT-sources.jar
> [INFO] 
> [INFO] --- maven-failsafe-plugin:2.18.1:integration-test (default) @ owlapi-osgidistribution ---
> [INFO] Tests are skipped.
> [INFO] 
> [INFO] --- maven-failsafe-plugin:2.18.1:verify (default) @ owlapi-osgidistribution ---
> [INFO] Tests are skipped.
> [INFO] 
> [INFO] --- maven-install-plugin:2.5.2:install (default-install) @ owlapi-osgidistribution ---
> [INFO] Installing /home/travis/build/owlcs/owlapi/osgidistribution/target/owlapi-osgidistribution-4.1.4-SNAPSHOT.jar to /home/travis/.m2/repository/net/sourceforge/owlapi/owlapi-osgidistribution/4.1.4-SNAPSHOT/owlapi-osgidistribution-4.1.4-SNAPSHOT.jar
> [INFO] Installing /home/travis/build/owlcs/owlapi/osgidistribution/dependency-reduced-pom.xml to /home/travis/.m2/repository/net/sourceforge/owlapi/owlapi-osgidistribution/4.1.4-SNAPSHOT/owlapi-osgidistribution-4.1.4-SNAPSHOT.pom
> [INFO] Installing /home/travis/build/owlcs/owlapi/osgidistribution/target/owlapi-osgidistribution-4.1.4-SNAPSHOT-sources.jar to /home/travis/.m2/repository/net/sourceforge/owlapi/owlapi-osgidistribution/4.1.4-SNAPSHOT/owlapi-osgidistribution-4.1.4-SNAPSHOT-sources.jar
> [INFO] Installing /home/travis/build/owlcs/owlapi/osgidistribution/target/owlapi-osgidistribution-4.1.4-SNAPSHOT-sources.jar to /home/travis/.m2/repository/net/sourceforge/owlapi/owlapi-osgidistribution/4.1.4-SNAPSHOT/owlapi-osgidistribution-4.1.4-SNAPSHOT-sources.jar
> [INFO] 
> [INFO] --- maven-bundle-plugin:2.5.3:install (default-install) @ owlapi-osgidistribution ---
> [INFO] Installing net/sourceforge/owlapi/owlapi-osgidistribution/4.1.4-SNAPSHOT/owlapi-osgidistribution-4.1.4-SNAPSHOT.jar
> [INFO] Installing net/sourceforge/owlapi/owlapi-osgidistribution/4.1.4-SNAPSHOT/owlapi-osgidistribution-4.1.4-SNAPSHOT-sources.jar
> [INFO] Writing OBR metadata
1105,1138c1060,1079
< [INFO] OWLAPI ............................................. SUCCESS [  2.341 s]
< [INFO] OWLAPI Model Interfaces and utilities .............. SUCCESS [  2.959 s]
< [INFO] OWLAPI Default Implementation ...................... SUCCESS [  1.015 s]
< [INFO] tools .............................................. SUCCESS [  1.029 s]
< [INFO] parsers ............................................ SUCCESS [  1.126 s]
< [INFO] oboformat parser ................................... SUCCESS [  0.486 s]
< [INFO] OWLAPITOOLS OWL profile and fixers ................. SUCCESS [  0.568 s]
< [INFO] OWLAPI :: Sesame Rio module ........................ SUCCESS [  0.782 s]
< [INFO] OWLAPI Binding and Config .......................... SUCCESS [  0.993 s]
< [INFO] compatibility ...................................... SUCCESS [  0.629 s]
< [INFO] tests and tutorials ................................ FAILURE [  5.150 s]
< [INFO] OWLAPI Distribution ................................ SKIPPED
< [INFO] OWLAPI OSGi and Compatibility Distribution ......... SKIPPED
< [INFO] ------------------------------------------------------------------------
< [INFO] BUILD FAILURE
< [INFO] ------------------------------------------------------------------------
< [INFO] Total time: 19.027 s
< [INFO] Finished at: 2016-01-28T07:56:05+00:00
< [INFO] Final Memory: 46M/439M
< [INFO] ------------------------------------------------------------------------
< [ERROR] Failed to execute goal org.apache.maven.plugins:maven-compiler-plugin:2.3.2:testCompile (default-testCompile) on project owlapi-contract: Compilation failure
< [ERROR] /home/travis/build/owlcs/owlapi/contract/src/test/java/org/semanticweb/owlapi/api/test/literals/TypedLiteralsTestCase.java:[61,50] error: cannot find symbol
< [ERROR] -> [Help 1]
< [ERROR] 
< [ERROR] To see the full stack trace of the errors, re-run Maven with the -e switch.
< [ERROR] Re-run Maven using the -X switch to enable full debug logging.
< [ERROR] 
< [ERROR] For more information about the errors and possible solutions, please read the following articles:
< [ERROR] [Help 1] http://cwiki.apache.org/confluence/display/MAVEN/MojoFailureException
< [ERROR] 
< [ERROR] After correcting the problems, you can resume the build with the command
< [ERROR]   mvn <goals> -rf :owlapi-contract
< 
< [31;1mThe command "eval mvn install -DskipTests=true -Dmaven.javadoc.skip=true -B -V" failed. Retrying, 3 of 3.[0m
---
> [INFO] OWLAPI ............................................. SUCCESS [  3.415 s]
> [INFO] OWLAPI Model Interfaces and utilities .............. SUCCESS [ 14.365 s]
> [INFO] OWLAPI Default Implementation ...................... SUCCESS [ 12.087 s]
> [INFO] tools .............................................. SUCCESS [  3.577 s]
> [INFO] parsers ............................................ SUCCESS [  9.604 s]
> [INFO] oboformat parser ................................... SUCCESS [  4.421 s]
> [INFO] OWLAPITOOLS OWL profile and fixers ................. SUCCESS [  3.081 s]
> [INFO] OWLAPI :: Sesame Rio module ........................ SUCCESS [  2.347 s]
> [INFO] OWLAPI Binding and Config .......................... SUCCESS [  1.852 s]
> [INFO] compatibility ...................................... SUCCESS [  3.468 s]
> [INFO] tests and tutorials ................................ SUCCESS [  9.878 s]
> [INFO] OWLAPI Distribution ................................ SUCCESS [  9.481 s]
> [INFO] OWLAPI OSGi and Compatibility Distribution ......... SUCCESS [ 10.656 s]
> [INFO] ------------------------------------------------------------------------
> [INFO] BUILD SUCCESS
> [INFO] ------------------------------------------------------------------------
> [INFO] Total time: 01:33 min
> [INFO] Finished at: 2016-01-28T08:11:54+00:00
> [INFO] Final Memory: 120M/424M
> [INFO] ------------------------------------------------------------------------
1140,1145c1081
< Apache Maven 3.2.5 (12a6b3acb947671f09b81f49094c53f426d8cea1; 2014-12-14T17:29:23+00:00)
< Maven home: /usr/local/maven
< Java version: 1.7.0_76, vendor: Oracle Corporation
< Java home: /usr/lib/jvm/java-7-oracle/jre
< Default locale: en_US, platform encoding: UTF-8
< OS name: "linux", version: "3.13.0-40-generic", arch: "amd64", family: "unix"
---
> travis_time:end:0af90cd6:start=1453968618095819071,finish=1453968715457104735,duration=97361285664[0Ktravis_fold:end:install[0Ktravis_time:start:34e709e3[0K$ mvn verify
1186,1188d1121
< [INFO] 
< [INFO] --- maven-install-plugin:2.4:install (default-install) @ owlapi-parent ---
< [INFO] Installing /home/travis/build/owlcs/owlapi/pom.xml to /home/travis/.m2/repository/net/sourceforge/owlapi/owlapi-parent/4.1.4-SNAPSHOT/owlapi-parent-4.1.4-SNAPSHOT.pom
1211c1144,1150
< [INFO] Tests are skipped.
---
> [INFO] Surefire report directory: /home/travis/build/owlcs/owlapi/api/target/surefire-reports
> 
> -------------------------------------------------------
>  T E S T S
> -------------------------------------------------------
> Tests run: 864, Failures: 0, Errors: 0, Skipped: 0
> 
1228,1232d1166
< [INFO] 
< [INFO] --- maven-install-plugin:2.4:install (default-install) @ owlapi-api ---
< [INFO] Installing /home/travis/build/owlcs/owlapi/api/target/owlapi-api-4.1.4-SNAPSHOT.jar to /home/travis/.m2/repository/net/sourceforge/owlapi/owlapi-api/4.1.4-SNAPSHOT/owlapi-api-4.1.4-SNAPSHOT.jar
< [INFO] Installing /home/travis/build/owlcs/owlapi/api/pom.xml to /home/travis/.m2/repository/net/sourceforge/owlapi/owlapi-api/4.1.4-SNAPSHOT/owlapi-api-4.1.4-SNAPSHOT.pom
< [INFO] Installing /home/travis/build/owlcs/owlapi/api/target/owlapi-api-4.1.4-SNAPSHOT-sources.jar to /home/travis/.m2/repository/net/sourceforge/owlapi/owlapi-api/4.1.4-SNAPSHOT/owlapi-api-4.1.4-SNAPSHOT-sources.jar
1255c1189,1197
< [INFO] Tests are skipped.
---
> [INFO] Surefire report directory: /home/travis/build/owlcs/owlapi/impl/target/surefire-reports
> 
> -------------------------------------------------------
>  T E S T S
> -------------------------------------------------------
> [main] ERROR uk.ac.manchester.cs.owl.owlapi.OWLOntologyManagerImpl - Runtime Warning: Parsers should load imported ontologies using the makeImportLoadRequest method.
> [main] ERROR uk.ac.manchester.cs.owl.owlapi.OWLOntologyManagerImpl - Runtime Warning: Parsers should load imported ontologies using the makeImportLoadRequest method.
> Tests run: 499, Failures: 0, Errors: 0, Skipped: 0
> 
1272,1276d1213
< [INFO] 
< [INFO] --- maven-install-plugin:2.4:install (default-install) @ owlapi-impl ---
< [INFO] Installing /home/travis/build/owlcs/owlapi/impl/target/owlapi-impl-4.1.4-SNAPSHOT.jar to /home/travis/.m2/repository/net/sourceforge/owlapi/owlapi-impl/4.1.4-SNAPSHOT/owlapi-impl-4.1.4-SNAPSHOT.jar
< [INFO] Installing /home/travis/build/owlcs/owlapi/impl/pom.xml to /home/travis/.m2/repository/net/sourceforge/owlapi/owlapi-impl/4.1.4-SNAPSHOT/owlapi-impl-4.1.4-SNAPSHOT.pom
< [INFO] Installing /home/travis/build/owlcs/owlapi/impl/target/owlapi-impl-4.1.4-SNAPSHOT-sources.jar to /home/travis/.m2/repository/net/sourceforge/owlapi/owlapi-impl/4.1.4-SNAPSHOT/owlapi-impl-4.1.4-SNAPSHOT-sources.jar
1299c1236
< [INFO] Tests are skipped.
---
> [INFO] No tests to run.
1316,1320d1252
< [INFO] 
< [INFO] --- maven-install-plugin:2.4:install (default-install) @ owlapi-tools ---
< [INFO] Installing /home/travis/build/owlcs/owlapi/tools/target/owlapi-tools-4.1.4-SNAPSHOT.jar to /home/travis/.m2/repository/net/sourceforge/owlapi/owlapi-tools/4.1.4-SNAPSHOT/owlapi-tools-4.1.4-SNAPSHOT.jar
< [INFO] Installing /home/travis/build/owlcs/owlapi/tools/pom.xml to /home/travis/.m2/repository/net/sourceforge/owlapi/owlapi-tools/4.1.4-SNAPSHOT/owlapi-tools-4.1.4-SNAPSHOT.pom
< [INFO] Installing /home/travis/build/owlcs/owlapi/tools/target/owlapi-tools-4.1.4-SNAPSHOT-sources.jar to /home/travis/.m2/repository/net/sourceforge/owlapi/owlapi-tools/4.1.4-SNAPSHOT/owlapi-tools-4.1.4-SNAPSHOT-sources.jar
1343c1275,1281
< [INFO] Tests are skipped.
---
> [INFO] Surefire report directory: /home/travis/build/owlcs/owlapi/parsers/target/surefire-reports
> 
> -------------------------------------------------------
>  T E S T S
> -------------------------------------------------------
> Tests run: 3, Failures: 0, Errors: 0, Skipped: 1
> 
1360,1364d1297
< [INFO] 
< [INFO] --- maven-install-plugin:2.4:install (default-install) @ owlapi-parsers ---
< [INFO] Installing /home/travis/build/owlcs/owlapi/parsers/target/owlapi-parsers-4.1.4-SNAPSHOT.jar to /home/travis/.m2/repository/net/sourceforge/owlapi/owlapi-parsers/4.1.4-SNAPSHOT/owlapi-parsers-4.1.4-SNAPSHOT.jar
< [INFO] Installing /home/travis/build/owlcs/owlapi/parsers/pom.xml to /home/travis/.m2/repository/net/sourceforge/owlapi/owlapi-parsers/4.1.4-SNAPSHOT/owlapi-parsers-4.1.4-SNAPSHOT.pom
< [INFO] Installing /home/travis/build/owlcs/owlapi/parsers/target/owlapi-parsers-4.1.4-SNAPSHOT-sources.jar to /home/travis/.m2/repository/net/sourceforge/owlapi/owlapi-parsers/4.1.4-SNAPSHOT/owlapi-parsers-4.1.4-SNAPSHOT-sources.jar
1387c1320,1326
< [INFO] Tests are skipped.
---
> [INFO] Surefire report directory: /home/travis/build/owlcs/owlapi/oboformat/target/surefire-reports
> 
> -------------------------------------------------------
>  T E S T S
> -------------------------------------------------------
> Tests run: 1, Failures: 0, Errors: 0, Skipped: 0
> 
1404,1408d1342
< [INFO] 
< [INFO] --- maven-install-plugin:2.4:install (default-install) @ owlapi-oboformat ---
< [INFO] Installing /home/travis/build/owlcs/owlapi/oboformat/target/owlapi-oboformat-4.1.4-SNAPSHOT.jar to /home/travis/.m2/repository/net/sourceforge/owlapi/owlapi-oboformat/4.1.4-SNAPSHOT/owlapi-oboformat-4.1.4-SNAPSHOT.jar
< [INFO] Installing /home/travis/build/owlcs/owlapi/oboformat/pom.xml to /home/travis/.m2/repository/net/sourceforge/owlapi/owlapi-oboformat/4.1.4-SNAPSHOT/owlapi-oboformat-4.1.4-SNAPSHOT.pom
< [INFO] Installing /home/travis/build/owlcs/owlapi/oboformat/target/owlapi-oboformat-4.1.4-SNAPSHOT-sources.jar to /home/travis/.m2/repository/net/sourceforge/owlapi/owlapi-oboformat/4.1.4-SNAPSHOT/owlapi-oboformat-4.1.4-SNAPSHOT-sources.jar
1431c1365,1371
< [INFO] Tests are skipped.
---
> [INFO] Surefire report directory: /home/travis/build/owlcs/owlapi/fixers/target/surefire-reports
> 
> -------------------------------------------------------
>  T E S T S
> -------------------------------------------------------
> Tests run: 207, Failures: 0, Errors: 0, Skipped: 0
> 
1448,1452d1387
< [INFO] 
< [INFO] --- maven-install-plugin:2.4:install (default-install) @ owlapi-fixers ---
< [INFO] Installing /home/travis/build/owlcs/owlapi/fixers/target/owlapi-fixers-4.1.4-SNAPSHOT.jar to /home/travis/.m2/repository/net/sourceforge/owlapi/owlapi-fixers/4.1.4-SNAPSHOT/owlapi-fixers-4.1.4-SNAPSHOT.jar
< [INFO] Installing /home/travis/build/owlcs/owlapi/fixers/pom.xml to /home/travis/.m2/repository/net/sourceforge/owlapi/owlapi-fixers/4.1.4-SNAPSHOT/owlapi-fixers-4.1.4-SNAPSHOT.pom
< [INFO] Installing /home/travis/build/owlcs/owlapi/fixers/target/owlapi-fixers-4.1.4-SNAPSHOT-sources.jar to /home/travis/.m2/repository/net/sourceforge/owlapi/owlapi-fixers/4.1.4-SNAPSHOT/owlapi-fixers-4.1.4-SNAPSHOT-sources.jar
1475c1410
< [INFO] Tests are skipped.
---
> [INFO] No tests to run.
1492,1496d1426
< [INFO] 
< [INFO] --- maven-install-plugin:2.4:install (default-install) @ owlapi-rio ---
< [INFO] Installing /home/travis/build/owlcs/owlapi/rio/target/owlapi-rio-4.1.4-SNAPSHOT.jar to /home/travis/.m2/repository/net/sourceforge/owlapi/owlapi-rio/4.1.4-SNAPSHOT/owlapi-rio-4.1.4-SNAPSHOT.jar
< [INFO] Installing /home/travis/build/owlcs/owlapi/rio/pom.xml to /home/travis/.m2/repository/net/sourceforge/owlapi/owlapi-rio/4.1.4-SNAPSHOT/owlapi-rio-4.1.4-SNAPSHOT.pom
< [INFO] Installing /home/travis/build/owlcs/owlapi/rio/target/owlapi-rio-4.1.4-SNAPSHOT-sources.jar to /home/travis/.m2/repository/net/sourceforge/owlapi/owlapi-rio/4.1.4-SNAPSHOT/owlapi-rio-4.1.4-SNAPSHOT-sources.jar
1519c1449
< [INFO] Tests are skipped.
---
> [INFO] No tests to run.
1536,1540d1465
< [INFO] 
< [INFO] --- maven-install-plugin:2.4:install (default-install) @ owlapi-apibinding ---
< [INFO] Installing /home/travis/build/owlcs/owlapi/apibinding/target/owlapi-apibinding-4.1.4-SNAPSHOT.jar to /home/travis/.m2/repository/net/sourceforge/owlapi/owlapi-apibinding/4.1.4-SNAPSHOT/owlapi-apibinding-4.1.4-SNAPSHOT.jar
< [INFO] Installing /home/travis/build/owlcs/owlapi/apibinding/pom.xml to /home/travis/.m2/repository/net/sourceforge/owlapi/owlapi-apibinding/4.1.4-SNAPSHOT/owlapi-apibinding-4.1.4-SNAPSHOT.pom
< [INFO] Installing /home/travis/build/owlcs/owlapi/apibinding/target/owlapi-apibinding-4.1.4-SNAPSHOT-sources.jar to /home/travis/.m2/repository/net/sourceforge/owlapi/owlapi-apibinding/4.1.4-SNAPSHOT/owlapi-apibinding-4.1.4-SNAPSHOT-sources.jar
1563c1488,1501
< [INFO] Tests are skipped.
---
> [INFO] Surefire report directory: /home/travis/build/owlcs/owlapi/compatibility/target/surefire-reports
> 
> -------------------------------------------------------
>  T E S T S
> -------------------------------------------------------
> [Fatal Error] :1:1: Content is not allowed in prolog.
> [main] ERROR org.obolibrary.obo2owl.OWLAPIObo2Owl - id contains space: "'participates in' some 
> ('regulation of drinking behavior' and (has_quality some 
> ('increased frequency' and towards some 'liquid consumption' and owl:qualifier some chronic)))"
> [Fatal Error] :1:1: Content is not allowed in prolog.
> [main] INFO org.semanticweb.owlapi.rdf.rdfxml.parser.OWLRDFConsumer - dumping remaining triples
> [main] INFO org.semanticweb.owlapi.rdf.rdfxml.parser.OWLRDFConsumer - done dumping remaining triples
> Tests run: 3, Failures: 0, Errors: 0, Skipped: 0
> 
1580,1584d1517
< [INFO] 
< [INFO] --- maven-install-plugin:2.4:install (default-install) @ owlapi-compatibility ---
< [INFO] Installing /home/travis/build/owlcs/owlapi/compatibility/target/owlapi-compatibility-4.1.4-SNAPSHOT.jar to /home/travis/.m2/repository/net/sourceforge/owlapi/owlapi-compatibility/4.1.4-SNAPSHOT/owlapi-compatibility-4.1.4-SNAPSHOT.jar
< [INFO] Installing /home/travis/build/owlcs/owlapi/compatibility/pom.xml to /home/travis/.m2/repository/net/sourceforge/owlapi/owlapi-compatibility/4.1.4-SNAPSHOT/owlapi-compatibility-4.1.4-SNAPSHOT.pom
< [INFO] Installing /home/travis/build/owlcs/owlapi/compatibility/target/owlapi-compatibility-4.1.4-SNAPSHOT-sources.jar to /home/travis/.m2/repository/net/sourceforge/owlapi/owlapi-compatibility/4.1.4-SNAPSHOT/owlapi-compatibility-4.1.4-SNAPSHOT-sources.jar
1604,1610c1537,1593
< [INFO] Compiling 313 source files to /home/travis/build/owlcs/owlapi/contract/target/test-classes
< [INFO] -------------------------------------------------------------
< [ERROR] COMPILATION ERROR : 
< [INFO] -------------------------------------------------------------
< [ERROR] /home/travis/build/owlcs/owlapi/contract/src/test/java/org/semanticweb/owlapi/api/test/literals/TypedLiteralsTestCase.java:[61,50] error: cannot find symbol
< [INFO] 1 error
< [INFO] -------------------------------------------------------------
---
> [INFO] Nothing to compile - all classes are up to date
> [INFO] 
> [INFO] --- maven-surefire-plugin:2.18.1:test (default-test) @ owlapi-contract ---
> [INFO] Surefire report directory: /home/travis/build/owlcs/owlapi/contract/target/surefire-reports
> 
> -------------------------------------------------------
>  T E S T S
> -------------------------------------------------------
> [Fatal Error] :1:1: Content is not allowed in prolog.
> [Fatal Error] :1:1: Content is not allowed in prolog.
> [Fatal Error] :1:1: Content is not allowed in prolog.
> [Fatal Error] :1:1: Content is not allowed in prolog.
> [Fatal Error] :1:1: Content is not allowed in prolog.
> [Fatal Error] :1:1: Content is not allowed in prolog.
> [Fatal Error] :1:1: Content is not allowed in prolog.
> [Fatal Error] :1:1: Content is not allowed in prolog.
> [Fatal Error] :1:1: Content is not allowed in prolog.
> [Fatal Error] :1:1: Content is not allowed in prolog.
> [Fatal Error] :1:1: Content is not allowed in prolog.
> [Fatal Error] :1:1: Content is not allowed in prolog.
> [Fatal Error] :1:1: Content is not allowed in prolog.
> [Fatal Error] :1:1: Content is not allowed in prolog.
> [Fatal Error] :1:1: Content is not allowed in prolog.
> [Fatal Error] :1:1: Content is not allowed in prolog.
> [Fatal Error] :1:1: Content is not allowed in prolog.
> [Fatal Error] :1:1: Content is not allowed in prolog.
> [Fatal Error] :1:1: Content is not allowed in prolog.
> [Fatal Error] :1:1: Content is not allowed in prolog.
> [Fatal Error] :1:1: Content is not allowed in prolog.
> 2016-01-28 08:13:01:033 +0000 [Time-limited test] ERROR uk.ac.manchester.cs.owl.owlapi.OWLOntologyManagerImpl - OWLOntologyManagerImpl.checkForOntologyIDChange() existing:Ontology(OntologyID(OntologyIRI(<http://www.semanticweb.org/ontologies/ontologyA>) VersionIRI(<null>))) [Axioms: 1 Logical Axioms: 0] First 20 axioms: {Declaration(Class(<urn:test:testclass>)) }
> 2016-01-28 08:13:01:034 +0000 [Time-limited test] ERROR uk.ac.manchester.cs.owl.owlapi.OWLOntologyManagerImpl - OWLOntologyManagerImpl.checkForOntologyIDChange() new:Ontology(OntologyID(OntologyIRI(<http://www.semanticweb.org/ontologies/ontologyB>) VersionIRI(<null>))) [Axioms: 0 Logical Axioms: 0] First 20 axioms: {}
> 2016-01-28 08:13:01:971 +0000 [Time-limited test] ERROR uk.ac.manchester.cs.owl.owlapi.OWLOntologyManagerImpl - OWLOntologyManagerImpl.checkForOntologyIDChange() existing:Ontology(OntologyID(OntologyIRI(<http://www.semanticweb.org/ontologies/ontologyA>) VersionIRI(<null>))) [Axioms: 1 Logical Axioms: 0] First 20 axioms: {Declaration(Class(<http://www.semanticweb.org/ontologies/ontologyA#A>)) }
> 2016-01-28 08:13:01:972 +0000 [Time-limited test] ERROR uk.ac.manchester.cs.owl.owlapi.OWLOntologyManagerImpl - OWLOntologyManagerImpl.checkForOntologyIDChange() new:Ontology(OntologyID(Anonymous-6936)) [Axioms: 0 Logical Axioms: 0] First 20 axioms: {}
> 2016-01-28 08:13:11:776 +0000 [Time-limited test] ERROR uk.ac.manchester.cs.owl.owlapi.OWLOntologyManagerImpl - Illegal redeclarations of entities: reuse of entity http://www.example.org#p in punning not allowed [Declaration(DataProperty(<http://www.example.org#p>)), Declaration(ObjectProperty(<http://www.example.org#p>))]
> 2016-01-28 08:13:13:373 +0000 [Time-limited test] ERROR org.obolibrary.obo2owl.OWLAPIOwl2Obo - Duplicate clause 'alt_id( GO:0048233)' generated in frame: GO:0009560
> 2016-01-28 08:13:13:431 +0000 [Time-limited test] ERROR org.obolibrary.obo2owl.OWLAPIOwl2Obo - Duplicate clause 'def( Def T1)' generated in frame: TEST:0001
> [Fatal Error] :1:1: Content is not allowed in prolog.
> 2016-01-28 08:13:15:011 +0000 [Time-limited test] ERROR org.obolibrary.oboformat.parser.OBOFormatParser - Error: Instance frames are not supported yet. Parsing stopped at line: 425
> Tests run: 3270, Failures: 0, Errors: 0, Skipped: 2
> 
> [INFO] 
> [INFO] --- animal-sniffer-maven-plugin:1.13:check (default) @ owlapi-contract ---
> [INFO] Checking unresolved references to org.codehaus.mojo.signature:java17:1.0
> [INFO] 
> [INFO] --- maven-jar-plugin:2.4:jar (default-jar) @ owlapi-contract ---
> [INFO] 
> [INFO] >>> maven-source-plugin:2.2.1:jar (attach-sources) > generate-sources @ owlapi-contract >>>
> [INFO] 
> [INFO] --- maven-enforcer-plugin:1.0:enforce (enforce-maven) @ owlapi-contract ---
> [INFO] 
> [INFO] <<< maven-source-plugin:2.2.1:jar (attach-sources) < generate-sources @ owlapi-contract <<<
> [INFO] 
> [INFO] --- maven-source-plugin:2.2.1:jar (attach-sources) @ owlapi-contract ---
> [INFO] 
> [INFO] --- maven-javadoc-plugin:2.8.1:jar (attach-javadocs) @ owlapi-contract ---
> [INFO] Skipping javadoc generation
> [INFO]                                                                         
1612c1595,1602
< [INFO] Reactor Summary:
---
> [INFO] Building OWLAPI Distribution 4.1.4-SNAPSHOT
> [INFO] ------------------------------------------------------------------------
> [INFO] 
> [INFO] --- maven-enforcer-plugin:1.0:enforce (enforce-maven) @ owlapi-distribution ---
> [INFO] 
> [INFO] --- maven-resources-plugin:2.7:resources (default-resources) @ owlapi-distribution ---
> [INFO] Using 'UTF-8' encoding to copy filtered resources.
> [INFO] skip non existing resourceDirectory /home/travis/build/owlcs/owlapi/distribution/src/main/resources
1614,1645c1604,2363
< [INFO] OWLAPI ............................................. SUCCESS [  2.806 s]
< [INFO] OWLAPI Model Interfaces and utilities .............. SUCCESS [  3.135 s]
< [INFO] OWLAPI Default Implementation ...................... SUCCESS [  1.278 s]
< [INFO] tools .............................................. SUCCESS [  1.094 s]
< [INFO] parsers ............................................ SUCCESS [  0.971 s]
< [INFO] oboformat parser ................................... SUCCESS [  0.466 s]
< [INFO] OWLAPITOOLS OWL profile and fixers ................. SUCCESS [  0.570 s]
< [INFO] OWLAPI :: Sesame Rio module ........................ SUCCESS [  0.673 s]
< [INFO] OWLAPI Binding and Config .......................... SUCCESS [  0.922 s]
< [INFO] compatibility ...................................... SUCCESS [  0.612 s]
< [INFO] tests and tutorials ................................ FAILURE [  4.088 s]
< [INFO] OWLAPI Distribution ................................ SKIPPED
< [INFO] OWLAPI OSGi and Compatibility Distribution ......... SKIPPED
< [INFO] ------------------------------------------------------------------------
< [INFO] BUILD FAILURE
< [INFO] ------------------------------------------------------------------------
< [INFO] Total time: 18.317 s
< [INFO] Finished at: 2016-01-28T07:56:26+00:00
< [INFO] Final Memory: 46M/438M
< [INFO] ------------------------------------------------------------------------
< [ERROR] Failed to execute goal org.apache.maven.plugins:maven-compiler-plugin:2.3.2:testCompile (default-testCompile) on project owlapi-contract: Compilation failure
< [ERROR] /home/travis/build/owlcs/owlapi/contract/src/test/java/org/semanticweb/owlapi/api/test/literals/TypedLiteralsTestCase.java:[61,50] error: cannot find symbol
< [ERROR] -> [Help 1]
< [ERROR] 
< [ERROR] To see the full stack trace of the errors, re-run Maven with the -e switch.
< [ERROR] Re-run Maven using the -X switch to enable full debug logging.
< [ERROR] 
< [ERROR] For more information about the errors and possible solutions, please read the following articles:
< [ERROR] [Help 1] http://cwiki.apache.org/confluence/display/MAVEN/MojoFailureException
< [ERROR] 
< [ERROR] After correcting the problems, you can resume the build with the command
< [ERROR]   mvn <goals> -rf :owlapi-contract
---
> [INFO] --- maven-compiler-plugin:2.3.2:compile (default-compile) @ owlapi-distribution ---
> [INFO] No sources to compile
> [INFO] 
> [INFO] --- maven-resources-plugin:2.7:testResources (default-testResources) @ owlapi-distribution ---
> [INFO] Using 'UTF-8' encoding to copy filtered resources.
> [INFO] skip non existing resourceDirectory /home/travis/build/owlcs/owlapi/distribution/src/test/resources
> [INFO] 
> [INFO] --- maven-compiler-plugin:2.3.2:testCompile (default-testCompile) @ owlapi-distribution ---
> [INFO] No sources to compile
> [INFO] 
> [INFO] --- maven-surefire-plugin:2.18.1:test (default-test) @ owlapi-distribution ---
> [INFO] No tests to run.
> [INFO] 
> [INFO] --- animal-sniffer-maven-plugin:1.13:check (default) @ owlapi-distribution ---
> [INFO] Checking unresolved references to org.codehaus.mojo.signature:java17:1.0
> [INFO] 
> [INFO] --- maven-bundle-plugin:2.5.3:bundle (default-bundle) @ owlapi-distribution ---
> [WARNING] Bundle net.sourceforge.owlapi:owlapi-distribution:bundle:4.1.4-SNAPSHOT : Unused Private-Package instructions, no such package(s) on the class path: [!*]
> [INFO] 
> [INFO] >>> maven-source-plugin:2.2.1:jar (attach-sources) > generate-sources @ owlapi-distribution >>>
> [INFO] 
> [INFO] --- maven-enforcer-plugin:1.0:enforce (enforce-maven) @ owlapi-distribution ---
> [INFO] 
> [INFO] <<< maven-source-plugin:2.2.1:jar (attach-sources) < generate-sources @ owlapi-distribution <<<
> [INFO] 
> [INFO] --- maven-source-plugin:2.2.1:jar (attach-sources) @ owlapi-distribution ---
> [INFO] No sources in project. Archive not created.
> [INFO] 
> [INFO] --- maven-shade-plugin:2.3:shade (default) @ owlapi-distribution ---
> [INFO] Including net.sourceforge.owlapi:owlapi-apibinding:jar:4.1.4-SNAPSHOT in the shaded jar.
> [INFO] Including net.sourceforge.owlapi:owlapi-tools:jar:4.1.4-SNAPSHOT in the shaded jar.
> [INFO] Including net.sourceforge.owlapi:owlapi-impl:jar:4.1.4-SNAPSHOT in the shaded jar.
> [INFO] Including net.sourceforge.owlapi:owlapi-parsers:jar:4.1.4-SNAPSHOT in the shaded jar.
> [INFO] Including net.sourceforge.owlapi:owlapi-oboformat:jar:4.1.4-SNAPSHOT in the shaded jar.
> [INFO] Including net.sourceforge.owlapi:owlapi-fixers:jar:4.1.4-SNAPSHOT in the shaded jar.
> [INFO] Including net.sourceforge.owlapi:owlapi-rio:jar:4.1.4-SNAPSHOT in the shaded jar.
> [INFO] Including net.sourceforge.owlapi:owlapi-api:jar:4.1.4-SNAPSHOT in the shaded jar.
> [INFO] Excluding com.fasterxml.jackson.core:jackson-core:jar:2.5.1 from the shaded jar.
> [INFO] Excluding com.fasterxml.jackson.core:jackson-databind:jar:2.5.1 from the shaded jar.
> [INFO] Excluding com.fasterxml.jackson.core:jackson-annotations:jar:2.5.1 from the shaded jar.
> [INFO] Excluding org.tukaani:xz:jar:1.5 from the shaded jar.
> [INFO] Excluding org.openrdf.sesame:sesame-model:jar:2.7.16 from the shaded jar.
> [INFO] Excluding org.openrdf.sesame:sesame-util:jar:2.7.16 from the shaded jar.
> [INFO] Excluding org.openrdf.sesame:sesame-rio-api:jar:2.7.16 from the shaded jar.
> [INFO] Excluding org.openrdf.sesame:sesame-rio-languages:jar:2.7.16 from the shaded jar.
> [INFO] Excluding org.openrdf.sesame:sesame-rio-datatypes:jar:2.7.16 from the shaded jar.
> [INFO] Excluding org.openrdf.sesame:sesame-rio-binary:jar:2.7.16 from the shaded jar.
> [INFO] Excluding org.openrdf.sesame:sesame-rio-n3:jar:2.7.16 from the shaded jar.
> [INFO] Excluding org.openrdf.sesame:sesame-rio-nquads:jar:2.7.16 from the shaded jar.
> [INFO] Excluding org.openrdf.sesame:sesame-rio-ntriples:jar:2.7.16 from the shaded jar.
> [INFO] Excluding org.openrdf.sesame:sesame-rio-rdfjson:jar:2.7.16 from the shaded jar.
> [INFO] Excluding org.openrdf.sesame:sesame-rio-rdfxml:jar:2.7.16 from the shaded jar.
> [INFO] Excluding org.openrdf.sesame:sesame-rio-trix:jar:2.7.16 from the shaded jar.
> [INFO] Excluding org.openrdf.sesame:sesame-rio-turtle:jar:2.7.16 from the shaded jar.
> [INFO] Excluding org.openrdf.sesame:sesame-rio-trig:jar:2.7.16 from the shaded jar.
> [INFO] Excluding com.github.jsonld-java:jsonld-java-sesame:jar:0.5.0 from the shaded jar.
> [INFO] Excluding com.github.jsonld-java:jsonld-java:jar:0.5.0 from the shaded jar.
> [INFO] Excluding org.apache.httpcomponents:httpclient-cache:jar:4.2.5 from the shaded jar.
> [INFO] Excluding org.apache.httpcomponents:httpclient:jar:4.2.5 from the shaded jar.
> [INFO] Excluding org.apache.httpcomponents:httpcore:jar:4.2.4 from the shaded jar.
> [INFO] Excluding commons-codec:commons-codec:jar:1.6 from the shaded jar.
> [INFO] Excluding org.slf4j:jcl-over-slf4j:jar:1.7.7 from the shaded jar.
> [INFO] Excluding org.semarglproject:semargl-sesame:jar:0.6.1 from the shaded jar.
> [INFO] Excluding org.semarglproject:semargl-core:jar:0.6.1 from the shaded jar.
> [INFO] Excluding org.semarglproject:semargl-rdfa:jar:0.6.1 from the shaded jar.
> [INFO] Excluding org.semarglproject:semargl-rdf:jar:0.6.1 from the shaded jar.
> [INFO] Excluding net.sf.trove4j:trove4j:jar:3.0.3 from the shaded jar.
> [INFO] Excluding com.google.guava:guava:jar:18.0 from the shaded jar.
> [INFO] Excluding com.google.inject:guice:jar:4.0 from the shaded jar.
> [INFO] Excluding javax.inject:javax.inject:jar:1 from the shaded jar.
> [INFO] Excluding aopalliance:aopalliance:jar:1.0 from the shaded jar.
> [INFO] Excluding com.google.inject.extensions:guice-assistedinject:jar:4.0 from the shaded jar.
> [INFO] Excluding com.google.inject.extensions:guice-multibindings:jar:4.0 from the shaded jar.
> [INFO] Excluding com.google.code.findbugs:jsr305:jar:2.0.1 from the shaded jar.
> [INFO] Excluding org.slf4j:slf4j-api:jar:1.7.10 from the shaded jar.
> [INFO] Excluding commons-io:commons-io:jar:2.4 from the shaded jar.
> [WARNING] owlapi-distribution-4.1.4-SNAPSHOT.jar, owlapi-oboformat-4.1.4-SNAPSHOT.jar define 75 overlappping classes: 
> [WARNING]   - org.obolibrary.oboformat.parser.OBOFormatParser$MyStream
> [WARNING]   - org.obolibrary.obo2owl.OWLAPIOwl2Obo
> [WARNING]   - org.obolibrary.obo2owl.OboInOwlCardinalityTools$AnnotationCardinalityConfictHandler
> [WARNING]   - org.obolibrary.macro.ManchesterSyntaxTool
> [WARNING]   - org.obolibrary.oboformat.parser.XrefExpander
> [WARNING]   - org.obolibrary.macro.ManchesterSyntaxTool$1
> [WARNING]   - org.obolibrary.oboformat.writer.OBOFormatWriter$TermsTagsComparator
> [WARNING]   - org.obolibrary.oboformat.parser.OBOFormatException
> [WARNING]   - org.obolibrary.oboformat.parser.XrefExpander$IsaExpansion
> [WARNING]   - org.obolibrary.oboformat.model.Frame$FrameType
> [WARNING]   - 65 more...
> [WARNING] owlapi-distribution-4.1.4-SNAPSHOT.jar, owlapi-parsers-4.1.4-SNAPSHOT.jar define 606 overlappping classes: 
> [WARNING]   - org.semanticweb.owlapi.owlxml.parser.AbstractOWLObjectPropertyOperandAxiomElementHandler
> [WARNING]   - org.semanticweb.owlapi.owlxml.parser.PARSER_OWLXMLVocabulary$42
> [WARNING]   - org.semanticweb.owlapi.owlxml.parser.OWLObjectHasValueElementHandler
> [WARNING]   - org.semanticweb.owlapi.rdf.rdfxml.parser.TripleHandlers$TypeDeprecatedClassHandler
> [WARNING]   - org.semanticweb.owlapi.rdf.rdfxml.parser.Mode
> [WARNING]   - org.semanticweb.owlapi.rdf.rdfxml.parser.TripleHandlers$TPFirstResourceHandler
> [WARNING]   - org.semanticweb.owlapi.owlxml.parser.OWLOntologyHandler
> [WARNING]   - org.semanticweb.owlapi.rdf.rdfxml.parser.Translators$DataHasValueTranslator
> [WARNING]   - org.semanticweb.owlapi.manchestersyntax.parser.ManchesterOWLSyntaxParserImpl$AnnotatedDataRangeListItemParser
> [WARNING]   - org.semanticweb.owlapi.owlxml.parser.OWLObjectPropertyRangeAxiomElementHandler
> [WARNING]   - 596 more...
> [WARNING] owlapi-distribution-4.1.4-SNAPSHOT.jar, owlapi-fixers-4.1.4-SNAPSHOT.jar define 95 overlappping classes: 
> [WARNING]   - org.semanticweb.owlapitools.builders.BuilderEquivalentDataProperties
> [WARNING]   - org.semanticweb.owlapitools.builders.BuilderObjectPropertyDomain
> [WARNING]   - org.semanticweb.owlapitools.builders.BuilderObjectExactCardinality
> [WARNING]   - org.semanticweb.owlapitools.builders.BuilderDataHasValue
> [WARNING]   - org.semanticweb.owlapitools.builders.BuilderSWRLDataRangeAtom
> [WARNING]   - org.semanticweb.owlapitools.builders.BuilderDisjointUnion
> [WARNING]   - org.semanticweb.owlapitools.builders.BuilderDataPropertyDomain
> [WARNING]   - org.semanticweb.owlapitools.builders.BuilderClass
> [WARNING]   - org.semanticweb.owlapitools.builders.BuilderFunctionalObjectProperty
> [WARNING]   - org.semanticweb.owlapitools.builders.BuilderReflexiveObjectProperty
> [WARNING]   - 85 more...
> [WARNING] owlapi-distribution-4.1.4-SNAPSHOT.jar, owlapi-rio-4.1.4-SNAPSHOT.jar define 68 overlappping classes: 
> [WARNING]   - org.semanticweb.owlapi.rio.RioRenderer
> [WARNING]   - org.semanticweb.owlapi.formats.RioRDFXMLDocumentFormat
> [WARNING]   - org.semanticweb.owlapi.rio.RioTrixStorerFactory
> [WARNING]   - org.semanticweb.owlapi.rio.RioRDFXMLStorerFactory
> [WARNING]   - org.semanticweb.owlapi.rio.RioTrixParserFactory
> [WARNING]   - org.semanticweb.owlapi.rio.RioOWLRDFParser
> [WARNING]   - org.semanticweb.owlapi.rio.RioOWLXMLParserFactory
> [WARNING]   - org.semanticweb.owlapi.rio.OWLAPIRDFFormat
> [WARNING]   - org.semanticweb.owlapi.rio.RioNTriplesParserFactory
> [WARNING]   - org.semanticweb.owlapi.formats.RDFaDocumentFormatFactory
> [WARNING]   - 58 more...
> [WARNING] owlapi-impl-4.1.4-SNAPSHOT.jar, owlapi-distribution-4.1.4-SNAPSHOT.jar define 217 overlappping classes: 
> [WARNING]   - uk.ac.manchester.cs.owl.owlapi.OWLFunctionalDataPropertyAxiomImpl
> [WARNING]   - uk.ac.manchester.cs.owl.owlapi.OWLDataFactoryInternals
> [WARNING]   - uk.ac.manchester.cs.owl.owlapi.OWLObjectPropertyImpl
> [WARNING]   - uk.ac.manchester.cs.owl.owlapi.OWLObjectMaxCardinalityImpl
> [WARNING]   - uk.ac.manchester.cs.owl.owlapi.concurrent.Concurrency
> [WARNING]   - uk.ac.manchester.cs.owl.owlapi.OWLDataExactCardinalityImpl
> [WARNING]   - org.semanticweb.owlapi.reasoner.impl.OWLClassNode
> [WARNING]   - uk.ac.manchester.cs.owl.owlapi.OWLAnnotationPropertyRangeAxiomImpl
> [WARNING]   - uk.ac.manchester.cs.owl.owlapi.SWRLAtomImpl
> [WARNING]   - uk.ac.manchester.cs.owl.owlapi.OWLDataMaxCardinalityImpl
> [WARNING]   - 207 more...
> [WARNING] owlapi-distribution-4.1.4-SNAPSHOT.jar, owlapi-apibinding-4.1.4-SNAPSHOT.jar define 2 overlappping classes: 
> [WARNING]   - org.semanticweb.owlapi.apibinding.OWLManager
> [WARNING]   - org.semanticweb.owlapi.apibinding.OWLFunctionalSyntaxFactory
> [WARNING] owlapi-api-4.1.4-SNAPSHOT.jar, owlapi-distribution-4.1.4-SNAPSHOT.jar define 755 overlappping classes: 
> [WARNING]   - org.semanticweb.owlapi.model.OWLAxiomCollection
> [WARNING]   - org.semanticweb.owlapi.util.InferredEquivalentDataPropertiesAxiomGenerator
> [WARNING]   - org.semanticweb.owlapi.profiles.Profiles
> [WARNING]   - org.semanticweb.owlapi.util.OWLClassExpressionCollector
> [WARNING]   - org.semanticweb.owlapi.profiles.violations.DatatypeIRIAlsoUsedAsClassIRI
> [WARNING]   - org.semanticweb.owlapi.profiles.OWL2Profile
> [WARNING]   - org.semanticweb.owlapi.model.OWLFunctionalDataPropertyAxiom
> [WARNING]   - org.semanticweb.owlapi.io.SystemOutDocumentTarget
> [WARNING]   - org.semanticweb.owlapi.model.EDTChangeBroadcastStrategy$BroadcastException
> [WARNING]   - org.semanticweb.owlapi.profiles.OWL2RLProfile$OWL2RLObjectVisitor
> [WARNING]   - 745 more...
> [WARNING] owlapi-distribution-4.1.4-SNAPSHOT.jar, owlapi-tools-4.1.4-SNAPSHOT.jar define 84 overlappping classes: 
> [WARNING]   - uk.ac.manchester.cs.owlapi.modularity.SyntacticLocalityModuleExtractor$1
> [WARNING]   - com.clarkparsia.owlapi.explanation.util.DefinitionTracker
> [WARNING]   - uk.ac.manchester.cs.owl.explanation.ordering.ExplanationTree
> [WARNING]   - com.clarkparsia.owlapi.explanation.io.ExplanationRenderer
> [WARNING]   - org.semanticweb.owlapi.normalform.OWLObjectComplementOfExtractor
> [WARNING]   - org.semanticweb.owlapi.metrics.AxiomTypeMetric
> [WARNING]   - uk.ac.manchester.cs.owl.explanation.ordering.AlphaExplanationOrderer
> [WARNING]   - org.semanticweb.owlapi.metrics.HiddenGCICount
> [WARNING]   - com.clarkparsia.owlapi.explanation.io.SilentExplanationRenderer
> [WARNING]   - org.semanticweb.owlapi.metrics.ReferencedIndividualCount
> [WARNING]   - 74 more...
> [WARNING] maven-shade-plugin has detected that some .class files
> [WARNING] are present in two or more JARs. When this happens, only
> [WARNING] one single version of the class is copied in the uberjar.
> [WARNING] Usually this is not harmful and you can skeep these
> [WARNING] warnings, otherwise try to manually exclude artifacts
> [WARNING] based on mvn dependency:tree -Ddetail=true and the above
> [WARNING] output
> [WARNING] See http://docs.codehaus.org/display/MAVENUSER/Shade+Plugin
> [INFO] Replacing original artifact with shaded artifact.
> [INFO] Replacing /home/travis/build/owlcs/owlapi/distribution/target/owlapi-distribution-4.1.4-SNAPSHOT.jar with /home/travis/build/owlcs/owlapi/distribution/target/owlapi-distribution-4.1.4-SNAPSHOT-shaded.jar
> [INFO] Dependency-reduced POM written at: /home/travis/build/owlcs/owlapi/distribution/dependency-reduced-pom.xml
> [INFO] 
> [INFO] --- maven-javadoc-plugin:2.8.1:jar (attach-javadocs) @ owlapi-distribution ---
> [INFO] Skipping javadoc generation
> [INFO] 
> [INFO] --- maven-javadoc-plugin:2.8.1:jar (attach-javadoc) @ owlapi-distribution ---
> [INFO] Skipping javadoc generation
> [INFO] 
> [INFO] --- maven-assembly-plugin:2.4:single (attach-sources) @ owlapi-distribution ---
> [INFO] Reading assembly descriptor: src/assembly/sources.xml
> [INFO] Building jar: /home/travis/build/owlcs/owlapi/distribution/target/owlapi-distribution-4.1.4-SNAPSHOT-sources.jar
> [INFO]                                                                         
> [INFO] ------------------------------------------------------------------------
> [INFO] Building OWLAPI OSGi and Compatibility Distribution 4.1.4-SNAPSHOT
> [INFO] ------------------------------------------------------------------------
> [INFO] 
> [INFO] --- maven-enforcer-plugin:1.0:enforce (enforce-maven) @ owlapi-osgidistribution ---
> [INFO] 
> [INFO] --- maven-resources-plugin:2.7:resources (default-resources) @ owlapi-osgidistribution ---
> [INFO] Using 'UTF-8' encoding to copy filtered resources.
> [INFO] skip non existing resourceDirectory /home/travis/build/owlcs/owlapi/osgidistribution/src/main/resources
> [INFO] 
> [INFO] --- maven-compiler-plugin:2.3.2:compile (default-compile) @ owlapi-osgidistribution ---
> [INFO] Nothing to compile - all classes are up to date
> [INFO] 
> [INFO] --- maven-resources-plugin:2.7:testResources (default-testResources) @ owlapi-osgidistribution ---
> [INFO] Using 'UTF-8' encoding to copy filtered resources.
> [INFO] skip non existing resourceDirectory /home/travis/build/owlcs/owlapi/osgidistribution/src/test/resources
> [INFO] 
> [INFO] --- maven-compiler-plugin:2.3.2:testCompile (default-testCompile) @ owlapi-osgidistribution ---
> [INFO] Nothing to compile - all classes are up to date
> [INFO] 
> [INFO] --- maven-surefire-plugin:2.18.1:test (default-test) @ owlapi-osgidistribution ---
> [INFO] 
> [INFO] --- animal-sniffer-maven-plugin:1.13:check (default) @ owlapi-osgidistribution ---
> [INFO] Checking unresolved references to org.codehaus.mojo.signature:java17:1.0
> [INFO] 
> [INFO] --- maven-bundle-plugin:2.5.3:bundle (default-bundle) @ owlapi-osgidistribution ---
> [WARNING] Bundle net.sourceforge.owlapi:owlapi-osgidistribution:bundle:4.1.4-SNAPSHOT : Split package, multiple jars provide the same package:org/coode/owlapi/obo/parser
> Use Import/Export Package directive -split-package:=(merge-first|merge-last|error|first) to get rid of this warning
> Package found in   [Jar:., Jar:owlapi-compatibility]
> Class path         [Jar:., Jar:owlapi-apibinding, Jar:owlapi-tools, Jar:owlapi-impl, Jar:owlapi-parsers, Jar:owlapi-oboformat, Jar:owlapi-fixers, Jar:owlapi-rio, Jar:owlapi-api, Jar:jackson-core, Jar:jackson-databind, Jar:jackson-annotations, Jar:owlapi-compatibility, Jar:xz, Jar:sesame-model, Jar:sesame-rio-api, Jar:sesame-rio-languages, Jar:sesame-rio-datatypes, Jar:sesame-rio-binary, Jar:sesame-rio-n3, Jar:sesame-rio-nquads, Jar:sesame-rio-ntriples, Jar:sesame-rio-rdfjson, Jar:sesame-rio-rdfxml, Jar:sesame-rio-trix, Jar:sesame-rio-turtle, Jar:sesame-rio-trig, Jar:sesame-util, Jar:jsonld-java-sesame, Jar:jsonld-java, Jar:jcl-over-slf4j, Jar:httpclient, Jar:httpclient-cache, Jar:httpcore, Jar:commons-codec, Jar:commons-logging, Jar:semargl-sesame, Jar:semargl-core, Jar:semargl-rdfa, Jar:semargl-rdf, Jar:org.apache.servicemix.bundles.javax-inject, Jar:org.apache.servicemix.bundles.aopalliance, Jar:trove4j, Jar:guava, Jar:guice, Jar:javax.inject, Jar:aopalliance, Jar:guice-assistedinject, Jar:guice-multibindings, Jar:jsr305, Jar:slf4j-api, Jar:commons-io]
> [WARNING] Bundle net.sourceforge.owlapi:owlapi-osgidistribution:bundle:4.1.4-SNAPSHOT : Split package, multiple jars provide the same package:uk/ac/manchester/cs/owl/explanation/ordering
> Use Import/Export Package directive -split-package:=(merge-first|merge-last|error|first) to get rid of this warning
> Package found in   [Jar:., Jar:owlapi-tools]
> Class path         [Jar:., Jar:owlapi-apibinding, Jar:owlapi-tools, Jar:owlapi-impl, Jar:owlapi-parsers, Jar:owlapi-oboformat, Jar:owlapi-fixers, Jar:owlapi-rio, Jar:owlapi-api, Jar:jackson-core, Jar:jackson-databind, Jar:jackson-annotations, Jar:owlapi-compatibility, Jar:xz, Jar:sesame-model, Jar:sesame-rio-api, Jar:sesame-rio-languages, Jar:sesame-rio-datatypes, Jar:sesame-rio-binary, Jar:sesame-rio-n3, Jar:sesame-rio-nquads, Jar:sesame-rio-ntriples, Jar:sesame-rio-rdfjson, Jar:sesame-rio-rdfxml, Jar:sesame-rio-trix, Jar:sesame-rio-turtle, Jar:sesame-rio-trig, Jar:sesame-util, Jar:jsonld-java-sesame, Jar:jsonld-java, Jar:jcl-over-slf4j, Jar:httpclient, Jar:httpclient-cache, Jar:httpcore, Jar:commons-codec, Jar:commons-logging, Jar:semargl-sesame, Jar:semargl-core, Jar:semargl-rdfa, Jar:semargl-rdf, Jar:org.apache.servicemix.bundles.javax-inject, Jar:org.apache.servicemix.bundles.aopalliance, Jar:trove4j, Jar:guava, Jar:guice, Jar:javax.inject, Jar:aopalliance, Jar:guice-assistedinject, Jar:guice-multibindings, Jar:jsr305, Jar:slf4j-api, Jar:commons-io]
> [WARNING] Bundle net.sourceforge.owlapi:owlapi-osgidistribution:bundle:4.1.4-SNAPSHOT : Export org.semanticweb.owlapi.formats,  has 1,  private references [org.openrdf.rio], 
> [WARNING] Bundle net.sourceforge.owlapi:owlapi-osgidistribution:bundle:4.1.4-SNAPSHOT : Export org.semanticweb.owlapi.io,  has 1,  private references [org.tukaani.xz], 
> [WARNING] Bundle net.sourceforge.owlapi:owlapi-osgidistribution:bundle:4.1.4-SNAPSHOT : Export org.semanticweb.owlapi.rio,  has 5,  private references [info.aduna.iteration, org.openrdf.rio.helpers, org.openrdf, org.openrdf.model, org.openrdf.rio], 
> [WARNING] Bundle net.sourceforge.owlapi:owlapi-osgidistribution:bundle:4.1.4-SNAPSHOT : Export org.semanticweb.owlapi.rio.utils,  has 1,  private references [org.openrdf.model], 
> [INFO] 
> [INFO] >>> maven-source-plugin:2.2.1:jar (attach-sources) > generate-sources @ owlapi-osgidistribution >>>
> [INFO] 
> [INFO] --- maven-enforcer-plugin:1.0:enforce (enforce-maven) @ owlapi-osgidistribution ---
> [INFO] 
> [INFO] <<< maven-source-plugin:2.2.1:jar (attach-sources) < generate-sources @ owlapi-osgidistribution <<<
> [INFO] 
> [INFO] --- maven-source-plugin:2.2.1:jar (attach-sources) @ owlapi-osgidistribution ---
> [INFO] 
> [INFO] --- maven-shade-plugin:2.3:shade (default) @ owlapi-osgidistribution ---
> [INFO] Including net.sourceforge.owlapi:owlapi-apibinding:jar:4.1.4-SNAPSHOT in the shaded jar.
> [INFO] Including net.sourceforge.owlapi:owlapi-tools:jar:4.1.4-SNAPSHOT in the shaded jar.
> [INFO] Including net.sourceforge.owlapi:owlapi-impl:jar:4.1.4-SNAPSHOT in the shaded jar.
> [INFO] Including net.sourceforge.owlapi:owlapi-parsers:jar:4.1.4-SNAPSHOT in the shaded jar.
> [INFO] Including net.sourceforge.owlapi:owlapi-oboformat:jar:4.1.4-SNAPSHOT in the shaded jar.
> [INFO] Including net.sourceforge.owlapi:owlapi-fixers:jar:4.1.4-SNAPSHOT in the shaded jar.
> [INFO] Including net.sourceforge.owlapi:owlapi-rio:jar:4.1.4-SNAPSHOT in the shaded jar.
> [INFO] Including net.sourceforge.owlapi:owlapi-api:jar:4.1.4-SNAPSHOT in the shaded jar.
> [INFO] Excluding com.fasterxml.jackson.core:jackson-core:jar:2.5.1 from the shaded jar.
> [INFO] Excluding com.fasterxml.jackson.core:jackson-databind:jar:2.5.1 from the shaded jar.
> [INFO] Excluding com.fasterxml.jackson.core:jackson-annotations:jar:2.5.1 from the shaded jar.
> [INFO] Including net.sourceforge.owlapi:owlapi-compatibility:jar:4.1.4-SNAPSHOT in the shaded jar.
> [INFO] Excluding org.tukaani:xz:jar:1.5 from the shaded jar.
> [INFO] Excluding org.openrdf.sesame:sesame-model:jar:2.7.16 from the shaded jar.
> [INFO] Excluding org.openrdf.sesame:sesame-rio-api:jar:2.7.16 from the shaded jar.
> [INFO] Excluding org.openrdf.sesame:sesame-rio-languages:jar:2.7.16 from the shaded jar.
> [INFO] Excluding org.openrdf.sesame:sesame-rio-datatypes:jar:2.7.16 from the shaded jar.
> [INFO] Excluding org.openrdf.sesame:sesame-rio-binary:jar:2.7.16 from the shaded jar.
> [INFO] Excluding org.openrdf.sesame:sesame-rio-n3:jar:2.7.16 from the shaded jar.
> [INFO] Excluding org.openrdf.sesame:sesame-rio-nquads:jar:2.7.16 from the shaded jar.
> [INFO] Excluding org.openrdf.sesame:sesame-rio-ntriples:jar:2.7.16 from the shaded jar.
> [INFO] Excluding org.openrdf.sesame:sesame-rio-rdfjson:jar:2.7.16 from the shaded jar.
> [INFO] Excluding org.openrdf.sesame:sesame-rio-rdfxml:jar:2.7.16 from the shaded jar.
> [INFO] Excluding org.openrdf.sesame:sesame-rio-trix:jar:2.7.16 from the shaded jar.
> [INFO] Excluding org.openrdf.sesame:sesame-rio-turtle:jar:2.7.16 from the shaded jar.
> [INFO] Excluding org.openrdf.sesame:sesame-rio-trig:jar:2.7.16 from the shaded jar.
> [INFO] Excluding org.openrdf.sesame:sesame-util:jar:2.7.16 from the shaded jar.
> [INFO] Excluding com.github.jsonld-java:jsonld-java-sesame:jar:0.5.0 from the shaded jar.
> [INFO] Excluding com.github.jsonld-java:jsonld-java:jar:0.5.0 from the shaded jar.
> [INFO] Excluding org.slf4j:jcl-over-slf4j:jar:1.7.7 from the shaded jar.
> [INFO] Excluding org.apache.httpcomponents:httpclient:jar:4.5.1 from the shaded jar.
> [INFO] Excluding org.apache.httpcomponents:httpclient-cache:jar:4.5.1 from the shaded jar.
> [INFO] Excluding org.apache.httpcomponents:httpcore:jar:4.4.3 from the shaded jar.
> [INFO] Excluding commons-codec:commons-codec:jar:1.9 from the shaded jar.
> [INFO] Excluding commons-logging:commons-logging:jar:1.2 from the shaded jar.
> [INFO] Excluding org.semarglproject:semargl-sesame:jar:0.6.1 from the shaded jar.
> [INFO] Excluding org.semarglproject:semargl-core:jar:0.6.1 from the shaded jar.
> [INFO] Excluding org.semarglproject:semargl-rdfa:jar:0.6.1 from the shaded jar.
> [INFO] Excluding org.semarglproject:semargl-rdf:jar:0.6.1 from the shaded jar.
> [INFO] Excluding org.apache.servicemix.bundles:org.apache.servicemix.bundles.javax-inject:jar:1_2 from the shaded jar.
> [INFO] Excluding org.apache.servicemix.bundles:org.apache.servicemix.bundles.aopalliance:jar:1.0_6 from the shaded jar.
> [INFO] Excluding net.sf.trove4j:trove4j:jar:3.0.3 from the shaded jar.
> [INFO] Excluding com.google.guava:guava:jar:18.0 from the shaded jar.
> [INFO] Excluding com.google.inject:guice:jar:4.0 from the shaded jar.
> [INFO] Excluding javax.inject:javax.inject:jar:1 from the shaded jar.
> [INFO] Excluding aopalliance:aopalliance:jar:1.0 from the shaded jar.
> [INFO] Excluding com.google.inject.extensions:guice-assistedinject:jar:4.0 from the shaded jar.
> [INFO] Excluding com.google.inject.extensions:guice-multibindings:jar:4.0 from the shaded jar.
> [INFO] Excluding com.google.code.findbugs:jsr305:jar:2.0.1 from the shaded jar.
> [INFO] Excluding org.slf4j:slf4j-api:jar:1.7.10 from the shaded jar.
> [INFO] Excluding commons-io:commons-io:jar:2.4 from the shaded jar.
> [WARNING] owlapi-tools-4.1.4-SNAPSHOT.jar, owlapi-osgidistribution-4.1.4-SNAPSHOT.jar define 84 overlappping classes: 
> [WARNING]   - uk.ac.manchester.cs.owlapi.modularity.SyntacticLocalityModuleExtractor$1
> [WARNING]   - com.clarkparsia.owlapi.explanation.util.DefinitionTracker
> [WARNING]   - uk.ac.manchester.cs.owl.explanation.ordering.ExplanationTree
> [WARNING]   - com.clarkparsia.owlapi.explanation.io.ExplanationRenderer
> [WARNING]   - org.semanticweb.owlapi.normalform.OWLObjectComplementOfExtractor
> [WARNING]   - org.semanticweb.owlapi.metrics.AxiomTypeMetric
> [WARNING]   - uk.ac.manchester.cs.owl.explanation.ordering.AlphaExplanationOrderer
> [WARNING]   - org.semanticweb.owlapi.metrics.HiddenGCICount
> [WARNING]   - com.clarkparsia.owlapi.explanation.io.SilentExplanationRenderer
> [WARNING]   - org.semanticweb.owlapi.metrics.ReferencedIndividualCount
> [WARNING]   - 74 more...
> [WARNING] owlapi-parsers-4.1.4-SNAPSHOT.jar, owlapi-osgidistribution-4.1.4-SNAPSHOT.jar define 606 overlappping classes: 
> [WARNING]   - org.semanticweb.owlapi.owlxml.parser.AbstractOWLObjectPropertyOperandAxiomElementHandler
> [WARNING]   - org.semanticweb.owlapi.owlxml.parser.PARSER_OWLXMLVocabulary$42
> [WARNING]   - org.semanticweb.owlapi.owlxml.parser.OWLObjectHasValueElementHandler
> [WARNING]   - org.semanticweb.owlapi.rdf.rdfxml.parser.TripleHandlers$TypeDeprecatedClassHandler
> [WARNING]   - org.semanticweb.owlapi.rdf.rdfxml.parser.Mode
> [WARNING]   - org.semanticweb.owlapi.rdf.rdfxml.parser.TripleHandlers$TPFirstResourceHandler
> [WARNING]   - org.semanticweb.owlapi.owlxml.parser.OWLOntologyHandler
> [WARNING]   - org.semanticweb.owlapi.rdf.rdfxml.parser.Translators$DataHasValueTranslator
> [WARNING]   - org.semanticweb.owlapi.manchestersyntax.parser.ManchesterOWLSyntaxParserImpl$AnnotatedDataRangeListItemParser
> [WARNING]   - org.semanticweb.owlapi.owlxml.parser.OWLObjectPropertyRangeAxiomElementHandler
> [WARNING]   - 596 more...
> [WARNING] owlapi-compatibility-4.1.4-SNAPSHOT.jar, owlapi-osgidistribution-4.1.4-SNAPSHOT.jar define 84 overlappping classes: 
> [WARNING]   - org.semanticweb.owlapi.vocab.PrefixOWLOntologyFormat
> [WARNING]   - org.coode.owlapi.obo12.parser.OBOParserTokenManager
> [WARNING]   - org.coode.owlapi.manchesterowlsyntax.ManchesterOWLSyntaxClassExpressionParser
> [WARNING]   - org.coode.owlapi.obo12.parser.OBOVocabulary
> [WARNING]   - org.coode.owlapi.obo12.parser.InverseHandler
> [WARNING]   - org.coode.owlapi.obo12.parser.OBOIdTranslator
> [WARNING]   - org.coode.owlapi.obo12.parser.DefTagValueHandler
> [WARNING]   - org.coode.owlapi.obo12.parser.OBOParserException
> [WARNING]   - org.semanticweb.owlapi.model.OWLOntologyFormat
> [WARNING]   - org.coode.owlapi.obo12.parser.OBOTagValuePair
> [WARNING]   - 74 more...
> [WARNING] owlapi-rio-4.1.4-SNAPSHOT.jar, owlapi-osgidistribution-4.1.4-SNAPSHOT.jar define 68 overlappping classes: 
> [WARNING]   - org.semanticweb.owlapi.rio.RioRenderer
> [WARNING]   - org.semanticweb.owlapi.formats.RioRDFXMLDocumentFormat
> [WARNING]   - org.semanticweb.owlapi.rio.RioTrixStorerFactory
> [WARNING]   - org.semanticweb.owlapi.rio.RioRDFXMLStorerFactory
> [WARNING]   - org.semanticweb.owlapi.rio.RioTrixParserFactory
> [WARNING]   - org.semanticweb.owlapi.rio.RioOWLRDFParser
> [WARNING]   - org.semanticweb.owlapi.rio.RioOWLXMLParserFactory
> [WARNING]   - org.semanticweb.owlapi.rio.OWLAPIRDFFormat
> [WARNING]   - org.semanticweb.owlapi.rio.RioNTriplesParserFactory
> [WARNING]   - org.semanticweb.owlapi.formats.RDFaDocumentFormatFactory
> [WARNING]   - 58 more...
> [WARNING] owlapi-fixers-4.1.4-SNAPSHOT.jar, owlapi-osgidistribution-4.1.4-SNAPSHOT.jar define 95 overlappping classes: 
> [WARNING]   - org.semanticweb.owlapitools.builders.BuilderEquivalentDataProperties
> [WARNING]   - org.semanticweb.owlapitools.builders.BuilderObjectPropertyDomain
> [WARNING]   - org.semanticweb.owlapitools.builders.BuilderObjectExactCardinality
> [WARNING]   - org.semanticweb.owlapitools.builders.BuilderDataHasValue
> [WARNING]   - org.semanticweb.owlapitools.builders.BuilderSWRLDataRangeAtom
> [WARNING]   - org.semanticweb.owlapitools.builders.BuilderDisjointUnion
> [WARNING]   - org.semanticweb.owlapitools.builders.BuilderDataPropertyDomain
> [WARNING]   - org.semanticweb.owlapitools.builders.BuilderClass
> [WARNING]   - org.semanticweb.owlapitools.builders.BuilderFunctionalObjectProperty
> [WARNING]   - org.semanticweb.owlapitools.builders.BuilderReflexiveObjectProperty
> [WARNING]   - 85 more...
> [WARNING] owlapi-impl-4.1.4-SNAPSHOT.jar, owlapi-osgidistribution-4.1.4-SNAPSHOT.jar define 217 overlappping classes: 
> [WARNING]   - uk.ac.manchester.cs.owl.owlapi.OWLFunctionalDataPropertyAxiomImpl
> [WARNING]   - uk.ac.manchester.cs.owl.owlapi.OWLDataFactoryInternals
> [WARNING]   - uk.ac.manchester.cs.owl.owlapi.OWLObjectPropertyImpl
> [WARNING]   - uk.ac.manchester.cs.owl.owlapi.OWLObjectMaxCardinalityImpl
> [WARNING]   - uk.ac.manchester.cs.owl.owlapi.concurrent.Concurrency
> [WARNING]   - uk.ac.manchester.cs.owl.owlapi.OWLDataExactCardinalityImpl
> [WARNING]   - org.semanticweb.owlapi.reasoner.impl.OWLClassNode
> [WARNING]   - uk.ac.manchester.cs.owl.owlapi.OWLAnnotationPropertyRangeAxiomImpl
> [WARNING]   - uk.ac.manchester.cs.owl.owlapi.SWRLAtomImpl
> [WARNING]   - uk.ac.manchester.cs.owl.owlapi.OWLDataMaxCardinalityImpl
> [WARNING]   - 207 more...
> [WARNING] owlapi-apibinding-4.1.4-SNAPSHOT.jar, owlapi-osgidistribution-4.1.4-SNAPSHOT.jar define 2 overlappping classes: 
> [WARNING]   - org.semanticweb.owlapi.apibinding.OWLManager
> [WARNING]   - org.semanticweb.owlapi.apibinding.OWLFunctionalSyntaxFactory
> [WARNING] owlapi-oboformat-4.1.4-SNAPSHOT.jar, owlapi-osgidistribution-4.1.4-SNAPSHOT.jar define 75 overlappping classes: 
> [WARNING]   - org.obolibrary.oboformat.parser.OBOFormatParser$MyStream
> [WARNING]   - org.obolibrary.obo2owl.OWLAPIOwl2Obo
> [WARNING]   - org.obolibrary.obo2owl.OboInOwlCardinalityTools$AnnotationCardinalityConfictHandler
> [WARNING]   - org.obolibrary.macro.ManchesterSyntaxTool
> [WARNING]   - org.obolibrary.oboformat.parser.XrefExpander
> [WARNING]   - org.obolibrary.macro.ManchesterSyntaxTool$1
> [WARNING]   - org.obolibrary.oboformat.writer.OBOFormatWriter$TermsTagsComparator
> [WARNING]   - org.obolibrary.oboformat.parser.OBOFormatException
> [WARNING]   - org.obolibrary.oboformat.parser.XrefExpander$IsaExpansion
> [WARNING]   - org.obolibrary.oboformat.model.Frame$FrameType
> [WARNING]   - 65 more...
> [WARNING] owlapi-api-4.1.4-SNAPSHOT.jar, owlapi-osgidistribution-4.1.4-SNAPSHOT.jar define 755 overlappping classes: 
> [WARNING]   - org.semanticweb.owlapi.model.OWLAxiomCollection
> [WARNING]   - org.semanticweb.owlapi.util.InferredEquivalentDataPropertiesAxiomGenerator
> [WARNING]   - org.semanticweb.owlapi.profiles.Profiles
> [WARNING]   - org.semanticweb.owlapi.util.OWLClassExpressionCollector
> [WARNING]   - org.semanticweb.owlapi.profiles.violations.DatatypeIRIAlsoUsedAsClassIRI
> [WARNING]   - org.semanticweb.owlapi.profiles.OWL2Profile
> [WARNING]   - org.semanticweb.owlapi.model.OWLFunctionalDataPropertyAxiom
> [WARNING]   - org.semanticweb.owlapi.io.SystemOutDocumentTarget
> [WARNING]   - org.semanticweb.owlapi.model.EDTChangeBroadcastStrategy$BroadcastException
> [WARNING]   - org.semanticweb.owlapi.profiles.OWL2RLProfile$OWL2RLObjectVisitor
> [WARNING]   - 745 more...
> [WARNING] maven-shade-plugin has detected that some .class files
> [WARNING] are present in two or more JARs. When this happens, only
> [WARNING] one single version of the class is copied in the uberjar.
> [WARNING] Usually this is not harmful and you can skeep these
> [WARNING] warnings, otherwise try to manually exclude artifacts
> [WARNING] based on mvn dependency:tree -Ddetail=true and the above
> [WARNING] output
> [WARNING] See http://docs.codehaus.org/display/MAVENUSER/Shade+Plugin
> [INFO] Replacing original artifact with shaded artifact.
> [INFO] Replacing /home/travis/build/owlcs/owlapi/osgidistribution/target/owlapi-osgidistribution-4.1.4-SNAPSHOT.jar with /home/travis/build/owlcs/owlapi/osgidistribution/target/owlapi-osgidistribution-4.1.4-SNAPSHOT-shaded.jar
> [INFO] Dependency-reduced POM written at: /home/travis/build/owlcs/owlapi/osgidistribution/dependency-reduced-pom.xml
> [INFO] 
> [INFO] --- maven-javadoc-plugin:2.8.1:jar (attach-javadocs) @ owlapi-osgidistribution ---
> [INFO] Skipping javadoc generation
> [INFO] 
> [INFO] --- maven-javadoc-plugin:2.8.1:jar (attach-javadoc) @ owlapi-osgidistribution ---
> [INFO] Skipping javadoc generation
> [INFO] 
> [INFO] --- maven-assembly-plugin:2.4:single (attach-sources) @ owlapi-osgidistribution ---
> [INFO] Reading assembly descriptor: src/assembly/sources.xml
> [INFO] Building jar: /home/travis/build/owlcs/owlapi/osgidistribution/target/owlapi-osgidistribution-4.1.4-SNAPSHOT-sources.jar
> [INFO] 
> [INFO] --- maven-failsafe-plugin:2.18.1:integration-test (default) @ owlapi-osgidistribution ---
> [WARNING] useSystemClassloader setting has no effect when not forking
> [INFO] Failsafe report directory: /home/travis/build/owlcs/owlapi/osgidistribution/target/failsafe-reports
> [INFO] parallel='none', perCoreThreadCount=true, threadCount=0, useUnlimitedThreads=false, threadCountSuites=0, threadCountClasses=0, threadCountMethods=0, parallelOptimized=true
> Running org.semanticweb.owlapi.api.test.VerifyVersionInfoIntegrationTestCase
> Tests run: 1, Failures: 0, Errors: 0, Skipped: 0, Time elapsed: 0.007 sec - in org.semanticweb.owlapi.api.test.VerifyVersionInfoIntegrationTestCase
> Running org.semanticweb.owlapi.BundleIsLoadableIntegrationTestCase
> BundleIsLoadableIntegrationTestCase.getJarURL() file:/home/travis/.m2/repository/org/apache/servicemix/bundles/org.apache.servicemix.bundles.javax-inject/1_2/org.apache.servicemix.bundles.javax-inject-1_2.jar
> BundleIsLoadableIntegrationTestCase.getJarURL() file:/home/travis/.m2/repository/org/apache/servicemix/bundles/org.apache.servicemix.bundles.aopalliance/1.0_6/org.apache.servicemix.bundles.aopalliance-1.0_6.jar
> BundleIsLoadableIntegrationTestCase.getJarURL() file:/home/travis/.m2/repository/com/google/guava/guava/18.0/guava-18.0.jar
> DEBUG: WIRE: [3.0] osgi.wiring.package; (osgi.wiring.package=javax.annotation) -> [0]
> BundleIsLoadableIntegrationTestCase.getJarURL() file:/home/travis/.m2/repository/com/google/inject/extensions/guice-multibindings/4.0/guice-multibindings-4.0.jar
> org.osgi.framework.BundleException: Fragment bundles can not be started.
> 	at org.apache.felix.framework.Felix.startBundle(Felix.java:1981)
> 	at org.apache.felix.framework.BundleImpl.start(BundleImpl.java:977)
> 	at org.apache.felix.framework.BundleImpl.start(BundleImpl.java:964)
> 	at org.semanticweb.owlapi.BundleIsLoadableIntegrationTestCase.startBundle(BundleIsLoadableIntegrationTestCase.java:79)
> 	at sun.reflect.NativeMethodAccessorImpl.invoke0(Native Method)
> 	at sun.reflect.NativeMethodAccessorImpl.invoke(NativeMethodAccessorImpl.java:57)
> 	at sun.reflect.DelegatingMethodAccessorImpl.invoke(DelegatingMethodAccessorImpl.java:43)
> 	at java.lang.reflect.Method.invoke(Method.java:606)
> 	at org.junit.runners.model.FrameworkMethod$1.runReflectiveCall(FrameworkMethod.java:50)
> 	at org.junit.internal.runners.model.ReflectiveCallable.run(ReflectiveCallable.java:12)
> 	at org.junit.runners.model.FrameworkMethod.invokeExplosively(FrameworkMethod.java:47)
> 	at org.junit.internal.runners.statements.InvokeMethod.evaluate(InvokeMethod.java:17)
> 	at org.junit.runners.ParentRunner.runLeaf(ParentRunner.java:325)
> 	at org.junit.runners.BlockJUnit4ClassRunner.runChild(BlockJUnit4ClassRunner.java:78)
> 	at org.junit.runners.BlockJUnit4ClassRunner.runChild(BlockJUnit4ClassRunner.java:57)
> 	at org.junit.runners.ParentRunner$3.run(ParentRunner.java:290)
> 	at org.junit.runners.ParentRunner$1.schedule(ParentRunner.java:71)
> 	at org.junit.runners.ParentRunner.runChildren(ParentRunner.java:288)
> 	at org.junit.runners.ParentRunner.access$000(ParentRunner.java:58)
> 	at org.junit.runners.ParentRunner$2.evaluate(ParentRunner.java:268)
> 	at org.junit.runners.ParentRunner.run(ParentRunner.java:363)
> 	at org.junit.runners.Suite.runChild(Suite.java:128)
> 	at org.junit.runners.Suite.runChild(Suite.java:27)
> 	at org.junit.runners.ParentRunner$3.run(ParentRunner.java:290)
> 	at org.junit.runners.ParentRunner$1.schedule(ParentRunner.java:71)
> 	at org.junit.runners.ParentRunner.runChildren(ParentRunner.java:288)
> 	at org.junit.runners.ParentRunner.access$000(ParentRunner.java:58)
> 	at org.junit.runners.ParentRunner$2.evaluate(ParentRunner.java:268)
> 	at org.junit.runners.ParentRunner.run(ParentRunner.java:363)
> 	at org.junit.runner.JUnitCore.run(JUnitCore.java:137)
> 	at org.junit.runner.JUnitCore.run(JUnitCore.java:115)
> 	at org.apache.maven.surefire.junitcore.JUnitCoreWrapper.createRequestAndRun(JUnitCoreWrapper.java:108)
> 	at org.apache.maven.surefire.junitcore.JUnitCoreWrapper.executeEager(JUnitCoreWrapper.java:78)
> 	at org.apache.maven.surefire.junitcore.JUnitCoreWrapper.execute(JUnitCoreWrapper.java:54)
> 	at org.apache.maven.surefire.junitcore.JUnitCoreProvider.invoke(JUnitCoreProvider.java:144)
> 	at sun.reflect.NativeMethodAccessorImpl.invoke0(Native Method)
> 	at sun.reflect.NativeMethodAccessorImpl.invoke(NativeMethodAccessorImpl.java:57)
> 	at sun.reflect.DelegatingMethodAccessorImpl.invoke(DelegatingMethodAccessorImpl.java:43)
> 	at java.lang.reflect.Method.invoke(Method.java:606)
> 	at org.apache.maven.surefire.util.ReflectionUtils.invokeMethodWithArray2(ReflectionUtils.java:208)
> 	at org.apache.maven.surefire.booter.ProviderFactory$ProviderProxy.invoke(ProviderFactory.java:155)
> 	at org.apache.maven.surefire.booter.ProviderFactory.invokeProvider(ProviderFactory.java:81)
> 	at org.apache.maven.plugin.surefire.InPluginVMSurefireStarter.runSuitesInProcess(InPluginVMSurefireStarter.java:82)
> 	at org.apache.maven.plugin.surefire.AbstractSurefireMojo.executeProvider(AbstractSurefireMojo.java:974)
> 	at org.apache.maven.plugin.surefire.AbstractSurefireMojo.executeAfterPreconditionsChecked(AbstractSurefireMojo.java:824)
> 	at org.apache.maven.plugin.surefire.AbstractSurefireMojo.execute(AbstractSurefireMojo.java:722)
> 	at org.apache.maven.plugin.DefaultBuildPluginManager.executeMojo(DefaultBuildPluginManager.java:132)
> 	at org.apache.maven.lifecycle.internal.MojoExecutor.execute(MojoExecutor.java:208)
> 	at org.apache.maven.lifecycle.internal.MojoExecutor.execute(MojoExecutor.java:153)
> 	at org.apache.maven.lifecycle.internal.MojoExecutor.execute(MojoExecutor.java:145)
> 	at org.apache.maven.lifecycle.internal.LifecycleModuleBuilder.buildProject(LifecycleModuleBuilder.java:116)
> 	at org.apache.maven.lifecycle.internal.LifecycleModuleBuilder.buildProject(LifecycleModuleBuilder.java:80)
> 	at org.apache.maven.lifecycle.internal.builder.singlethreaded.SingleThreadedBuilder.build(SingleThreadedBuilder.java:51)
> 	at org.apache.maven.lifecycle.internal.LifecycleStarter.execute(LifecycleStarter.java:120)
> 	at org.apache.maven.DefaultMaven.doExecute(DefaultMaven.java:355)
> 	at org.apache.maven.DefaultMaven.execute(DefaultMaven.java:155)
> 	at org.apache.maven.cli.MavenCli.execute(MavenCli.java:584)
> 	at org.apache.maven.cli.MavenCli.doMain(MavenCli.java:216)
> 	at org.apache.maven.cli.MavenCli.main(MavenCli.java:160)
> 	at sun.reflect.NativeMethodAccessorImpl.invoke0(Native Method)
> 	at sun.reflect.NativeMethodAccessorImpl.invoke(NativeMethodAccessorImpl.java:57)
> 	at sun.reflect.DelegatingMethodAccessorImpl.invoke(DelegatingMethodAccessorImpl.java:43)
> 	at java.lang.reflect.Method.invoke(Method.java:606)
> 	at org.codehaus.plexus.classworlds.launcher.Launcher.launchEnhanced(Launcher.java:289)
> 	at org.codehaus.plexus.classworlds.launcher.Launcher.launch(Launcher.java:229)
> 	at org.codehaus.plexus.classworlds.launcher.Launcher.mainWithExitCode(Launcher.java:415)
> 	at org.codehaus.plexus.classworlds.launcher.Launcher.main(Launcher.java:356)
> BundleIsLoadableIntegrationTestCase.getJarURL() file:/home/travis/.m2/repository/com/google/inject/extensions/guice-assistedinject/4.0/guice-assistedinject-4.0.jar
> org.osgi.framework.BundleException: Fragment bundles can not be started.
> 	at org.apache.felix.framework.Felix.startBundle(Felix.java:1981)
> 	at org.apache.felix.framework.BundleImpl.start(BundleImpl.java:977)
> 	at org.apache.felix.framework.BundleImpl.start(BundleImpl.java:964)
> 	at org.semanticweb.owlapi.BundleIsLoadableIntegrationTestCase.startBundle(BundleIsLoadableIntegrationTestCase.java:79)
> 	at sun.reflect.NativeMethodAccessorImpl.invoke0(Native Method)
> 	at sun.reflect.NativeMethodAccessorImpl.invoke(NativeMethodAccessorImpl.java:57)
> 	at sun.reflect.DelegatingMethodAccessorImpl.invoke(DelegatingMethodAccessorImpl.java:43)
> 	at java.lang.reflect.Method.invoke(Method.java:606)
> 	at org.junit.runners.model.FrameworkMethod$1.runReflectiveCall(FrameworkMethod.java:50)
> 	at org.junit.internal.runners.model.ReflectiveCallable.run(ReflectiveCallable.java:12)
> 	at org.junit.runners.model.FrameworkMethod.invokeExplosively(FrameworkMethod.java:47)
> 	at org.junit.internal.runners.statements.InvokeMethod.evaluate(InvokeMethod.java:17)
> 	at org.junit.runners.ParentRunner.runLeaf(ParentRunner.java:325)
> 	at org.junit.runners.BlockJUnit4ClassRunner.runChild(BlockJUnit4ClassRunner.java:78)
> 	at org.junit.runners.BlockJUnit4ClassRunner.runChild(BlockJUnit4ClassRunner.java:57)
> 	at org.junit.runners.ParentRunner$3.run(ParentRunner.java:290)
> 	at org.junit.runners.ParentRunner$1.schedule(ParentRunner.java:71)
> 	at org.junit.runners.ParentRunner.runChildren(ParentRunner.java:288)
> 	at org.junit.runners.ParentRunner.access$000(ParentRunner.java:58)
> 	at org.junit.runners.ParentRunner$2.evaluate(ParentRunner.java:268)
> 	at org.junit.runners.ParentRunner.run(ParentRunner.java:363)
> 	at org.junit.runners.Suite.runChild(Suite.java:128)
> 	at org.junit.runners.Suite.runChild(Suite.java:27)
> 	at org.junit.runners.ParentRunner$3.run(ParentRunner.java:290)
> 	at org.junit.runners.ParentRunner$1.schedule(ParentRunner.java:71)
> 	at org.junit.runners.ParentRunner.runChildren(ParentRunner.java:288)
> 	at org.junit.runners.ParentRunner.access$000(ParentRunner.java:58)
> 	at org.junit.runners.ParentRunner$2.evaluate(ParentRunner.java:268)
> 	at org.junit.runners.ParentRunner.run(ParentRunner.java:363)
> 	at org.junit.runner.JUnitCore.run(JUnitCore.java:137)
> 	at org.junit.runner.JUnitCore.run(JUnitCore.java:115)
> 	at org.apache.maven.surefire.junitcore.JUnitCoreWrapper.createRequestAndRun(JUnitCoreWrapper.java:108)
> 	at org.apache.maven.surefire.junitcore.JUnitCoreWrapper.executeEager(JUnitCoreWrapper.java:78)
> 	at org.apache.maven.surefire.junitcore.JUnitCoreWrapper.execute(JUnitCoreWrapper.java:54)
> 	at org.apache.maven.surefire.junitcore.JUnitCoreProvider.invoke(JUnitCoreProvider.java:144)
> 	at sun.reflect.NativeMethodAccessorImpl.invoke0(Native Method)
> 	at sun.reflect.NativeMethodAccessorImpl.invoke(NativeMethodAccessorImpl.java:57)
> 	at sun.reflect.DelegatingMethodAccessorImpl.invoke(DelegatingMethodAccessorImpl.java:43)
> 	at java.lang.reflect.Method.invoke(Method.java:606)
> 	at org.apache.maven.surefire.util.ReflectionUtils.invokeMethodWithArray2(ReflectionUtils.java:208)
> 	at org.apache.maven.surefire.booter.ProviderFactory$ProviderProxy.invoke(ProviderFactory.java:155)
> 	at org.apache.maven.surefire.booter.ProviderFactory.invokeProvider(ProviderFactory.java:81)
> 	at org.apache.maven.plugin.surefire.InPluginVMSurefireStarter.runSuitesInProcess(InPluginVMSurefireStarter.java:82)
> 	at org.apache.maven.plugin.surefire.AbstractSurefireMojo.executeProvider(AbstractSurefireMojo.java:974)
> 	at org.apache.maven.plugin.surefire.AbstractSurefireMojo.executeAfterPreconditionsChecked(AbstractSurefireMojo.java:824)
> 	at org.apache.maven.plugin.surefire.AbstractSurefireMojo.execute(AbstractSurefireMojo.java:722)
> 	at org.apache.maven.plugin.DefaultBuildPluginManager.executeMojo(DefaultBuildPluginManager.java:132)
> 	at org.apache.maven.lifecycle.internal.MojoExecutor.execute(MojoExecutor.java:208)
> 	at org.apache.maven.lifecycle.internal.MojoExecutor.execute(MojoExecutor.java:153)
> 	at org.apache.maven.lifecycle.internal.MojoExecutor.execute(MojoExecutor.java:145)
> 	at org.apache.maven.lifecycle.internal.LifecycleModuleBuilder.buildProject(LifecycleModuleBuilder.java:116)
> 	at org.apache.maven.lifecycle.internal.LifecycleModuleBuilder.buildProject(LifecycleModuleBuilder.java:80)
> 	at org.apache.maven.lifecycle.internal.builder.singlethreaded.SingleThreadedBuilder.build(SingleThreadedBuilder.java:51)
> 	at org.apache.maven.lifecycle.internal.LifecycleStarter.execute(LifecycleStarter.java:120)
> 	at org.apache.maven.DefaultMaven.doExecute(DefaultMaven.java:355)
> 	at org.apache.maven.DefaultMaven.execute(DefaultMaven.java:155)
> 	at org.apache.maven.cli.MavenCli.execute(MavenCli.java:584)
> 	at org.apache.maven.cli.MavenCli.doMain(MavenCli.java:216)
> 	at org.apache.maven.cli.MavenCli.main(MavenCli.java:160)
> 	at sun.reflect.NativeMethodAccessorImpl.invoke0(Native Method)
> 	at sun.reflect.NativeMethodAccessorImpl.invoke(NativeMethodAccessorImpl.java:57)
> 	at sun.reflect.DelegatingMethodAccessorImpl.invoke(DelegatingMethodAccessorImpl.java:43)
> 	at java.lang.reflect.Method.invoke(Method.java:606)
> 	at org.codehaus.plexus.classworlds.launcher.Launcher.launchEnhanced(Launcher.java:289)
> 	at org.codehaus.plexus.classworlds.launcher.Launcher.launch(Launcher.java:229)
> 	at org.codehaus.plexus.classworlds.launcher.Launcher.mainWithExitCode(Launcher.java:415)
> 	at org.codehaus.plexus.classworlds.launcher.Launcher.main(Launcher.java:356)
> BundleIsLoadableIntegrationTestCase.getJarURL() file:/home/travis/.m2/repository/com/google/inject/guice/4.0/guice-4.0.jar
> DEBUG: FRAGMENT WIRE: [5.0] osgi.wiring.host; (&(osgi.wiring.host=com.google.inject)(bundle-version>=0.0.0)) -> [6.0]
> DEBUG: WIRE: [6.0] osgi.wiring.package; (&(osgi.wiring.package=com.google.common.base)(version>=16.0.0)) -> [3.0]
> DEBUG: WIRE: [6.0] osgi.wiring.package; (&(osgi.wiring.package=com.google.common.cache)(version>=16.0.0)) -> [3.0]
> DEBUG: WIRE: [6.0] osgi.wiring.package; (&(osgi.wiring.package=com.google.common.collect)(version>=16.0.0)) -> [3.0]
> DEBUG: WIRE: [6.0] osgi.wiring.package; (osgi.wiring.package=javax.inject) -> [1.0]
> DEBUG: WIRE: [6.0] osgi.wiring.package; (osgi.wiring.package=org.aopalliance.intercept) -> [2.0]
> DEBUG: WIRE: [5.0] osgi.wiring.package; (&(osgi.wiring.package=com.google.common.base)(version>=16.0.0)) -> [3.0]
> DEBUG: WIRE: [5.0] osgi.wiring.package; (&(osgi.wiring.package=com.google.common.collect)(version>=16.0.0)) -> [3.0]
> DEBUG: WIRE: [5.0] osgi.wiring.package; (osgi.wiring.package=javax.inject) -> [1.0]
> DEBUG: WIRE: [4.0] osgi.wiring.package; (&(osgi.wiring.package=com.google.common.base)(version>=16.0.0)) -> [3.0]
> DEBUG: WIRE: [4.0] osgi.wiring.package; (&(osgi.wiring.package=com.google.common.collect)(version>=16.0.0)) -> [3.0]
> DEBUG: WIRE: [4.0] osgi.wiring.package; (&(osgi.wiring.package=com.google.common.primitives)(version>=16.0.0)) -> [3.0]
> DEBUG: WIRE: [4.0] osgi.wiring.package; (osgi.wiring.package=javax.inject) -> [1.0]
> DEBUG: WIRE: [6.0] osgi.ee; (&(osgi.ee=JavaSE)(version=1.6.0)) -> [0]
> DEBUG: WIRE: [5.0] osgi.ee; (&(osgi.ee=JavaSE)(version=1.6.0)) -> [0]
> DEBUG: WIRE: [4.0] osgi.ee; (&(osgi.ee=JavaSE)(version=1.6.0)) -> [0]
> DEBUG: FRAGMENT WIRE: [4.0] osgi.wiring.host; (&(osgi.wiring.host=com.google.inject)(bundle-version>=0.0.0)) -> [6.0]
> BundleIsLoadableIntegrationTestCase.getJarURL() file:/home/travis/.m2/repository/org/apache/servicemix/bundles/org.apache.servicemix.bundles.aopalliance/1.0_6/org.apache.servicemix.bundles.aopalliance-1.0_6.jar
> BundleIsLoadableIntegrationTestCase.getJarURL() file:/home/travis/.m2/repository/commons-io/commons-io/2.4/commons-io-2.4.jar
> BundleIsLoadableIntegrationTestCase.getJarURL() file:/home/travis/.m2/repository/commons-codec/commons-codec/1.9/commons-codec-1.9.jar
> BundleIsLoadableIntegrationTestCase.getJarURL() file:/home/travis/.m2/repository/org/slf4j/slf4j-simple/1.7.10/slf4j-simple-1.7.10.jar
> org.osgi.framework.BundleException: Fragment bundles can not be started.
> 	at org.apache.felix.framework.Felix.startBundle(Felix.java:1981)
> 	at org.apache.felix.framework.BundleImpl.start(BundleImpl.java:977)
> 	at org.apache.felix.framework.BundleImpl.start(BundleImpl.java:964)
> 	at org.semanticweb.owlapi.BundleIsLoadableIntegrationTestCase.startBundle(BundleIsLoadableIntegrationTestCase.java:79)
> 	at sun.reflect.NativeMethodAccessorImpl.invoke0(Native Method)
> 	at sun.reflect.NativeMethodAccessorImpl.invoke(NativeMethodAccessorImpl.java:57)
> 	at sun.reflect.DelegatingMethodAccessorImpl.invoke(DelegatingMethodAccessorImpl.java:43)
> 	at java.lang.reflect.Method.invoke(Method.java:606)
> 	at org.junit.runners.model.FrameworkMethod$1.runReflectiveCall(FrameworkMethod.java:50)
> 	at org.junit.internal.runners.model.ReflectiveCallable.run(ReflectiveCallable.java:12)
> 	at org.junit.runners.model.FrameworkMethod.invokeExplosively(FrameworkMethod.java:47)
> 	at org.junit.internal.runners.statements.InvokeMethod.evaluate(InvokeMethod.java:17)
> 	at org.junit.runners.ParentRunner.runLeaf(ParentRunner.java:325)
> 	at org.junit.runners.BlockJUnit4ClassRunner.runChild(BlockJUnit4ClassRunner.java:78)
> 	at org.junit.runners.BlockJUnit4ClassRunner.runChild(BlockJUnit4ClassRunner.java:57)
> 	at org.junit.runners.ParentRunner$3.run(ParentRunner.java:290)
> 	at org.junit.runners.ParentRunner$1.schedule(ParentRunner.java:71)
> 	at org.junit.runners.ParentRunner.runChildren(ParentRunner.java:288)
> 	at org.junit.runners.ParentRunner.access$000(ParentRunner.java:58)
> 	at org.junit.runners.ParentRunner$2.evaluate(ParentRunner.java:268)
> 	at org.junit.runners.ParentRunner.run(ParentRunner.java:363)
> 	at org.junit.runners.Suite.runChild(Suite.java:128)
> 	at org.junit.runners.Suite.runChild(Suite.java:27)
> 	at org.junit.runners.ParentRunner$3.run(ParentRunner.java:290)
> 	at org.junit.runners.ParentRunner$1.schedule(ParentRunner.java:71)
> 	at org.junit.runners.ParentRunner.runChildren(ParentRunner.java:288)
> 	at org.junit.runners.ParentRunner.access$000(ParentRunner.java:58)
> 	at org.junit.runners.ParentRunner$2.evaluate(ParentRunner.java:268)
> 	at org.junit.runners.ParentRunner.run(ParentRunner.java:363)
> 	at org.junit.runner.JUnitCore.run(JUnitCore.java:137)
> 	at org.junit.runner.JUnitCore.run(JUnitCore.java:115)
> 	at org.apache.maven.surefire.junitcore.JUnitCoreWrapper.createRequestAndRun(JUnitCoreWrapper.java:108)
> 	at org.apache.maven.surefire.junitcore.JUnitCoreWrapper.executeEager(JUnitCoreWrapper.java:78)
> 	at org.apache.maven.surefire.junitcore.JUnitCoreWrapper.execute(JUnitCoreWrapper.java:54)
> 	at org.apache.maven.surefire.junitcore.JUnitCoreProvider.invoke(JUnitCoreProvider.java:144)
> 	at sun.reflect.NativeMethodAccessorImpl.invoke0(Native Method)
> 	at sun.reflect.NativeMethodAccessorImpl.invoke(NativeMethodAccessorImpl.java:57)
> 	at sun.reflect.DelegatingMethodAccessorImpl.invoke(DelegatingMethodAccessorImpl.java:43)
> 	at java.lang.reflect.Method.invoke(Method.java:606)
> 	at org.apache.maven.surefire.util.ReflectionUtils.invokeMethodWithArray2(ReflectionUtils.java:208)
> 	at org.apache.maven.surefire.booter.ProviderFactory$ProviderProxy.invoke(ProviderFactory.java:155)
> 	at org.apache.maven.surefire.booter.ProviderFactory.invokeProvider(ProviderFactory.java:81)
> 	at org.apache.maven.plugin.surefire.InPluginVMSurefireStarter.runSuitesInProcess(InPluginVMSurefireStarter.java:82)
> 	at org.apache.maven.plugin.surefire.AbstractSurefireMojo.executeProvider(AbstractSurefireMojo.java:974)
> 	at org.apache.maven.plugin.surefire.AbstractSurefireMojo.executeAfterPreconditionsChecked(AbstractSurefireMojo.java:824)
> 	at org.apache.maven.plugin.surefire.AbstractSurefireMojo.execute(AbstractSurefireMojo.java:722)
> 	at org.apache.maven.plugin.DefaultBuildPluginManager.executeMojo(DefaultBuildPluginManager.java:132)
> 	at org.apache.maven.lifecycle.internal.MojoExecutor.execute(MojoExecutor.java:208)
> 	at org.apache.maven.lifecycle.internal.MojoExecutor.execute(MojoExecutor.java:153)
> 	at org.apache.maven.lifecycle.internal.MojoExecutor.execute(MojoExecutor.java:145)
> 	at org.apache.maven.lifecycle.internal.LifecycleModuleBuilder.buildProject(LifecycleModuleBuilder.java:116)
> 	at org.apache.maven.lifecycle.internal.LifecycleModuleBuilder.buildProject(LifecycleModuleBuilder.java:80)
> 	at org.apache.maven.lifecycle.internal.builder.singlethreaded.SingleThreadedBuilder.build(SingleThreadedBuilder.java:51)
> 	at org.apache.maven.lifecycle.internal.LifecycleStarter.execute(LifecycleStarter.java:120)
> 	at org.apache.maven.DefaultMaven.doExecute(DefaultMaven.java:355)
> 	at org.apache.maven.DefaultMaven.execute(DefaultMaven.java:155)
> 	at org.apache.maven.cli.MavenCli.execute(MavenCli.java:584)
> 	at org.apache.maven.cli.MavenCli.doMain(MavenCli.java:216)
> 	at org.apache.maven.cli.MavenCli.main(MavenCli.java:160)
> 	at sun.reflect.NativeMethodAccessorImpl.invoke0(Native Method)
> 	at sun.reflect.NativeMethodAccessorImpl.invoke(NativeMethodAccessorImpl.java:57)
> 	at sun.reflect.DelegatingMethodAccessorImpl.invoke(DelegatingMethodAccessorImpl.java:43)
> 	at java.lang.reflect.Method.invoke(Method.java:606)
> 	at org.codehaus.plexus.classworlds.launcher.Launcher.launchEnhanced(Launcher.java:289)
> 	at org.codehaus.plexus.classworlds.launcher.Launcher.launch(Launcher.java:229)
> 	at org.codehaus.plexus.classworlds.launcher.Launcher.mainWithExitCode(Launcher.java:415)
> 	at org.codehaus.plexus.classworlds.launcher.Launcher.main(Launcher.java:356)
> BundleIsLoadableIntegrationTestCase.getJarURL() file:/home/travis/.m2/repository/org/slf4j/jcl-over-slf4j/1.7.7/jcl-over-slf4j-1.7.7.jar
> org.osgi.framework.BundleException: Unresolved constraint in bundle jcl.over.slf4j [10]: Unable to resolve 10.0: missing requirement [10.0] osgi.wiring.package; (&(osgi.wiring.package=org.slf4j)(version>=1.7.7))
> 	at org.apache.felix.framework.Felix.resolveBundleRevision(Felix.java:4097)
> 	at org.apache.felix.framework.Felix.startBundle(Felix.java:2114)
> 	at org.apache.felix.framework.BundleImpl.start(BundleImpl.java:977)
> 	at org.apache.felix.framework.BundleImpl.start(BundleImpl.java:964)
> 	at org.semanticweb.owlapi.BundleIsLoadableIntegrationTestCase.startBundle(BundleIsLoadableIntegrationTestCase.java:79)
> 	at sun.reflect.NativeMethodAccessorImpl.invoke0(Native Method)
> 	at sun.reflect.NativeMethodAccessorImpl.invoke(NativeMethodAccessorImpl.java:57)
> 	at sun.reflect.DelegatingMethodAccessorImpl.invoke(DelegatingMethodAccessorImpl.java:43)
> 	at java.lang.reflect.Method.invoke(Method.java:606)
> 	at org.junit.runners.model.FrameworkMethod$1.runReflectiveCall(FrameworkMethod.java:50)
> 	at org.junit.internal.runners.model.ReflectiveCallable.run(ReflectiveCallable.java:12)
> 	at org.junit.runners.model.FrameworkMethod.invokeExplosively(FrameworkMethod.java:47)
> 	at org.junit.internal.runners.statements.InvokeMethod.evaluate(InvokeMethod.java:17)
> 	at org.junit.runners.ParentRunner.runLeaf(ParentRunner.java:325)
> 	at org.junit.runners.BlockJUnit4ClassRunner.runChild(BlockJUnit4ClassRunner.java:78)
> 	at org.junit.runners.BlockJUnit4ClassRunner.runChild(BlockJUnit4ClassRunner.java:57)
> 	at org.junit.runners.ParentRunner$3.run(ParentRunner.java:290)
> 	at org.junit.runners.ParentRunner$1.schedule(ParentRunner.java:71)
> 	at org.junit.runners.ParentRunner.runChildren(ParentRunner.java:288)
> 	at org.junit.runners.ParentRunner.access$000(ParentRunner.java:58)
> 	at org.junit.runners.ParentRunner$2.evaluate(ParentRunner.java:268)
> 	at org.junit.runners.ParentRunner.run(ParentRunner.java:363)
> 	at org.junit.runners.Suite.runChild(Suite.java:128)
> 	at org.junit.runners.Suite.runChild(Suite.java:27)
> 	at org.junit.runners.ParentRunner$3.run(ParentRunner.java:290)
> 	at org.junit.runners.ParentRunner$1.schedule(ParentRunner.java:71)
> 	at org.junit.runners.ParentRunner.runChildren(ParentRunner.java:288)
> 	at org.junit.runners.ParentRunner.access$000(ParentRunner.java:58)
> 	at org.junit.runners.ParentRunner$2.evaluate(ParentRunner.java:268)
> 	at org.junit.runners.ParentRunner.run(ParentRunner.java:363)
> 	at org.junit.runner.JUnitCore.run(JUnitCore.java:137)
> 	at org.junit.runner.JUnitCore.run(JUnitCore.java:115)
> 	at org.apache.maven.surefire.junitcore.JUnitCoreWrapper.createRequestAndRun(JUnitCoreWrapper.java:108)
> 	at org.apache.maven.surefire.junitcore.JUnitCoreWrapper.executeEager(JUnitCoreWrapper.java:78)
> 	at org.apache.maven.surefire.junitcore.JUnitCoreWrapper.execute(JUnitCoreWrapper.java:54)
> 	at org.apache.maven.surefire.junitcore.JUnitCoreProvider.invoke(JUnitCoreProvider.java:144)
> 	at sun.reflect.NativeMethodAccessorImpl.invoke0(Native Method)
> 	at sun.reflect.NativeMethodAccessorImpl.invoke(NativeMethodAccessorImpl.java:57)
> 	at sun.reflect.DelegatingMethodAccessorImpl.invoke(DelegatingMethodAccessorImpl.java:43)
> 	at java.lang.reflect.Method.invoke(Method.java:606)
> 	at org.apache.maven.surefire.util.ReflectionUtils.invokeMethodWithArray2(ReflectionUtils.java:208)
> 	at org.apache.maven.surefire.booter.ProviderFactory$ProviderProxy.invoke(ProviderFactory.java:155)
> 	at org.apache.maven.surefire.booter.ProviderFactory.invokeProvider(ProviderFactory.java:81)
> 	at org.apache.maven.plugin.surefire.InPluginVMSurefireStarter.runSuitesInProcess(InPluginVMSurefireStarter.java:82)
> 	at org.apache.maven.plugin.surefire.AbstractSurefireMojo.executeProvider(AbstractSurefireMojo.java:974)
> 	at org.apache.maven.plugin.surefire.AbstractSurefireMojo.executeAfterPreconditionsChecked(AbstractSurefireMojo.java:824)
> 	at org.apache.maven.plugin.surefire.AbstractSurefireMojo.execute(AbstractSurefireMojo.java:722)
> 	at org.apache.maven.plugin.DefaultBuildPluginManager.executeMojo(DefaultBuildPluginManager.java:132)
> 	at org.apache.maven.lifecycle.internal.MojoExecutor.execute(MojoExecutor.java:208)
> 	at org.apache.maven.lifecycle.internal.MojoExecutor.execute(MojoExecutor.java:153)
> 	at org.apache.maven.lifecycle.internal.MojoExecutor.execute(MojoExecutor.java:145)
> 	at org.apache.maven.lifecycle.internal.LifecycleModuleBuilder.buildProject(LifecycleModuleBuilder.java:116)
> 	at org.apache.maven.lifecycle.internal.LifecycleModuleBuilder.buildProject(LifecycleModuleBuilder.java:80)
> 	at org.apache.maven.lifecycle.internal.builder.singlethreaded.SingleThreadedBuilder.build(SingleThreadedBuilder.java:51)
> 	at org.apache.maven.lifecycle.internal.LifecycleStarter.execute(LifecycleStarter.java:120)
> 	at org.apache.maven.DefaultMaven.doExecute(DefaultMaven.java:355)
> 	at org.apache.maven.DefaultMaven.execute(DefaultMaven.java:155)
> 	at org.apache.maven.cli.MavenCli.execute(MavenCli.java:584)
> 	at org.apache.maven.cli.MavenCli.doMain(MavenCli.java:216)
> 	at org.apache.maven.cli.MavenCli.main(MavenCli.java:160)
> 	at sun.reflect.NativeMethodAccessorImpl.invoke0(Native Method)
> 	at sun.reflect.NativeMethodAccessorImpl.invoke(NativeMethodAccessorImpl.java:57)
> 	at sun.reflect.DelegatingMethodAccessorImpl.invoke(DelegatingMethodAccessorImpl.java:43)
> 	at java.lang.reflect.Method.invoke(Method.java:606)
> 	at org.codehaus.plexus.classworlds.launcher.Launcher.launchEnhanced(Launcher.java:289)
> 	at org.codehaus.plexus.classworlds.launcher.Launcher.launch(Launcher.java:229)
> 	at org.codehaus.plexus.classworlds.launcher.Launcher.mainWithExitCode(Launcher.java:415)
> 	at org.codehaus.plexus.classworlds.launcher.Launcher.main(Launcher.java:356)
> BundleIsLoadableIntegrationTestCase.getJarURL() file:/home/travis/.m2/repository/org/slf4j/slf4j-api/1.7.10/slf4j-api-1.7.10.jar
> DEBUG: FRAGMENT WIRE: [9.0] osgi.wiring.host; (&(osgi.wiring.host=slf4j.api)(bundle-version>=0.0.0)) -> [11.0]
> DEBUG: WIRE: [11.0] osgi.ee; (&(osgi.ee=JavaSE)(version=1.3.0)) -> [0]
> DEBUG: WIRE: [9.0] osgi.ee; (&(osgi.ee=JavaSE)(version=1.3.0)) -> [0]
> DEBUG: WIRE: [12.0] osgi.wiring.package; (&(osgi.wiring.package=com.google.common.base)(version>=18.0.0)(!(version>=19.0.0))) -> [3.0]
> DEBUG: WIRE: [12.0] osgi.wiring.package; (&(osgi.wiring.package=com.google.common.cache)(version>=18.0.0)(!(version>=19.0.0))) -> [3.0]
> DEBUG: WIRE: [12.0] osgi.wiring.package; (&(osgi.wiring.package=com.google.common.collect)(version>=18.0.0)(!(version>=19.0.0))) -> [3.0]
> DEBUG: WIRE: [12.0] osgi.wiring.package; (&(osgi.wiring.package=com.google.common.io)(version>=18.0.0)(!(version>=19.0.0))) -> [3.0]
> DEBUG: WIRE: [12.0] osgi.wiring.package; (&(osgi.wiring.package=com.google.common.util.concurrent)(version>=18.0.0)(!(version>=19.0.0))) -> [3.0]
> DEBUG: WIRE: [12.0] osgi.wiring.package; (&(osgi.wiring.package=com.google.inject)(version>=1.4.0)(!(version>=2.0.0))) -> [6.0]
> DEBUG: WIRE: [12.0] osgi.wiring.package; (&(osgi.wiring.package=com.google.inject.assistedinject)(version>=1.4.0)(!(version>=2.0.0))) -> [6.0]
> DEBUG: WIRE: [12.0] osgi.wiring.package; (&(osgi.wiring.package=com.google.inject.binder)(version>=1.4.0)(!(version>=2.0.0))) -> [6.0]
> DEBUG: WIRE: [12.0] osgi.wiring.package; (&(osgi.wiring.package=com.google.inject.multibindings)(version>=1.4.0)(!(version>=2.0.0))) -> [6.0]
> DEBUG: WIRE: [12.0] osgi.wiring.package; (osgi.wiring.package=javax.annotation) -> [0]
> DEBUG: WIRE: [12.0] osgi.wiring.package; (osgi.wiring.package=javax.crypto) -> [0]
> DEBUG: WIRE: [12.0] osgi.wiring.package; (osgi.wiring.package=javax.crypto.spec) -> [0]
> DEBUG: WIRE: [12.0] osgi.wiring.package; (osgi.wiring.package=javax.imageio) -> [0]
> DEBUG: WIRE: [12.0] osgi.wiring.package; (&(osgi.wiring.package=javax.inject)(version>=1.0.0)(!(version>=2.0.0))) -> [1.0]
> DEBUG: WIRE: [12.0] osgi.wiring.package; (osgi.wiring.package=javax.naming) -> [0]
> DEBUG: WIRE: [12.0] osgi.wiring.package; (osgi.wiring.package=javax.naming.directory) -> [0]
> DEBUG: WIRE: [12.0] osgi.wiring.package; (osgi.wiring.package=javax.naming.ldap) -> [0]
> DEBUG: WIRE: [12.0] osgi.wiring.package; (osgi.wiring.package=javax.net) -> [0]
> DEBUG: WIRE: [12.0] osgi.wiring.package; (osgi.wiring.package=javax.net.ssl) -> [0]
> DEBUG: WIRE: [12.0] osgi.wiring.package; (osgi.wiring.package=javax.security.auth.x500) -> [0]
> DEBUG: WIRE: [12.0] osgi.wiring.package; (osgi.wiring.package=javax.swing) -> [0]
> DEBUG: WIRE: [12.0] osgi.wiring.package; (osgi.wiring.package=javax.xml.bind) -> [0]
> DEBUG: WIRE: [12.0] osgi.wiring.package; (osgi.wiring.package=javax.xml.bind.annotation.adapters) -> [0]
> DEBUG: WIRE: [12.0] osgi.wiring.package; (osgi.wiring.package=javax.xml.datatype) -> [0]
> DEBUG: WIRE: [12.0] osgi.wiring.package; (osgi.wiring.package=javax.xml.namespace) -> [0]
> DEBUG: WIRE: [12.0] osgi.wiring.package; (osgi.wiring.package=javax.xml.parsers) -> [0]
> DEBUG: WIRE: [12.0] osgi.wiring.package; (osgi.wiring.package=javax.xml.transform.sax) -> [0]
> DEBUG: WIRE: [12.0] osgi.wiring.package; (osgi.wiring.package=javax.xml.validation) -> [0]
> DEBUG: WIRE: [12.0] osgi.wiring.package; (osgi.wiring.package=org.ietf.jgss) -> [0]
> DEBUG: WIRE: [12.0] osgi.wiring.package; (&(osgi.wiring.package=org.slf4j)(version>=1.7.0)(!(version>=2.0.0))) -> [11.0]
> DEBUG: WIRE: [12.0] osgi.wiring.package; (osgi.wiring.package=org.w3c.dom) -> [0]
> DEBUG: WIRE: [12.0] osgi.wiring.package; (osgi.wiring.package=org.w3c.dom.bootstrap) -> [0]
> DEBUG: WIRE: [12.0] osgi.wiring.package; (osgi.wiring.package=org.w3c.dom.ls) -> [0]
> DEBUG: WIRE: [12.0] osgi.wiring.package; (osgi.wiring.package=org.xml.sax) -> [0]
> DEBUG: WIRE: [12.0] osgi.wiring.package; (osgi.wiring.package=org.xml.sax.ext) -> [0]
> DEBUG: WIRE: [12.0] osgi.wiring.package; (osgi.wiring.package=org.xml.sax.helpers) -> [0]
> DEBUG: WIRE: [12.0] osgi.ee; (&(osgi.ee=JavaSE)(version=1.7)) -> [0]
> Tests run: 1, Failures: 0, Errors: 0, Skipped: 0, Time elapsed: 0.664 sec - in org.semanticweb.owlapi.BundleIsLoadableIntegrationTestCase
> Running org.semanticweb.owlapi.io.LoadXZOntologyViaHTTPIntegrationTestCase
> [main] INFO org.semanticweb.owlapi.io.AbstractOWLParser - URL connection has no content encoding but name ends with .xz
> [main] INFO org.semanticweb.owlapi.io.AbstractOWLParser - URL connection has no content encoding but name ends with .xz
> Tests run: 1, Failures: 0, Errors: 0, Skipped: 0, Time elapsed: 1.22 sec - in org.semanticweb.owlapi.io.LoadXZOntologyViaHTTPIntegrationTestCase
1647c2365
< [31;1mThe command "eval mvn install -DskipTests=true -Dmaven.javadoc.skip=true -B -V" failed 3 times.[0m
---
> Results :
1648a2367,2396
> Tests run: 3, Failures: 0, Errors: 0, Skipped: 0
> 
> [WARNING] File encoding has not been set, using platform encoding UTF-8, i.e. build is platform dependent! The file encoding for reports output files should be provided by the POM property ${project.reporting.outputEncoding}.
> [INFO] 
> [INFO] --- maven-failsafe-plugin:2.18.1:verify (default) @ owlapi-osgidistribution ---
> [INFO] Failsafe report directory: /home/travis/build/owlcs/owlapi/osgidistribution/target/failsafe-reports
> [WARNING] File encoding has not been set, using platform encoding UTF-8, i.e. build is platform dependent! The file encoding for reports output files should be provided by the POM property ${project.reporting.outputEncoding}.
> [INFO] ------------------------------------------------------------------------
> [INFO] Reactor Summary:
> [INFO] 
> [INFO] OWLAPI ............................................. SUCCESS [  3.017 s]
> [INFO] OWLAPI Model Interfaces and utilities .............. SUCCESS [  5.786 s]
> [INFO] OWLAPI Default Implementation ...................... SUCCESS [  4.373 s]
> [INFO] tools .............................................. SUCCESS [  1.521 s]
> [INFO] parsers ............................................ SUCCESS [  1.676 s]
> [INFO] oboformat parser ................................... SUCCESS [  1.038 s]
> [INFO] OWLAPITOOLS OWL profile and fixers ................. SUCCESS [  1.457 s]
> [INFO] OWLAPI :: Sesame Rio module ........................ SUCCESS [  0.840 s]
> [INFO] OWLAPI Binding and Config .......................... SUCCESS [  1.155 s]
> [INFO] compatibility ...................................... SUCCESS [  3.580 s]
> [INFO] tests and tutorials ................................ SUCCESS [ 53.275 s]
> [INFO] OWLAPI Distribution ................................ SUCCESS [  9.121 s]
> [INFO] OWLAPI OSGi and Compatibility Distribution ......... SUCCESS [ 10.003 s]
> [INFO] ------------------------------------------------------------------------
> [INFO] BUILD SUCCESS
> [INFO] ------------------------------------------------------------------------
> [INFO] Total time: 01:39 min
> [INFO] Finished at: 2016-01-28T08:13:36+00:00
> [INFO] Final Memory: 52M/460M
> [INFO] ------------------------------------------------------------------------
1650,1651c2398,2419
< travis_time:end:157bb494:start=1453967684991810299,finish=1453967787693794261,duration=102701983962[0K
< [31;1mThe command "mvn install -DskipTests=true -Dmaven.javadoc.skip=true -B -V" failed and exited with 1 during .[0m
---
> travis_time:end:34e709e3:start=1453968715461359018,finish=1453968817065299682,duration=101603940664[0K
> [32;1mThe command "mvn verify" exited with 0.[0m
> travis_fold:start:cache.2[0Kstore build cache
> travis_time:start:0bce6c4c[0K
> travis_time:end:0bce6c4c:start=1453968817069788507,finish=1453968817073504080,duration=3715573[0Ktravis_time:start:07c15140[0K[32;1mchange detected:
> /home/travis/.m2/repository/net/sourceforge/owlapi/owlapi-api/4.1.4-SNAPSHOT/maven-metadata-local.xml
> /home/travis/.m2/repository/net/sourceforge/owlapi/owlapi-api/4.1.4-SNAPSHOT/owlapi-api-4.1.4-SNAPSHOT.jar
> /home/travis/.m2/repository/net/sourceforge/owlapi/owlapi-api/4.1.4-SNAPSHOT/owlapi-api-4.1.4-SNAPSHOT-sources.jar
> /home/travis/.m2/repository/net/sourceforge/owlapi/owlapi-api/4.1.4-SNAPSHOT/_remote.repositories
> /home/travis/.m2/repository/net/sourceforge/owlapi/owlapi-apibinding/4.1.4-SNAPSHOT/maven-metadata-local.xml
> /home/travis/.m2/repository/net/sourceforge/owlapi/owlapi-apibinding/4.1.4-SNAPSHOT/owlapi-apibinding-4.1.4-SNAPSHOT.jar
> /home/travis/.m2/repository/net/sourceforge/owlapi/owlapi-apibinding/4.1.4-SNAPSHOT/owlapi-apibinding-4.1.4-SNAPSHOT-sources.jar
> /home/travis/.m2/repository/net/sourceforge/owlapi/owlapi-apibinding/4.1.4-SNAPSHOT/_remote.repositories
> /home/travis/.m2/repository/net/sourceforge/owlapi/owlapi-apibinding/maven-metadata-local.xml
> /home/travis/.m2/repo
> [0m
> [32;1m...
> [0m
> [32;1mchanges detected, packing new archive[0m
> .
> .
> [32;1muploading archive[0m
1653c2421,2422
< Your build has been stopped.
---
> travis_time:end:07c15140:start=1453968817077439672,finish=1453968845064341193,duration=27986901521[0Ktravis_fold:end:cache.2[0K
> Done. Your build exited with 0.
